<<<<<<< HEAD
[2021-02-09 08:11:48] production.ERROR: syntax error, unexpected end of file, expecting elseif (T_ELSEIF) or else (T_ELSE) or endif (T_ENDIF) (View: /home/v2.tradepander.com/public_html/core/resources/views/user/downlines.blade.php) {"userId":119,"exception":"[object] (ErrorException(code: 0): syntax error, unexpected end of file, expecting elseif (T_ELSEIF) or else (T_ELSE) or endif (T_ENDIF) (View: /home/v2.tradepander.com/public_html/core/resources/views/user/downlines.blade.php) at /home/v2.tradepander.com/public_html/core/storage/framework/views/8a95d05e47296ec5d10bd55be130d683f890b399.php:105)
[stacktrace]
#0 /home/v2.tradepander.com/public_html/core/vendor/laravel/framework/src/Illuminate/View/Engines/PhpEngine.php(47): Illuminate\\View\\Engines\\CompilerEngine->handleViewException()
#1 /home/v2.tradepander.com/public_html/core/vendor/laravel/framework/src/Illuminate/View/Engines/CompilerEngine.php(59): Illuminate\\View\\Engines\\PhpEngine->evaluatePath()
#2 /home/v2.tradepander.com/public_html/core/vendor/laravel/framework/src/Illuminate/View/View.php(143): Illuminate\\View\\Engines\\CompilerEngine->get()
#3 /home/v2.tradepander.com/public_html/core/vendor/laravel/framework/src/Illuminate/View/View.php(126): Illuminate\\View\\View->getContents()
#4 /home/v2.tradepander.com/public_html/core/vendor/laravel/framework/src/Illuminate/View/View.php(91): Illuminate\\View\\View->renderContents()
#5 /home/v2.tradepander.com/public_html/core/vendor/laravel/framework/src/Illuminate/Http/Response.php(42): Illuminate\\View\\View->render()
#6 /home/v2.tradepander.com/public_html/core/vendor/symfony/http-foundation/Response.php(205): Illuminate\\Http\\Response->setContent()
#7 /home/v2.tradepander.com/public_html/core/vendor/laravel/framework/src/Illuminate/Routing/Router.php(749): Symfony\\Component\\HttpFoundation\\Response->__construct()
#8 /home/v2.tradepander.com/public_html/core/vendor/laravel/framework/src/Illuminate/Routing/Router.php(721): Illuminate\\Routing\\Router::toResponse()
#9 /home/v2.tradepander.com/public_html/core/vendor/laravel/framework/src/Illuminate/Routing/Router.php(681): Illuminate\\Routing\\Router->prepareResponse()
#10 /home/v2.tradepander.com/public_html/core/vendor/laravel/framework/src/Illuminate/Pipeline/Pipeline.php(130): Illuminate\\Routing\\Router->Illuminate\\Routing\\{closure}()
#11 /home/v2.tradepander.com/public_html/core/vendor/laravel/framework/src/Illuminate/Routing/Middleware/SubstituteBindings.php(41): Illuminate\\Pipeline\\Pipeline->Illuminate\\Pipeline\\{closure}()
#12 /home/v2.tradepander.com/public_html/core/vendor/laravel/framework/src/Illuminate/Pipeline/Pipeline.php(171): Illuminate\\Routing\\Middleware\\SubstituteBindings->handle()
#13 /home/v2.tradepander.com/public_html/core/vendor/laravel/framework/src/Illuminate/Auth/Middleware/Authenticate.php(43): Illuminate\\Pipeline\\Pipeline->Illuminate\\Pipeline\\{closure}()
#14 /home/v2.tradepander.com/public_html/core/vendor/laravel/framework/src/Illuminate/Pipeline/Pipeline.php(171): Illuminate\\Auth\\Middleware\\Authenticate->handle()
#15 /home/v2.tradepander.com/public_html/core/vendor/laravel/framework/src/Illuminate/View/Middleware/ShareErrorsFromSession.php(49): Illuminate\\Pipeline\\Pipeline->Illuminate\\Pipeline\\{closure}()
#16 /home/v2.tradepander.com/public_html/core/vendor/laravel/framework/src/Illuminate/Pipeline/Pipeline.php(171): Illuminate\\View\\Middleware\\ShareErrorsFromSession->handle()
#17 /home/v2.tradepander.com/public_html/core/vendor/laravel/framework/src/Illuminate/Session/Middleware/StartSession.php(56): Illuminate\\Pipeline\\Pipeline->Illuminate\\Pipeline\\{closure}()
#18 /home/v2.tradepander.com/public_html/core/vendor/laravel/framework/src/Illuminate/Pipeline/Pipeline.php(171): Illuminate\\Session\\Middleware\\StartSession->handle()
#19 /home/v2.tradepander.com/public_html/core/vendor/laravel/framework/src/Illuminate/Cookie/Middleware/AddQueuedCookiesToResponse.php(37): Illuminate\\Pipeline\\Pipeline->Illuminate\\Pipeline\\{closure}()
#20 /home/v2.tradepander.com/public_html/core/vendor/laravel/framework/src/Illuminate/Pipeline/Pipeline.php(171): Illuminate\\Cookie\\Middleware\\AddQueuedCookiesToResponse->handle()
#21 /home/v2.tradepander.com/public_html/core/vendor/laravel/framework/src/Illuminate/Cookie/Middleware/EncryptCookies.php(67): Illuminate\\Pipeline\\Pipeline->Illuminate\\Pipeline\\{closure}()
#22 /home/v2.tradepander.com/public_html/core/vendor/laravel/framework/src/Illuminate/Pipeline/Pipeline.php(171): Illuminate\\Cookie\\Middleware\\EncryptCookies->handle()
#23 /home/v2.tradepander.com/public_html/core/vendor/laravel/framework/src/Illuminate/Pipeline/Pipeline.php(105): Illuminate\\Pipeline\\Pipeline->Illuminate\\Pipeline\\{closure}()
#24 /home/v2.tradepander.com/public_html/core/vendor/laravel/framework/src/Illuminate/Routing/Router.php(683): Illuminate\\Pipeline\\Pipeline->then()
#25 /home/v2.tradepander.com/public_html/core/vendor/laravel/framework/src/Illuminate/Routing/Router.php(658): Illuminate\\Routing\\Router->runRouteWithinStack()
#26 /home/v2.tradepander.com/public_html/core/vendor/laravel/framework/src/Illuminate/Routing/Router.php(624): Illuminate\\Routing\\Router->runRoute()
#27 /home/v2.tradepander.com/public_html/core/vendor/laravel/framework/src/Illuminate/Routing/Router.php(613): Illuminate\\Routing\\Router->dispatchToRoute()
#28 /home/v2.tradepander.com/public_html/core/vendor/laravel/framework/src/Illuminate/Foundation/Http/Kernel.php(170): Illuminate\\Routing\\Router->dispatch()
#29 /home/v2.tradepander.com/public_html/core/vendor/laravel/framework/src/Illuminate/Pipeline/Pipeline.php(130): Illuminate\\Foundation\\Http\\Kernel->Illuminate\\Foundation\\Http\\{closure}()
#30 /home/v2.tradepander.com/public_html/core/vendor/fideloper/proxy/src/TrustProxies.php(57): Illuminate\\Pipeline\\Pipeline->Illuminate\\Pipeline\\{closure}()
#31 /home/v2.tradepander.com/public_html/core/vendor/laravel/framework/src/Illuminate/Pipeline/Pipeline.php(171): Fideloper\\Proxy\\TrustProxies->handle()
#32 /home/v2.tradepander.com/public_html/core/vendor/laravel/framework/src/Illuminate/Foundation/Http/Middleware/TransformsRequest.php(21): Illuminate\\Pipeline\\Pipeline->Illuminate\\Pipeline\\{closure}()
#33 /home/v2.tradepander.com/public_html/core/vendor/laravel/framework/src/Illuminate/Pipeline/Pipeline.php(171): Illuminate\\Foundation\\Http\\Middleware\\TransformsRequest->handle()
#34 /home/v2.tradepander.com/public_html/core/vendor/laravel/framework/src/Illuminate/Foundation/Http/Middleware/TransformsRequest.php(21): Illuminate\\Pipeline\\Pipeline->Illuminate\\Pipeline\\{closure}()
#35 /home/v2.tradepander.com/public_html/core/vendor/laravel/framework/src/Illuminate/Pipeline/Pipeline.php(171): Illuminate\\Foundation\\Http\\Middleware\\TransformsRequest->handle()
#36 /home/v2.tradepander.com/public_html/core/vendor/laravel/framework/src/Illuminate/Foundation/Http/Middleware/ValidatePostSize.php(27): Illuminate\\Pipeline\\Pipeline->Illuminate\\Pipeline\\{closure}()
#37 /home/v2.tradepander.com/public_html/core/vendor/laravel/framework/src/Illuminate/Pipeline/Pipeline.php(171): Illuminate\\Foundation\\Http\\Middleware\\ValidatePostSize->handle()
#38 /home/v2.tradepander.com/public_html/core/vendor/laravel/framework/src/Illuminate/Foundation/Http/Middleware/CheckForMaintenanceMode.php(63): Illuminate\\Pipeline\\Pipeline->Illuminate\\Pipeline\\{closure}()
#39 /home/v2.tradepander.com/public_html/core/vendor/laravel/framework/src/Illuminate/Pipeline/Pipeline.php(171): Illuminate\\Foundation\\Http\\Middleware\\CheckForMaintenanceMode->handle()
#40 /home/v2.tradepander.com/public_html/core/vendor/laravel/framework/src/Illuminate/Pipeline/Pipeline.php(105): Illuminate\\Pipeline\\Pipeline->Illuminate\\Pipeline\\{closure}()
#41 /home/v2.tradepander.com/public_html/core/vendor/laravel/framework/src/Illuminate/Foundation/Http/Kernel.php(145): Illuminate\\Pipeline\\Pipeline->then()
#42 /home/v2.tradepander.com/public_html/core/vendor/laravel/framework/src/Illuminate/Foundation/Http/Kernel.php(110): Illuminate\\Foundation\\Http\\Kernel->sendRequestThroughRouter()
#43 /home/v2.tradepander.com/public_html/index.php(55): Illuminate\\Foundation\\Http\\Kernel->handle()
#44 {main}

[previous exception] [object] (Symfony\\Component\\Debug\\Exception\\FatalThrowableError(code: 0): syntax error, unexpected end of file, expecting elseif (T_ELSEIF) or else (T_ELSE) or endif (T_ENDIF) at /home/v2.tradepander.com/public_html/core/storage/framework/views/8a95d05e47296ec5d10bd55be130d683f890b399.php:105)
[stacktrace]
#0 /home/v2.tradepander.com/public_html/core/vendor/laravel/framework/src/Illuminate/View/Engines/CompilerEngine.php(59): Illuminate\\View\\Engines\\PhpEngine->evaluatePath()
#1 /home/v2.tradepander.com/public_html/core/vendor/laravel/framework/src/Illuminate/View/View.php(143): Illuminate\\View\\Engines\\CompilerEngine->get()
#2 /home/v2.tradepander.com/public_html/core/vendor/laravel/framework/src/Illuminate/View/View.php(126): Illuminate\\View\\View->getContents()
#3 /home/v2.tradepander.com/public_html/core/vendor/laravel/framework/src/Illuminate/View/View.php(91): Illuminate\\View\\View->renderContents()
#4 /home/v2.tradepander.com/public_html/core/vendor/laravel/framework/src/Illuminate/Http/Response.php(42): Illuminate\\View\\View->render()
#5 /home/v2.tradepander.com/public_html/core/vendor/symfony/http-foundation/Response.php(205): Illuminate\\Http\\Response->setContent()
#6 /home/v2.tradepander.com/public_html/core/vendor/laravel/framework/src/Illuminate/Routing/Router.php(749): Symfony\\Component\\HttpFoundation\\Response->__construct()
#7 /home/v2.tradepander.com/public_html/core/vendor/laravel/framework/src/Illuminate/Routing/Router.php(721): Illuminate\\Routing\\Router::toResponse()
#8 /home/v2.tradepander.com/public_html/core/vendor/laravel/framework/src/Illuminate/Routing/Router.php(681): Illuminate\\Routing\\Router->prepareResponse()
#9 /home/v2.tradepander.com/public_html/core/vendor/laravel/framework/src/Illuminate/Pipeline/Pipeline.php(130): Illuminate\\Routing\\Router->Illuminate\\Routing\\{closure}()
#10 /home/v2.tradepander.com/public_html/core/vendor/laravel/framework/src/Illuminate/Routing/Middleware/SubstituteBindings.php(41): Illuminate\\Pipeline\\Pipeline->Illuminate\\Pipeline\\{closure}()
#11 /home/v2.tradepander.com/public_html/core/vendor/laravel/framework/src/Illuminate/Pipeline/Pipeline.php(171): Illuminate\\Routing\\Middleware\\SubstituteBindings->handle()
#12 /home/v2.tradepander.com/public_html/core/vendor/laravel/framework/src/Illuminate/Auth/Middleware/Authenticate.php(43): Illuminate\\Pipeline\\Pipeline->Illuminate\\Pipeline\\{closure}()
#13 /home/v2.tradepander.com/public_html/core/vendor/laravel/framework/src/Illuminate/Pipeline/Pipeline.php(171): Illuminate\\Auth\\Middleware\\Authenticate->handle()
#14 /home/v2.tradepander.com/public_html/core/vendor/laravel/framework/src/Illuminate/View/Middleware/ShareErrorsFromSession.php(49): Illuminate\\Pipeline\\Pipeline->Illuminate\\Pipeline\\{closure}()
#15 /home/v2.tradepander.com/public_html/core/vendor/laravel/framework/src/Illuminate/Pipeline/Pipeline.php(171): Illuminate\\View\\Middleware\\ShareErrorsFromSession->handle()
#16 /home/v2.tradepander.com/public_html/core/vendor/laravel/framework/src/Illuminate/Session/Middleware/StartSession.php(56): Illuminate\\Pipeline\\Pipeline->Illuminate\\Pipeline\\{closure}()
#17 /home/v2.tradepander.com/public_html/core/vendor/laravel/framework/src/Illuminate/Pipeline/Pipeline.php(171): Illuminate\\Session\\Middleware\\StartSession->handle()
#18 /home/v2.tradepander.com/public_html/core/vendor/laravel/framework/src/Illuminate/Cookie/Middleware/AddQueuedCookiesToResponse.php(37): Illuminate\\Pipeline\\Pipeline->Illuminate\\Pipeline\\{closure}()
#19 /home/v2.tradepander.com/public_html/core/vendor/laravel/framework/src/Illuminate/Pipeline/Pipeline.php(171): Illuminate\\Cookie\\Middleware\\AddQueuedCookiesToResponse->handle()
#20 /home/v2.tradepander.com/public_html/core/vendor/laravel/framework/src/Illuminate/Cookie/Middleware/EncryptCookies.php(67): Illuminate\\Pipeline\\Pipeline->Illuminate\\Pipeline\\{closure}()
#21 /home/v2.tradepander.com/public_html/core/vendor/laravel/framework/src/Illuminate/Pipeline/Pipeline.php(171): Illuminate\\Cookie\\Middleware\\EncryptCookies->handle()
#22 /home/v2.tradepander.com/public_html/core/vendor/laravel/framework/src/Illuminate/Pipeline/Pipeline.php(105): Illuminate\\Pipeline\\Pipeline->Illuminate\\Pipeline\\{closure}()
#23 /home/v2.tradepander.com/public_html/core/vendor/laravel/framework/src/Illuminate/Routing/Router.php(683): Illuminate\\Pipeline\\Pipeline->then()
#24 /home/v2.tradepander.com/public_html/core/vendor/laravel/framework/src/Illuminate/Routing/Router.php(658): Illuminate\\Routing\\Router->runRouteWithinStack()
#25 /home/v2.tradepander.com/public_html/core/vendor/laravel/framework/src/Illuminate/Routing/Router.php(624): Illuminate\\Routing\\Router->runRoute()
#26 /home/v2.tradepander.com/public_html/core/vendor/laravel/framework/src/Illuminate/Routing/Router.php(613): Illuminate\\Routing\\Router->dispatchToRoute()
#27 /home/v2.tradepander.com/public_html/core/vendor/laravel/framework/src/Illuminate/Foundation/Http/Kernel.php(170): Illuminate\\Routing\\Router->dispatch()
#28 /home/v2.tradepander.com/public_html/core/vendor/laravel/framework/src/Illuminate/Pipeline/Pipeline.php(130): Illuminate\\Foundation\\Http\\Kernel->Illuminate\\Foundation\\Http\\{closure}()
#29 /home/v2.tradepander.com/public_html/core/vendor/fideloper/proxy/src/TrustProxies.php(57): Illuminate\\Pipeline\\Pipeline->Illuminate\\Pipeline\\{closure}()
#30 /home/v2.tradepander.com/public_html/core/vendor/laravel/framework/src/Illuminate/Pipeline/Pipeline.php(171): Fideloper\\Proxy\\TrustProxies->handle()
#31 /home/v2.tradepander.com/public_html/core/vendor/laravel/framework/src/Illuminate/Foundation/Http/Middleware/TransformsRequest.php(21): Illuminate\\Pipeline\\Pipeline->Illuminate\\Pipeline\\{closure}()
#32 /home/v2.tradepander.com/public_html/core/vendor/laravel/framework/src/Illuminate/Pipeline/Pipeline.php(171): Illuminate\\Foundation\\Http\\Middleware\\TransformsRequest->handle()
#33 /home/v2.tradepander.com/public_html/core/vendor/laravel/framework/src/Illuminate/Foundation/Http/Middleware/TransformsRequest.php(21): Illuminate\\Pipeline\\Pipeline->Illuminate\\Pipeline\\{closure}()
#34 /home/v2.tradepander.com/public_html/core/vendor/laravel/framework/src/Illuminate/Pipeline/Pipeline.php(171): Illuminate\\Foundation\\Http\\Middleware\\TransformsRequest->handle()
#35 /home/v2.tradepander.com/public_html/core/vendor/laravel/framework/src/Illuminate/Foundation/Http/Middleware/ValidatePostSize.php(27): Illuminate\\Pipeline\\Pipeline->Illuminate\\Pipeline\\{closure}()
#36 /home/v2.tradepander.com/public_html/core/vendor/laravel/framework/src/Illuminate/Pipeline/Pipeline.php(171): Illuminate\\Foundation\\Http\\Middleware\\ValidatePostSize->handle()
#37 /home/v2.tradepander.com/public_html/core/vendor/laravel/framework/src/Illuminate/Foundation/Http/Middleware/CheckForMaintenanceMode.php(63): Illuminate\\Pipeline\\Pipeline->Illuminate\\Pipeline\\{closure}()
#38 /home/v2.tradepander.com/public_html/core/vendor/laravel/framework/src/Illuminate/Pipeline/Pipeline.php(171): Illuminate\\Foundation\\Http\\Middleware\\CheckForMaintenanceMode->handle()
#39 /home/v2.tradepander.com/public_html/core/vendor/laravel/framework/src/Illuminate/Pipeline/Pipeline.php(105): Illuminate\\Pipeline\\Pipeline->Illuminate\\Pipeline\\{closure}()
#40 /home/v2.tradepander.com/public_html/core/vendor/laravel/framework/src/Illuminate/Foundation/Http/Kernel.php(145): Illuminate\\Pipeline\\Pipeline->then()
#41 /home/v2.tradepander.com/public_html/core/vendor/laravel/framework/src/Illuminate/Foundation/Http/Kernel.php(110): Illuminate\\Foundation\\Http\\Kernel->sendRequestThroughRouter()
#42 /home/v2.tradepander.com/public_html/index.php(55): Illuminate\\Foundation\\Http\\Kernel->handle()
#43 {main}
"} 
[2021-02-09 08:14:40] production.ERROR: syntax error, unexpected end of file, expecting elseif (T_ELSEIF) or else (T_ELSE) or endif (T_ENDIF) (View: /home/v2.tradepander.com/public_html/core/resources/views/user/downlines.blade.php) {"userId":119,"exception":"[object] (ErrorException(code: 0): syntax error, unexpected end of file, expecting elseif (T_ELSEIF) or else (T_ELSE) or endif (T_ENDIF) (View: /home/v2.tradepander.com/public_html/core/resources/views/user/downlines.blade.php) at /home/v2.tradepander.com/public_html/core/storage/framework/views/8a95d05e47296ec5d10bd55be130d683f890b399.php:106)
[stacktrace]
#0 /home/v2.tradepander.com/public_html/core/vendor/laravel/framework/src/Illuminate/View/Engines/PhpEngine.php(47): Illuminate\\View\\Engines\\CompilerEngine->handleViewException()
#1 /home/v2.tradepander.com/public_html/core/vendor/laravel/framework/src/Illuminate/View/Engines/CompilerEngine.php(59): Illuminate\\View\\Engines\\PhpEngine->evaluatePath()
#2 /home/v2.tradepander.com/public_html/core/vendor/laravel/framework/src/Illuminate/View/View.php(143): Illuminate\\View\\Engines\\CompilerEngine->get()
#3 /home/v2.tradepander.com/public_html/core/vendor/laravel/framework/src/Illuminate/View/View.php(126): Illuminate\\View\\View->getContents()
#4 /home/v2.tradepander.com/public_html/core/vendor/laravel/framework/src/Illuminate/View/View.php(91): Illuminate\\View\\View->renderContents()
#5 /home/v2.tradepander.com/public_html/core/vendor/laravel/framework/src/Illuminate/Http/Response.php(42): Illuminate\\View\\View->render()
#6 /home/v2.tradepander.com/public_html/core/vendor/symfony/http-foundation/Response.php(205): Illuminate\\Http\\Response->setContent()
#7 /home/v2.tradepander.com/public_html/core/vendor/laravel/framework/src/Illuminate/Routing/Router.php(749): Symfony\\Component\\HttpFoundation\\Response->__construct()
#8 /home/v2.tradepander.com/public_html/core/vendor/laravel/framework/src/Illuminate/Routing/Router.php(721): Illuminate\\Routing\\Router::toResponse()
#9 /home/v2.tradepander.com/public_html/core/vendor/laravel/framework/src/Illuminate/Routing/Router.php(681): Illuminate\\Routing\\Router->prepareResponse()
#10 /home/v2.tradepander.com/public_html/core/vendor/laravel/framework/src/Illuminate/Pipeline/Pipeline.php(130): Illuminate\\Routing\\Router->Illuminate\\Routing\\{closure}()
#11 /home/v2.tradepander.com/public_html/core/vendor/laravel/framework/src/Illuminate/Routing/Middleware/SubstituteBindings.php(41): Illuminate\\Pipeline\\Pipeline->Illuminate\\Pipeline\\{closure}()
#12 /home/v2.tradepander.com/public_html/core/vendor/laravel/framework/src/Illuminate/Pipeline/Pipeline.php(171): Illuminate\\Routing\\Middleware\\SubstituteBindings->handle()
#13 /home/v2.tradepander.com/public_html/core/vendor/laravel/framework/src/Illuminate/Auth/Middleware/Authenticate.php(43): Illuminate\\Pipeline\\Pipeline->Illuminate\\Pipeline\\{closure}()
#14 /home/v2.tradepander.com/public_html/core/vendor/laravel/framework/src/Illuminate/Pipeline/Pipeline.php(171): Illuminate\\Auth\\Middleware\\Authenticate->handle()
#15 /home/v2.tradepander.com/public_html/core/vendor/laravel/framework/src/Illuminate/View/Middleware/ShareErrorsFromSession.php(49): Illuminate\\Pipeline\\Pipeline->Illuminate\\Pipeline\\{closure}()
#16 /home/v2.tradepander.com/public_html/core/vendor/laravel/framework/src/Illuminate/Pipeline/Pipeline.php(171): Illuminate\\View\\Middleware\\ShareErrorsFromSession->handle()
#17 /home/v2.tradepander.com/public_html/core/vendor/laravel/framework/src/Illuminate/Session/Middleware/StartSession.php(56): Illuminate\\Pipeline\\Pipeline->Illuminate\\Pipeline\\{closure}()
#18 /home/v2.tradepander.com/public_html/core/vendor/laravel/framework/src/Illuminate/Pipeline/Pipeline.php(171): Illuminate\\Session\\Middleware\\StartSession->handle()
#19 /home/v2.tradepander.com/public_html/core/vendor/laravel/framework/src/Illuminate/Cookie/Middleware/AddQueuedCookiesToResponse.php(37): Illuminate\\Pipeline\\Pipeline->Illuminate\\Pipeline\\{closure}()
#20 /home/v2.tradepander.com/public_html/core/vendor/laravel/framework/src/Illuminate/Pipeline/Pipeline.php(171): Illuminate\\Cookie\\Middleware\\AddQueuedCookiesToResponse->handle()
#21 /home/v2.tradepander.com/public_html/core/vendor/laravel/framework/src/Illuminate/Cookie/Middleware/EncryptCookies.php(67): Illuminate\\Pipeline\\Pipeline->Illuminate\\Pipeline\\{closure}()
#22 /home/v2.tradepander.com/public_html/core/vendor/laravel/framework/src/Illuminate/Pipeline/Pipeline.php(171): Illuminate\\Cookie\\Middleware\\EncryptCookies->handle()
#23 /home/v2.tradepander.com/public_html/core/vendor/laravel/framework/src/Illuminate/Pipeline/Pipeline.php(105): Illuminate\\Pipeline\\Pipeline->Illuminate\\Pipeline\\{closure}()
#24 /home/v2.tradepander.com/public_html/core/vendor/laravel/framework/src/Illuminate/Routing/Router.php(683): Illuminate\\Pipeline\\Pipeline->then()
#25 /home/v2.tradepander.com/public_html/core/vendor/laravel/framework/src/Illuminate/Routing/Router.php(658): Illuminate\\Routing\\Router->runRouteWithinStack()
#26 /home/v2.tradepander.com/public_html/core/vendor/laravel/framework/src/Illuminate/Routing/Router.php(624): Illuminate\\Routing\\Router->runRoute()
#27 /home/v2.tradepander.com/public_html/core/vendor/laravel/framework/src/Illuminate/Routing/Router.php(613): Illuminate\\Routing\\Router->dispatchToRoute()
#28 /home/v2.tradepander.com/public_html/core/vendor/laravel/framework/src/Illuminate/Foundation/Http/Kernel.php(170): Illuminate\\Routing\\Router->dispatch()
#29 /home/v2.tradepander.com/public_html/core/vendor/laravel/framework/src/Illuminate/Pipeline/Pipeline.php(130): Illuminate\\Foundation\\Http\\Kernel->Illuminate\\Foundation\\Http\\{closure}()
#30 /home/v2.tradepander.com/public_html/core/vendor/fideloper/proxy/src/TrustProxies.php(57): Illuminate\\Pipeline\\Pipeline->Illuminate\\Pipeline\\{closure}()
#31 /home/v2.tradepander.com/public_html/core/vendor/laravel/framework/src/Illuminate/Pipeline/Pipeline.php(171): Fideloper\\Proxy\\TrustProxies->handle()
#32 /home/v2.tradepander.com/public_html/core/vendor/laravel/framework/src/Illuminate/Foundation/Http/Middleware/TransformsRequest.php(21): Illuminate\\Pipeline\\Pipeline->Illuminate\\Pipeline\\{closure}()
#33 /home/v2.tradepander.com/public_html/core/vendor/laravel/framework/src/Illuminate/Pipeline/Pipeline.php(171): Illuminate\\Foundation\\Http\\Middleware\\TransformsRequest->handle()
#34 /home/v2.tradepander.com/public_html/core/vendor/laravel/framework/src/Illuminate/Foundation/Http/Middleware/TransformsRequest.php(21): Illuminate\\Pipeline\\Pipeline->Illuminate\\Pipeline\\{closure}()
#35 /home/v2.tradepander.com/public_html/core/vendor/laravel/framework/src/Illuminate/Pipeline/Pipeline.php(171): Illuminate\\Foundation\\Http\\Middleware\\TransformsRequest->handle()
#36 /home/v2.tradepander.com/public_html/core/vendor/laravel/framework/src/Illuminate/Foundation/Http/Middleware/ValidatePostSize.php(27): Illuminate\\Pipeline\\Pipeline->Illuminate\\Pipeline\\{closure}()
#37 /home/v2.tradepander.com/public_html/core/vendor/laravel/framework/src/Illuminate/Pipeline/Pipeline.php(171): Illuminate\\Foundation\\Http\\Middleware\\ValidatePostSize->handle()
#38 /home/v2.tradepander.com/public_html/core/vendor/laravel/framework/src/Illuminate/Foundation/Http/Middleware/CheckForMaintenanceMode.php(63): Illuminate\\Pipeline\\Pipeline->Illuminate\\Pipeline\\{closure}()
#39 /home/v2.tradepander.com/public_html/core/vendor/laravel/framework/src/Illuminate/Pipeline/Pipeline.php(171): Illuminate\\Foundation\\Http\\Middleware\\CheckForMaintenanceMode->handle()
#40 /home/v2.tradepander.com/public_html/core/vendor/laravel/framework/src/Illuminate/Pipeline/Pipeline.php(105): Illuminate\\Pipeline\\Pipeline->Illuminate\\Pipeline\\{closure}()
#41 /home/v2.tradepander.com/public_html/core/vendor/laravel/framework/src/Illuminate/Foundation/Http/Kernel.php(145): Illuminate\\Pipeline\\Pipeline->then()
#42 /home/v2.tradepander.com/public_html/core/vendor/laravel/framework/src/Illuminate/Foundation/Http/Kernel.php(110): Illuminate\\Foundation\\Http\\Kernel->sendRequestThroughRouter()
#43 /home/v2.tradepander.com/public_html/index.php(55): Illuminate\\Foundation\\Http\\Kernel->handle()
#44 {main}

[previous exception] [object] (Symfony\\Component\\Debug\\Exception\\FatalThrowableError(code: 0): syntax error, unexpected end of file, expecting elseif (T_ELSEIF) or else (T_ELSE) or endif (T_ENDIF) at /home/v2.tradepander.com/public_html/core/storage/framework/views/8a95d05e47296ec5d10bd55be130d683f890b399.php:106)
[stacktrace]
#0 /home/v2.tradepander.com/public_html/core/vendor/laravel/framework/src/Illuminate/View/Engines/CompilerEngine.php(59): Illuminate\\View\\Engines\\PhpEngine->evaluatePath()
#1 /home/v2.tradepander.com/public_html/core/vendor/laravel/framework/src/Illuminate/View/View.php(143): Illuminate\\View\\Engines\\CompilerEngine->get()
#2 /home/v2.tradepander.com/public_html/core/vendor/laravel/framework/src/Illuminate/View/View.php(126): Illuminate\\View\\View->getContents()
#3 /home/v2.tradepander.com/public_html/core/vendor/laravel/framework/src/Illuminate/View/View.php(91): Illuminate\\View\\View->renderContents()
#4 /home/v2.tradepander.com/public_html/core/vendor/laravel/framework/src/Illuminate/Http/Response.php(42): Illuminate\\View\\View->render()
#5 /home/v2.tradepander.com/public_html/core/vendor/symfony/http-foundation/Response.php(205): Illuminate\\Http\\Response->setContent()
#6 /home/v2.tradepander.com/public_html/core/vendor/laravel/framework/src/Illuminate/Routing/Router.php(749): Symfony\\Component\\HttpFoundation\\Response->__construct()
#7 /home/v2.tradepander.com/public_html/core/vendor/laravel/framework/src/Illuminate/Routing/Router.php(721): Illuminate\\Routing\\Router::toResponse()
#8 /home/v2.tradepander.com/public_html/core/vendor/laravel/framework/src/Illuminate/Routing/Router.php(681): Illuminate\\Routing\\Router->prepareResponse()
#9 /home/v2.tradepander.com/public_html/core/vendor/laravel/framework/src/Illuminate/Pipeline/Pipeline.php(130): Illuminate\\Routing\\Router->Illuminate\\Routing\\{closure}()
#10 /home/v2.tradepander.com/public_html/core/vendor/laravel/framework/src/Illuminate/Routing/Middleware/SubstituteBindings.php(41): Illuminate\\Pipeline\\Pipeline->Illuminate\\Pipeline\\{closure}()
#11 /home/v2.tradepander.com/public_html/core/vendor/laravel/framework/src/Illuminate/Pipeline/Pipeline.php(171): Illuminate\\Routing\\Middleware\\SubstituteBindings->handle()
#12 /home/v2.tradepander.com/public_html/core/vendor/laravel/framework/src/Illuminate/Auth/Middleware/Authenticate.php(43): Illuminate\\Pipeline\\Pipeline->Illuminate\\Pipeline\\{closure}()
#13 /home/v2.tradepander.com/public_html/core/vendor/laravel/framework/src/Illuminate/Pipeline/Pipeline.php(171): Illuminate\\Auth\\Middleware\\Authenticate->handle()
#14 /home/v2.tradepander.com/public_html/core/vendor/laravel/framework/src/Illuminate/View/Middleware/ShareErrorsFromSession.php(49): Illuminate\\Pipeline\\Pipeline->Illuminate\\Pipeline\\{closure}()
#15 /home/v2.tradepander.com/public_html/core/vendor/laravel/framework/src/Illuminate/Pipeline/Pipeline.php(171): Illuminate\\View\\Middleware\\ShareErrorsFromSession->handle()
#16 /home/v2.tradepander.com/public_html/core/vendor/laravel/framework/src/Illuminate/Session/Middleware/StartSession.php(56): Illuminate\\Pipeline\\Pipeline->Illuminate\\Pipeline\\{closure}()
#17 /home/v2.tradepander.com/public_html/core/vendor/laravel/framework/src/Illuminate/Pipeline/Pipeline.php(171): Illuminate\\Session\\Middleware\\StartSession->handle()
#18 /home/v2.tradepander.com/public_html/core/vendor/laravel/framework/src/Illuminate/Cookie/Middleware/AddQueuedCookiesToResponse.php(37): Illuminate\\Pipeline\\Pipeline->Illuminate\\Pipeline\\{closure}()
#19 /home/v2.tradepander.com/public_html/core/vendor/laravel/framework/src/Illuminate/Pipeline/Pipeline.php(171): Illuminate\\Cookie\\Middleware\\AddQueuedCookiesToResponse->handle()
#20 /home/v2.tradepander.com/public_html/core/vendor/laravel/framework/src/Illuminate/Cookie/Middleware/EncryptCookies.php(67): Illuminate\\Pipeline\\Pipeline->Illuminate\\Pipeline\\{closure}()
#21 /home/v2.tradepander.com/public_html/core/vendor/laravel/framework/src/Illuminate/Pipeline/Pipeline.php(171): Illuminate\\Cookie\\Middleware\\EncryptCookies->handle()
#22 /home/v2.tradepander.com/public_html/core/vendor/laravel/framework/src/Illuminate/Pipeline/Pipeline.php(105): Illuminate\\Pipeline\\Pipeline->Illuminate\\Pipeline\\{closure}()
#23 /home/v2.tradepander.com/public_html/core/vendor/laravel/framework/src/Illuminate/Routing/Router.php(683): Illuminate\\Pipeline\\Pipeline->then()
#24 /home/v2.tradepander.com/public_html/core/vendor/laravel/framework/src/Illuminate/Routing/Router.php(658): Illuminate\\Routing\\Router->runRouteWithinStack()
#25 /home/v2.tradepander.com/public_html/core/vendor/laravel/framework/src/Illuminate/Routing/Router.php(624): Illuminate\\Routing\\Router->runRoute()
#26 /home/v2.tradepander.com/public_html/core/vendor/laravel/framework/src/Illuminate/Routing/Router.php(613): Illuminate\\Routing\\Router->dispatchToRoute()
#27 /home/v2.tradepander.com/public_html/core/vendor/laravel/framework/src/Illuminate/Foundation/Http/Kernel.php(170): Illuminate\\Routing\\Router->dispatch()
#28 /home/v2.tradepander.com/public_html/core/vendor/laravel/framework/src/Illuminate/Pipeline/Pipeline.php(130): Illuminate\\Foundation\\Http\\Kernel->Illuminate\\Foundation\\Http\\{closure}()
#29 /home/v2.tradepander.com/public_html/core/vendor/fideloper/proxy/src/TrustProxies.php(57): Illuminate\\Pipeline\\Pipeline->Illuminate\\Pipeline\\{closure}()
#30 /home/v2.tradepander.com/public_html/core/vendor/laravel/framework/src/Illuminate/Pipeline/Pipeline.php(171): Fideloper\\Proxy\\TrustProxies->handle()
#31 /home/v2.tradepander.com/public_html/core/vendor/laravel/framework/src/Illuminate/Foundation/Http/Middleware/TransformsRequest.php(21): Illuminate\\Pipeline\\Pipeline->Illuminate\\Pipeline\\{closure}()
#32 /home/v2.tradepander.com/public_html/core/vendor/laravel/framework/src/Illuminate/Pipeline/Pipeline.php(171): Illuminate\\Foundation\\Http\\Middleware\\TransformsRequest->handle()
#33 /home/v2.tradepander.com/public_html/core/vendor/laravel/framework/src/Illuminate/Foundation/Http/Middleware/TransformsRequest.php(21): Illuminate\\Pipeline\\Pipeline->Illuminate\\Pipeline\\{closure}()
#34 /home/v2.tradepander.com/public_html/core/vendor/laravel/framework/src/Illuminate/Pipeline/Pipeline.php(171): Illuminate\\Foundation\\Http\\Middleware\\TransformsRequest->handle()
#35 /home/v2.tradepander.com/public_html/core/vendor/laravel/framework/src/Illuminate/Foundation/Http/Middleware/ValidatePostSize.php(27): Illuminate\\Pipeline\\Pipeline->Illuminate\\Pipeline\\{closure}()
#36 /home/v2.tradepander.com/public_html/core/vendor/laravel/framework/src/Illuminate/Pipeline/Pipeline.php(171): Illuminate\\Foundation\\Http\\Middleware\\ValidatePostSize->handle()
#37 /home/v2.tradepander.com/public_html/core/vendor/laravel/framework/src/Illuminate/Foundation/Http/Middleware/CheckForMaintenanceMode.php(63): Illuminate\\Pipeline\\Pipeline->Illuminate\\Pipeline\\{closure}()
#38 /home/v2.tradepander.com/public_html/core/vendor/laravel/framework/src/Illuminate/Pipeline/Pipeline.php(171): Illuminate\\Foundation\\Http\\Middleware\\CheckForMaintenanceMode->handle()
#39 /home/v2.tradepander.com/public_html/core/vendor/laravel/framework/src/Illuminate/Pipeline/Pipeline.php(105): Illuminate\\Pipeline\\Pipeline->Illuminate\\Pipeline\\{closure}()
#40 /home/v2.tradepander.com/public_html/core/vendor/laravel/framework/src/Illuminate/Foundation/Http/Kernel.php(145): Illuminate\\Pipeline\\Pipeline->then()
#41 /home/v2.tradepander.com/public_html/core/vendor/laravel/framework/src/Illuminate/Foundation/Http/Kernel.php(110): Illuminate\\Foundation\\Http\\Kernel->sendRequestThroughRouter()
#42 /home/v2.tradepander.com/public_html/index.php(55): Illuminate\\Foundation\\Http\\Kernel->handle()
#43 {main}
"} 
[2021-02-09 08:19:43] production.ERROR: syntax error, unexpected end of file, expecting elseif (T_ELSEIF) or else (T_ELSE) or endif (T_ENDIF) (View: /home/v2.tradepander.com/public_html/core/resources/views/user/downlines.blade.php) {"userId":119,"exception":"[object] (ErrorException(code: 0): syntax error, unexpected end of file, expecting elseif (T_ELSEIF) or else (T_ELSE) or endif (T_ENDIF) (View: /home/v2.tradepander.com/public_html/core/resources/views/user/downlines.blade.php) at /home/v2.tradepander.com/public_html/core/storage/framework/views/8a95d05e47296ec5d10bd55be130d683f890b399.php:106)
[stacktrace]
#0 /home/v2.tradepander.com/public_html/core/vendor/laravel/framework/src/Illuminate/View/Engines/PhpEngine.php(47): Illuminate\\View\\Engines\\CompilerEngine->handleViewException()
#1 /home/v2.tradepander.com/public_html/core/vendor/laravel/framework/src/Illuminate/View/Engines/CompilerEngine.php(59): Illuminate\\View\\Engines\\PhpEngine->evaluatePath()
#2 /home/v2.tradepander.com/public_html/core/vendor/laravel/framework/src/Illuminate/View/View.php(143): Illuminate\\View\\Engines\\CompilerEngine->get()
#3 /home/v2.tradepander.com/public_html/core/vendor/laravel/framework/src/Illuminate/View/View.php(126): Illuminate\\View\\View->getContents()
#4 /home/v2.tradepander.com/public_html/core/vendor/laravel/framework/src/Illuminate/View/View.php(91): Illuminate\\View\\View->renderContents()
#5 /home/v2.tradepander.com/public_html/core/vendor/laravel/framework/src/Illuminate/Http/Response.php(42): Illuminate\\View\\View->render()
#6 /home/v2.tradepander.com/public_html/core/vendor/symfony/http-foundation/Response.php(205): Illuminate\\Http\\Response->setContent()
#7 /home/v2.tradepander.com/public_html/core/vendor/laravel/framework/src/Illuminate/Routing/Router.php(749): Symfony\\Component\\HttpFoundation\\Response->__construct()
#8 /home/v2.tradepander.com/public_html/core/vendor/laravel/framework/src/Illuminate/Routing/Router.php(721): Illuminate\\Routing\\Router::toResponse()
#9 /home/v2.tradepander.com/public_html/core/vendor/laravel/framework/src/Illuminate/Routing/Router.php(681): Illuminate\\Routing\\Router->prepareResponse()
#10 /home/v2.tradepander.com/public_html/core/vendor/laravel/framework/src/Illuminate/Pipeline/Pipeline.php(130): Illuminate\\Routing\\Router->Illuminate\\Routing\\{closure}()
#11 /home/v2.tradepander.com/public_html/core/vendor/laravel/framework/src/Illuminate/Routing/Middleware/SubstituteBindings.php(41): Illuminate\\Pipeline\\Pipeline->Illuminate\\Pipeline\\{closure}()
#12 /home/v2.tradepander.com/public_html/core/vendor/laravel/framework/src/Illuminate/Pipeline/Pipeline.php(171): Illuminate\\Routing\\Middleware\\SubstituteBindings->handle()
#13 /home/v2.tradepander.com/public_html/core/vendor/laravel/framework/src/Illuminate/Auth/Middleware/Authenticate.php(43): Illuminate\\Pipeline\\Pipeline->Illuminate\\Pipeline\\{closure}()
#14 /home/v2.tradepander.com/public_html/core/vendor/laravel/framework/src/Illuminate/Pipeline/Pipeline.php(171): Illuminate\\Auth\\Middleware\\Authenticate->handle()
#15 /home/v2.tradepander.com/public_html/core/vendor/laravel/framework/src/Illuminate/View/Middleware/ShareErrorsFromSession.php(49): Illuminate\\Pipeline\\Pipeline->Illuminate\\Pipeline\\{closure}()
#16 /home/v2.tradepander.com/public_html/core/vendor/laravel/framework/src/Illuminate/Pipeline/Pipeline.php(171): Illuminate\\View\\Middleware\\ShareErrorsFromSession->handle()
#17 /home/v2.tradepander.com/public_html/core/vendor/laravel/framework/src/Illuminate/Session/Middleware/StartSession.php(56): Illuminate\\Pipeline\\Pipeline->Illuminate\\Pipeline\\{closure}()
#18 /home/v2.tradepander.com/public_html/core/vendor/laravel/framework/src/Illuminate/Pipeline/Pipeline.php(171): Illuminate\\Session\\Middleware\\StartSession->handle()
#19 /home/v2.tradepander.com/public_html/core/vendor/laravel/framework/src/Illuminate/Cookie/Middleware/AddQueuedCookiesToResponse.php(37): Illuminate\\Pipeline\\Pipeline->Illuminate\\Pipeline\\{closure}()
#20 /home/v2.tradepander.com/public_html/core/vendor/laravel/framework/src/Illuminate/Pipeline/Pipeline.php(171): Illuminate\\Cookie\\Middleware\\AddQueuedCookiesToResponse->handle()
#21 /home/v2.tradepander.com/public_html/core/vendor/laravel/framework/src/Illuminate/Cookie/Middleware/EncryptCookies.php(67): Illuminate\\Pipeline\\Pipeline->Illuminate\\Pipeline\\{closure}()
#22 /home/v2.tradepander.com/public_html/core/vendor/laravel/framework/src/Illuminate/Pipeline/Pipeline.php(171): Illuminate\\Cookie\\Middleware\\EncryptCookies->handle()
#23 /home/v2.tradepander.com/public_html/core/vendor/laravel/framework/src/Illuminate/Pipeline/Pipeline.php(105): Illuminate\\Pipeline\\Pipeline->Illuminate\\Pipeline\\{closure}()
#24 /home/v2.tradepander.com/public_html/core/vendor/laravel/framework/src/Illuminate/Routing/Router.php(683): Illuminate\\Pipeline\\Pipeline->then()
#25 /home/v2.tradepander.com/public_html/core/vendor/laravel/framework/src/Illuminate/Routing/Router.php(658): Illuminate\\Routing\\Router->runRouteWithinStack()
#26 /home/v2.tradepander.com/public_html/core/vendor/laravel/framework/src/Illuminate/Routing/Router.php(624): Illuminate\\Routing\\Router->runRoute()
#27 /home/v2.tradepander.com/public_html/core/vendor/laravel/framework/src/Illuminate/Routing/Router.php(613): Illuminate\\Routing\\Router->dispatchToRoute()
#28 /home/v2.tradepander.com/public_html/core/vendor/laravel/framework/src/Illuminate/Foundation/Http/Kernel.php(170): Illuminate\\Routing\\Router->dispatch()
#29 /home/v2.tradepander.com/public_html/core/vendor/laravel/framework/src/Illuminate/Pipeline/Pipeline.php(130): Illuminate\\Foundation\\Http\\Kernel->Illuminate\\Foundation\\Http\\{closure}()
#30 /home/v2.tradepander.com/public_html/core/vendor/fideloper/proxy/src/TrustProxies.php(57): Illuminate\\Pipeline\\Pipeline->Illuminate\\Pipeline\\{closure}()
#31 /home/v2.tradepander.com/public_html/core/vendor/laravel/framework/src/Illuminate/Pipeline/Pipeline.php(171): Fideloper\\Proxy\\TrustProxies->handle()
#32 /home/v2.tradepander.com/public_html/core/vendor/laravel/framework/src/Illuminate/Foundation/Http/Middleware/TransformsRequest.php(21): Illuminate\\Pipeline\\Pipeline->Illuminate\\Pipeline\\{closure}()
#33 /home/v2.tradepander.com/public_html/core/vendor/laravel/framework/src/Illuminate/Pipeline/Pipeline.php(171): Illuminate\\Foundation\\Http\\Middleware\\TransformsRequest->handle()
#34 /home/v2.tradepander.com/public_html/core/vendor/laravel/framework/src/Illuminate/Foundation/Http/Middleware/TransformsRequest.php(21): Illuminate\\Pipeline\\Pipeline->Illuminate\\Pipeline\\{closure}()
#35 /home/v2.tradepander.com/public_html/core/vendor/laravel/framework/src/Illuminate/Pipeline/Pipeline.php(171): Illuminate\\Foundation\\Http\\Middleware\\TransformsRequest->handle()
#36 /home/v2.tradepander.com/public_html/core/vendor/laravel/framework/src/Illuminate/Foundation/Http/Middleware/ValidatePostSize.php(27): Illuminate\\Pipeline\\Pipeline->Illuminate\\Pipeline\\{closure}()
#37 /home/v2.tradepander.com/public_html/core/vendor/laravel/framework/src/Illuminate/Pipeline/Pipeline.php(171): Illuminate\\Foundation\\Http\\Middleware\\ValidatePostSize->handle()
#38 /home/v2.tradepander.com/public_html/core/vendor/laravel/framework/src/Illuminate/Foundation/Http/Middleware/CheckForMaintenanceMode.php(63): Illuminate\\Pipeline\\Pipeline->Illuminate\\Pipeline\\{closure}()
#39 /home/v2.tradepander.com/public_html/core/vendor/laravel/framework/src/Illuminate/Pipeline/Pipeline.php(171): Illuminate\\Foundation\\Http\\Middleware\\CheckForMaintenanceMode->handle()
#40 /home/v2.tradepander.com/public_html/core/vendor/laravel/framework/src/Illuminate/Pipeline/Pipeline.php(105): Illuminate\\Pipeline\\Pipeline->Illuminate\\Pipeline\\{closure}()
#41 /home/v2.tradepander.com/public_html/core/vendor/laravel/framework/src/Illuminate/Foundation/Http/Kernel.php(145): Illuminate\\Pipeline\\Pipeline->then()
#42 /home/v2.tradepander.com/public_html/core/vendor/laravel/framework/src/Illuminate/Foundation/Http/Kernel.php(110): Illuminate\\Foundation\\Http\\Kernel->sendRequestThroughRouter()
#43 /home/v2.tradepander.com/public_html/index.php(55): Illuminate\\Foundation\\Http\\Kernel->handle()
#44 {main}

[previous exception] [object] (Symfony\\Component\\Debug\\Exception\\FatalThrowableError(code: 0): syntax error, unexpected end of file, expecting elseif (T_ELSEIF) or else (T_ELSE) or endif (T_ENDIF) at /home/v2.tradepander.com/public_html/core/storage/framework/views/8a95d05e47296ec5d10bd55be130d683f890b399.php:106)
[stacktrace]
#0 /home/v2.tradepander.com/public_html/core/vendor/laravel/framework/src/Illuminate/View/Engines/CompilerEngine.php(59): Illuminate\\View\\Engines\\PhpEngine->evaluatePath()
#1 /home/v2.tradepander.com/public_html/core/vendor/laravel/framework/src/Illuminate/View/View.php(143): Illuminate\\View\\Engines\\CompilerEngine->get()
#2 /home/v2.tradepander.com/public_html/core/vendor/laravel/framework/src/Illuminate/View/View.php(126): Illuminate\\View\\View->getContents()
#3 /home/v2.tradepander.com/public_html/core/vendor/laravel/framework/src/Illuminate/View/View.php(91): Illuminate\\View\\View->renderContents()
#4 /home/v2.tradepander.com/public_html/core/vendor/laravel/framework/src/Illuminate/Http/Response.php(42): Illuminate\\View\\View->render()
#5 /home/v2.tradepander.com/public_html/core/vendor/symfony/http-foundation/Response.php(205): Illuminate\\Http\\Response->setContent()
#6 /home/v2.tradepander.com/public_html/core/vendor/laravel/framework/src/Illuminate/Routing/Router.php(749): Symfony\\Component\\HttpFoundation\\Response->__construct()
#7 /home/v2.tradepander.com/public_html/core/vendor/laravel/framework/src/Illuminate/Routing/Router.php(721): Illuminate\\Routing\\Router::toResponse()
#8 /home/v2.tradepander.com/public_html/core/vendor/laravel/framework/src/Illuminate/Routing/Router.php(681): Illuminate\\Routing\\Router->prepareResponse()
#9 /home/v2.tradepander.com/public_html/core/vendor/laravel/framework/src/Illuminate/Pipeline/Pipeline.php(130): Illuminate\\Routing\\Router->Illuminate\\Routing\\{closure}()
#10 /home/v2.tradepander.com/public_html/core/vendor/laravel/framework/src/Illuminate/Routing/Middleware/SubstituteBindings.php(41): Illuminate\\Pipeline\\Pipeline->Illuminate\\Pipeline\\{closure}()
#11 /home/v2.tradepander.com/public_html/core/vendor/laravel/framework/src/Illuminate/Pipeline/Pipeline.php(171): Illuminate\\Routing\\Middleware\\SubstituteBindings->handle()
#12 /home/v2.tradepander.com/public_html/core/vendor/laravel/framework/src/Illuminate/Auth/Middleware/Authenticate.php(43): Illuminate\\Pipeline\\Pipeline->Illuminate\\Pipeline\\{closure}()
#13 /home/v2.tradepander.com/public_html/core/vendor/laravel/framework/src/Illuminate/Pipeline/Pipeline.php(171): Illuminate\\Auth\\Middleware\\Authenticate->handle()
#14 /home/v2.tradepander.com/public_html/core/vendor/laravel/framework/src/Illuminate/View/Middleware/ShareErrorsFromSession.php(49): Illuminate\\Pipeline\\Pipeline->Illuminate\\Pipeline\\{closure}()
#15 /home/v2.tradepander.com/public_html/core/vendor/laravel/framework/src/Illuminate/Pipeline/Pipeline.php(171): Illuminate\\View\\Middleware\\ShareErrorsFromSession->handle()
#16 /home/v2.tradepander.com/public_html/core/vendor/laravel/framework/src/Illuminate/Session/Middleware/StartSession.php(56): Illuminate\\Pipeline\\Pipeline->Illuminate\\Pipeline\\{closure}()
#17 /home/v2.tradepander.com/public_html/core/vendor/laravel/framework/src/Illuminate/Pipeline/Pipeline.php(171): Illuminate\\Session\\Middleware\\StartSession->handle()
#18 /home/v2.tradepander.com/public_html/core/vendor/laravel/framework/src/Illuminate/Cookie/Middleware/AddQueuedCookiesToResponse.php(37): Illuminate\\Pipeline\\Pipeline->Illuminate\\Pipeline\\{closure}()
#19 /home/v2.tradepander.com/public_html/core/vendor/laravel/framework/src/Illuminate/Pipeline/Pipeline.php(171): Illuminate\\Cookie\\Middleware\\AddQueuedCookiesToResponse->handle()
#20 /home/v2.tradepander.com/public_html/core/vendor/laravel/framework/src/Illuminate/Cookie/Middleware/EncryptCookies.php(67): Illuminate\\Pipeline\\Pipeline->Illuminate\\Pipeline\\{closure}()
#21 /home/v2.tradepander.com/public_html/core/vendor/laravel/framework/src/Illuminate/Pipeline/Pipeline.php(171): Illuminate\\Cookie\\Middleware\\EncryptCookies->handle()
#22 /home/v2.tradepander.com/public_html/core/vendor/laravel/framework/src/Illuminate/Pipeline/Pipeline.php(105): Illuminate\\Pipeline\\Pipeline->Illuminate\\Pipeline\\{closure}()
#23 /home/v2.tradepander.com/public_html/core/vendor/laravel/framework/src/Illuminate/Routing/Router.php(683): Illuminate\\Pipeline\\Pipeline->then()
#24 /home/v2.tradepander.com/public_html/core/vendor/laravel/framework/src/Illuminate/Routing/Router.php(658): Illuminate\\Routing\\Router->runRouteWithinStack()
#25 /home/v2.tradepander.com/public_html/core/vendor/laravel/framework/src/Illuminate/Routing/Router.php(624): Illuminate\\Routing\\Router->runRoute()
#26 /home/v2.tradepander.com/public_html/core/vendor/laravel/framework/src/Illuminate/Routing/Router.php(613): Illuminate\\Routing\\Router->dispatchToRoute()
#27 /home/v2.tradepander.com/public_html/core/vendor/laravel/framework/src/Illuminate/Foundation/Http/Kernel.php(170): Illuminate\\Routing\\Router->dispatch()
#28 /home/v2.tradepander.com/public_html/core/vendor/laravel/framework/src/Illuminate/Pipeline/Pipeline.php(130): Illuminate\\Foundation\\Http\\Kernel->Illuminate\\Foundation\\Http\\{closure}()
#29 /home/v2.tradepander.com/public_html/core/vendor/fideloper/proxy/src/TrustProxies.php(57): Illuminate\\Pipeline\\Pipeline->Illuminate\\Pipeline\\{closure}()
#30 /home/v2.tradepander.com/public_html/core/vendor/laravel/framework/src/Illuminate/Pipeline/Pipeline.php(171): Fideloper\\Proxy\\TrustProxies->handle()
#31 /home/v2.tradepander.com/public_html/core/vendor/laravel/framework/src/Illuminate/Foundation/Http/Middleware/TransformsRequest.php(21): Illuminate\\Pipeline\\Pipeline->Illuminate\\Pipeline\\{closure}()
#32 /home/v2.tradepander.com/public_html/core/vendor/laravel/framework/src/Illuminate/Pipeline/Pipeline.php(171): Illuminate\\Foundation\\Http\\Middleware\\TransformsRequest->handle()
#33 /home/v2.tradepander.com/public_html/core/vendor/laravel/framework/src/Illuminate/Foundation/Http/Middleware/TransformsRequest.php(21): Illuminate\\Pipeline\\Pipeline->Illuminate\\Pipeline\\{closure}()
#34 /home/v2.tradepander.com/public_html/core/vendor/laravel/framework/src/Illuminate/Pipeline/Pipeline.php(171): Illuminate\\Foundation\\Http\\Middleware\\TransformsRequest->handle()
#35 /home/v2.tradepander.com/public_html/core/vendor/laravel/framework/src/Illuminate/Foundation/Http/Middleware/ValidatePostSize.php(27): Illuminate\\Pipeline\\Pipeline->Illuminate\\Pipeline\\{closure}()
#36 /home/v2.tradepander.com/public_html/core/vendor/laravel/framework/src/Illuminate/Pipeline/Pipeline.php(171): Illuminate\\Foundation\\Http\\Middleware\\ValidatePostSize->handle()
#37 /home/v2.tradepander.com/public_html/core/vendor/laravel/framework/src/Illuminate/Foundation/Http/Middleware/CheckForMaintenanceMode.php(63): Illuminate\\Pipeline\\Pipeline->Illuminate\\Pipeline\\{closure}()
#38 /home/v2.tradepander.com/public_html/core/vendor/laravel/framework/src/Illuminate/Pipeline/Pipeline.php(171): Illuminate\\Foundation\\Http\\Middleware\\CheckForMaintenanceMode->handle()
#39 /home/v2.tradepander.com/public_html/core/vendor/laravel/framework/src/Illuminate/Pipeline/Pipeline.php(105): Illuminate\\Pipeline\\Pipeline->Illuminate\\Pipeline\\{closure}()
#40 /home/v2.tradepander.com/public_html/core/vendor/laravel/framework/src/Illuminate/Foundation/Http/Kernel.php(145): Illuminate\\Pipeline\\Pipeline->then()
#41 /home/v2.tradepander.com/public_html/core/vendor/laravel/framework/src/Illuminate/Foundation/Http/Kernel.php(110): Illuminate\\Foundation\\Http\\Kernel->sendRequestThroughRouter()
#42 /home/v2.tradepander.com/public_html/index.php(55): Illuminate\\Foundation\\Http\\Kernel->handle()
#43 {main}
"} 
[2021-02-09 08:19:49] production.ERROR: syntax error, unexpected 'endforeach' (T_ENDFOREACH), expecting elseif (T_ELSEIF) or else (T_ELSE) or endif (T_ENDIF) (View: /home/v2.tradepander.com/public_html/core/resources/views/user/downlines.blade.php) {"userId":119,"exception":"[object] (ErrorException(code: 0): syntax error, unexpected 'endforeach' (T_ENDFOREACH), expecting elseif (T_ELSEIF) or else (T_ELSE) or endif (T_ENDIF) (View: /home/v2.tradepander.com/public_html/core/resources/views/user/downlines.blade.php) at /home/v2.tradepander.com/public_html/core/storage/framework/views/8a95d05e47296ec5d10bd55be130d683f890b399.php:92)
[stacktrace]
#0 /home/v2.tradepander.com/public_html/core/vendor/laravel/framework/src/Illuminate/View/Engines/PhpEngine.php(47): Illuminate\\View\\Engines\\CompilerEngine->handleViewException()
#1 /home/v2.tradepander.com/public_html/core/vendor/laravel/framework/src/Illuminate/View/Engines/CompilerEngine.php(59): Illuminate\\View\\Engines\\PhpEngine->evaluatePath()
#2 /home/v2.tradepander.com/public_html/core/vendor/laravel/framework/src/Illuminate/View/View.php(143): Illuminate\\View\\Engines\\CompilerEngine->get()
#3 /home/v2.tradepander.com/public_html/core/vendor/laravel/framework/src/Illuminate/View/View.php(126): Illuminate\\View\\View->getContents()
#4 /home/v2.tradepander.com/public_html/core/vendor/laravel/framework/src/Illuminate/View/View.php(91): Illuminate\\View\\View->renderContents()
#5 /home/v2.tradepander.com/public_html/core/vendor/laravel/framework/src/Illuminate/Http/Response.php(42): Illuminate\\View\\View->render()
#6 /home/v2.tradepander.com/public_html/core/vendor/symfony/http-foundation/Response.php(205): Illuminate\\Http\\Response->setContent()
#7 /home/v2.tradepander.com/public_html/core/vendor/laravel/framework/src/Illuminate/Routing/Router.php(749): Symfony\\Component\\HttpFoundation\\Response->__construct()
#8 /home/v2.tradepander.com/public_html/core/vendor/laravel/framework/src/Illuminate/Routing/Router.php(721): Illuminate\\Routing\\Router::toResponse()
#9 /home/v2.tradepander.com/public_html/core/vendor/laravel/framework/src/Illuminate/Routing/Router.php(681): Illuminate\\Routing\\Router->prepareResponse()
#10 /home/v2.tradepander.com/public_html/core/vendor/laravel/framework/src/Illuminate/Pipeline/Pipeline.php(130): Illuminate\\Routing\\Router->Illuminate\\Routing\\{closure}()
#11 /home/v2.tradepander.com/public_html/core/vendor/laravel/framework/src/Illuminate/Routing/Middleware/SubstituteBindings.php(41): Illuminate\\Pipeline\\Pipeline->Illuminate\\Pipeline\\{closure}()
#12 /home/v2.tradepander.com/public_html/core/vendor/laravel/framework/src/Illuminate/Pipeline/Pipeline.php(171): Illuminate\\Routing\\Middleware\\SubstituteBindings->handle()
#13 /home/v2.tradepander.com/public_html/core/vendor/laravel/framework/src/Illuminate/Auth/Middleware/Authenticate.php(43): Illuminate\\Pipeline\\Pipeline->Illuminate\\Pipeline\\{closure}()
#14 /home/v2.tradepander.com/public_html/core/vendor/laravel/framework/src/Illuminate/Pipeline/Pipeline.php(171): Illuminate\\Auth\\Middleware\\Authenticate->handle()
#15 /home/v2.tradepander.com/public_html/core/vendor/laravel/framework/src/Illuminate/View/Middleware/ShareErrorsFromSession.php(49): Illuminate\\Pipeline\\Pipeline->Illuminate\\Pipeline\\{closure}()
#16 /home/v2.tradepander.com/public_html/core/vendor/laravel/framework/src/Illuminate/Pipeline/Pipeline.php(171): Illuminate\\View\\Middleware\\ShareErrorsFromSession->handle()
#17 /home/v2.tradepander.com/public_html/core/vendor/laravel/framework/src/Illuminate/Session/Middleware/StartSession.php(56): Illuminate\\Pipeline\\Pipeline->Illuminate\\Pipeline\\{closure}()
#18 /home/v2.tradepander.com/public_html/core/vendor/laravel/framework/src/Illuminate/Pipeline/Pipeline.php(171): Illuminate\\Session\\Middleware\\StartSession->handle()
#19 /home/v2.tradepander.com/public_html/core/vendor/laravel/framework/src/Illuminate/Cookie/Middleware/AddQueuedCookiesToResponse.php(37): Illuminate\\Pipeline\\Pipeline->Illuminate\\Pipeline\\{closure}()
#20 /home/v2.tradepander.com/public_html/core/vendor/laravel/framework/src/Illuminate/Pipeline/Pipeline.php(171): Illuminate\\Cookie\\Middleware\\AddQueuedCookiesToResponse->handle()
#21 /home/v2.tradepander.com/public_html/core/vendor/laravel/framework/src/Illuminate/Cookie/Middleware/EncryptCookies.php(67): Illuminate\\Pipeline\\Pipeline->Illuminate\\Pipeline\\{closure}()
#22 /home/v2.tradepander.com/public_html/core/vendor/laravel/framework/src/Illuminate/Pipeline/Pipeline.php(171): Illuminate\\Cookie\\Middleware\\EncryptCookies->handle()
#23 /home/v2.tradepander.com/public_html/core/vendor/laravel/framework/src/Illuminate/Pipeline/Pipeline.php(105): Illuminate\\Pipeline\\Pipeline->Illuminate\\Pipeline\\{closure}()
#24 /home/v2.tradepander.com/public_html/core/vendor/laravel/framework/src/Illuminate/Routing/Router.php(683): Illuminate\\Pipeline\\Pipeline->then()
#25 /home/v2.tradepander.com/public_html/core/vendor/laravel/framework/src/Illuminate/Routing/Router.php(658): Illuminate\\Routing\\Router->runRouteWithinStack()
#26 /home/v2.tradepander.com/public_html/core/vendor/laravel/framework/src/Illuminate/Routing/Router.php(624): Illuminate\\Routing\\Router->runRoute()
#27 /home/v2.tradepander.com/public_html/core/vendor/laravel/framework/src/Illuminate/Routing/Router.php(613): Illuminate\\Routing\\Router->dispatchToRoute()
#28 /home/v2.tradepander.com/public_html/core/vendor/laravel/framework/src/Illuminate/Foundation/Http/Kernel.php(170): Illuminate\\Routing\\Router->dispatch()
#29 /home/v2.tradepander.com/public_html/core/vendor/laravel/framework/src/Illuminate/Pipeline/Pipeline.php(130): Illuminate\\Foundation\\Http\\Kernel->Illuminate\\Foundation\\Http\\{closure}()
#30 /home/v2.tradepander.com/public_html/core/vendor/fideloper/proxy/src/TrustProxies.php(57): Illuminate\\Pipeline\\Pipeline->Illuminate\\Pipeline\\{closure}()
#31 /home/v2.tradepander.com/public_html/core/vendor/laravel/framework/src/Illuminate/Pipeline/Pipeline.php(171): Fideloper\\Proxy\\TrustProxies->handle()
#32 /home/v2.tradepander.com/public_html/core/vendor/laravel/framework/src/Illuminate/Foundation/Http/Middleware/TransformsRequest.php(21): Illuminate\\Pipeline\\Pipeline->Illuminate\\Pipeline\\{closure}()
#33 /home/v2.tradepander.com/public_html/core/vendor/laravel/framework/src/Illuminate/Pipeline/Pipeline.php(171): Illuminate\\Foundation\\Http\\Middleware\\TransformsRequest->handle()
#34 /home/v2.tradepander.com/public_html/core/vendor/laravel/framework/src/Illuminate/Foundation/Http/Middleware/TransformsRequest.php(21): Illuminate\\Pipeline\\Pipeline->Illuminate\\Pipeline\\{closure}()
#35 /home/v2.tradepander.com/public_html/core/vendor/laravel/framework/src/Illuminate/Pipeline/Pipeline.php(171): Illuminate\\Foundation\\Http\\Middleware\\TransformsRequest->handle()
#36 /home/v2.tradepander.com/public_html/core/vendor/laravel/framework/src/Illuminate/Foundation/Http/Middleware/ValidatePostSize.php(27): Illuminate\\Pipeline\\Pipeline->Illuminate\\Pipeline\\{closure}()
#37 /home/v2.tradepander.com/public_html/core/vendor/laravel/framework/src/Illuminate/Pipeline/Pipeline.php(171): Illuminate\\Foundation\\Http\\Middleware\\ValidatePostSize->handle()
#38 /home/v2.tradepander.com/public_html/core/vendor/laravel/framework/src/Illuminate/Foundation/Http/Middleware/CheckForMaintenanceMode.php(63): Illuminate\\Pipeline\\Pipeline->Illuminate\\Pipeline\\{closure}()
#39 /home/v2.tradepander.com/public_html/core/vendor/laravel/framework/src/Illuminate/Pipeline/Pipeline.php(171): Illuminate\\Foundation\\Http\\Middleware\\CheckForMaintenanceMode->handle()
#40 /home/v2.tradepander.com/public_html/core/vendor/laravel/framework/src/Illuminate/Pipeline/Pipeline.php(105): Illuminate\\Pipeline\\Pipeline->Illuminate\\Pipeline\\{closure}()
#41 /home/v2.tradepander.com/public_html/core/vendor/laravel/framework/src/Illuminate/Foundation/Http/Kernel.php(145): Illuminate\\Pipeline\\Pipeline->then()
#42 /home/v2.tradepander.com/public_html/core/vendor/laravel/framework/src/Illuminate/Foundation/Http/Kernel.php(110): Illuminate\\Foundation\\Http\\Kernel->sendRequestThroughRouter()
#43 /home/v2.tradepander.com/public_html/index.php(55): Illuminate\\Foundation\\Http\\Kernel->handle()
#44 {main}

[previous exception] [object] (Symfony\\Component\\Debug\\Exception\\FatalThrowableError(code: 0): syntax error, unexpected 'endforeach' (T_ENDFOREACH), expecting elseif (T_ELSEIF) or else (T_ELSE) or endif (T_ENDIF) at /home/v2.tradepander.com/public_html/core/storage/framework/views/8a95d05e47296ec5d10bd55be130d683f890b399.php:92)
[stacktrace]
#0 /home/v2.tradepander.com/public_html/core/vendor/laravel/framework/src/Illuminate/View/Engines/CompilerEngine.php(59): Illuminate\\View\\Engines\\PhpEngine->evaluatePath()
#1 /home/v2.tradepander.com/public_html/core/vendor/laravel/framework/src/Illuminate/View/View.php(143): Illuminate\\View\\Engines\\CompilerEngine->get()
#2 /home/v2.tradepander.com/public_html/core/vendor/laravel/framework/src/Illuminate/View/View.php(126): Illuminate\\View\\View->getContents()
#3 /home/v2.tradepander.com/public_html/core/vendor/laravel/framework/src/Illuminate/View/View.php(91): Illuminate\\View\\View->renderContents()
#4 /home/v2.tradepander.com/public_html/core/vendor/laravel/framework/src/Illuminate/Http/Response.php(42): Illuminate\\View\\View->render()
#5 /home/v2.tradepander.com/public_html/core/vendor/symfony/http-foundation/Response.php(205): Illuminate\\Http\\Response->setContent()
#6 /home/v2.tradepander.com/public_html/core/vendor/laravel/framework/src/Illuminate/Routing/Router.php(749): Symfony\\Component\\HttpFoundation\\Response->__construct()
#7 /home/v2.tradepander.com/public_html/core/vendor/laravel/framework/src/Illuminate/Routing/Router.php(721): Illuminate\\Routing\\Router::toResponse()
#8 /home/v2.tradepander.com/public_html/core/vendor/laravel/framework/src/Illuminate/Routing/Router.php(681): Illuminate\\Routing\\Router->prepareResponse()
#9 /home/v2.tradepander.com/public_html/core/vendor/laravel/framework/src/Illuminate/Pipeline/Pipeline.php(130): Illuminate\\Routing\\Router->Illuminate\\Routing\\{closure}()
#10 /home/v2.tradepander.com/public_html/core/vendor/laravel/framework/src/Illuminate/Routing/Middleware/SubstituteBindings.php(41): Illuminate\\Pipeline\\Pipeline->Illuminate\\Pipeline\\{closure}()
#11 /home/v2.tradepander.com/public_html/core/vendor/laravel/framework/src/Illuminate/Pipeline/Pipeline.php(171): Illuminate\\Routing\\Middleware\\SubstituteBindings->handle()
#12 /home/v2.tradepander.com/public_html/core/vendor/laravel/framework/src/Illuminate/Auth/Middleware/Authenticate.php(43): Illuminate\\Pipeline\\Pipeline->Illuminate\\Pipeline\\{closure}()
#13 /home/v2.tradepander.com/public_html/core/vendor/laravel/framework/src/Illuminate/Pipeline/Pipeline.php(171): Illuminate\\Auth\\Middleware\\Authenticate->handle()
#14 /home/v2.tradepander.com/public_html/core/vendor/laravel/framework/src/Illuminate/View/Middleware/ShareErrorsFromSession.php(49): Illuminate\\Pipeline\\Pipeline->Illuminate\\Pipeline\\{closure}()
#15 /home/v2.tradepander.com/public_html/core/vendor/laravel/framework/src/Illuminate/Pipeline/Pipeline.php(171): Illuminate\\View\\Middleware\\ShareErrorsFromSession->handle()
#16 /home/v2.tradepander.com/public_html/core/vendor/laravel/framework/src/Illuminate/Session/Middleware/StartSession.php(56): Illuminate\\Pipeline\\Pipeline->Illuminate\\Pipeline\\{closure}()
#17 /home/v2.tradepander.com/public_html/core/vendor/laravel/framework/src/Illuminate/Pipeline/Pipeline.php(171): Illuminate\\Session\\Middleware\\StartSession->handle()
#18 /home/v2.tradepander.com/public_html/core/vendor/laravel/framework/src/Illuminate/Cookie/Middleware/AddQueuedCookiesToResponse.php(37): Illuminate\\Pipeline\\Pipeline->Illuminate\\Pipeline\\{closure}()
#19 /home/v2.tradepander.com/public_html/core/vendor/laravel/framework/src/Illuminate/Pipeline/Pipeline.php(171): Illuminate\\Cookie\\Middleware\\AddQueuedCookiesToResponse->handle()
#20 /home/v2.tradepander.com/public_html/core/vendor/laravel/framework/src/Illuminate/Cookie/Middleware/EncryptCookies.php(67): Illuminate\\Pipeline\\Pipeline->Illuminate\\Pipeline\\{closure}()
#21 /home/v2.tradepander.com/public_html/core/vendor/laravel/framework/src/Illuminate/Pipeline/Pipeline.php(171): Illuminate\\Cookie\\Middleware\\EncryptCookies->handle()
#22 /home/v2.tradepander.com/public_html/core/vendor/laravel/framework/src/Illuminate/Pipeline/Pipeline.php(105): Illuminate\\Pipeline\\Pipeline->Illuminate\\Pipeline\\{closure}()
#23 /home/v2.tradepander.com/public_html/core/vendor/laravel/framework/src/Illuminate/Routing/Router.php(683): Illuminate\\Pipeline\\Pipeline->then()
#24 /home/v2.tradepander.com/public_html/core/vendor/laravel/framework/src/Illuminate/Routing/Router.php(658): Illuminate\\Routing\\Router->runRouteWithinStack()
#25 /home/v2.tradepander.com/public_html/core/vendor/laravel/framework/src/Illuminate/Routing/Router.php(624): Illuminate\\Routing\\Router->runRoute()
#26 /home/v2.tradepander.com/public_html/core/vendor/laravel/framework/src/Illuminate/Routing/Router.php(613): Illuminate\\Routing\\Router->dispatchToRoute()
#27 /home/v2.tradepander.com/public_html/core/vendor/laravel/framework/src/Illuminate/Foundation/Http/Kernel.php(170): Illuminate\\Routing\\Router->dispatch()
#28 /home/v2.tradepander.com/public_html/core/vendor/laravel/framework/src/Illuminate/Pipeline/Pipeline.php(130): Illuminate\\Foundation\\Http\\Kernel->Illuminate\\Foundation\\Http\\{closure}()
#29 /home/v2.tradepander.com/public_html/core/vendor/fideloper/proxy/src/TrustProxies.php(57): Illuminate\\Pipeline\\Pipeline->Illuminate\\Pipeline\\{closure}()
#30 /home/v2.tradepander.com/public_html/core/vendor/laravel/framework/src/Illuminate/Pipeline/Pipeline.php(171): Fideloper\\Proxy\\TrustProxies->handle()
#31 /home/v2.tradepander.com/public_html/core/vendor/laravel/framework/src/Illuminate/Foundation/Http/Middleware/TransformsRequest.php(21): Illuminate\\Pipeline\\Pipeline->Illuminate\\Pipeline\\{closure}()
#32 /home/v2.tradepander.com/public_html/core/vendor/laravel/framework/src/Illuminate/Pipeline/Pipeline.php(171): Illuminate\\Foundation\\Http\\Middleware\\TransformsRequest->handle()
#33 /home/v2.tradepander.com/public_html/core/vendor/laravel/framework/src/Illuminate/Foundation/Http/Middleware/TransformsRequest.php(21): Illuminate\\Pipeline\\Pipeline->Illuminate\\Pipeline\\{closure}()
#34 /home/v2.tradepander.com/public_html/core/vendor/laravel/framework/src/Illuminate/Pipeline/Pipeline.php(171): Illuminate\\Foundation\\Http\\Middleware\\TransformsRequest->handle()
#35 /home/v2.tradepander.com/public_html/core/vendor/laravel/framework/src/Illuminate/Foundation/Http/Middleware/ValidatePostSize.php(27): Illuminate\\Pipeline\\Pipeline->Illuminate\\Pipeline\\{closure}()
#36 /home/v2.tradepander.com/public_html/core/vendor/laravel/framework/src/Illuminate/Pipeline/Pipeline.php(171): Illuminate\\Foundation\\Http\\Middleware\\ValidatePostSize->handle()
#37 /home/v2.tradepander.com/public_html/core/vendor/laravel/framework/src/Illuminate/Foundation/Http/Middleware/CheckForMaintenanceMode.php(63): Illuminate\\Pipeline\\Pipeline->Illuminate\\Pipeline\\{closure}()
#38 /home/v2.tradepander.com/public_html/core/vendor/laravel/framework/src/Illuminate/Pipeline/Pipeline.php(171): Illuminate\\Foundation\\Http\\Middleware\\CheckForMaintenanceMode->handle()
#39 /home/v2.tradepander.com/public_html/core/vendor/laravel/framework/src/Illuminate/Pipeline/Pipeline.php(105): Illuminate\\Pipeline\\Pipeline->Illuminate\\Pipeline\\{closure}()
#40 /home/v2.tradepander.com/public_html/core/vendor/laravel/framework/src/Illuminate/Foundation/Http/Kernel.php(145): Illuminate\\Pipeline\\Pipeline->then()
#41 /home/v2.tradepander.com/public_html/core/vendor/laravel/framework/src/Illuminate/Foundation/Http/Kernel.php(110): Illuminate\\Foundation\\Http\\Kernel->sendRequestThroughRouter()
#42 /home/v2.tradepander.com/public_html/index.php(55): Illuminate\\Foundation\\Http\\Kernel->handle()
#43 {main}
=======
[2021-02-09 11:17:08] production.ERROR: Not enough arguments (missing: "name"). {"exception":"[object] (Symfony\\Component\\Console\\Exception\\RuntimeException(code: 0): Not enough arguments (missing: \"name\"). at /home/cybermonkj/Documents/Projects/tradedashv2/core/vendor/symfony/console/Input/Input.php:76)
[stacktrace]
#0 /home/cybermonkj/Documents/Projects/tradedashv2/core/vendor/symfony/console/Command/Command.php(250): Symfony\\Component\\Console\\Input\\Input->validate()
#1 /home/cybermonkj/Documents/Projects/tradedashv2/core/vendor/laravel/framework/src/Illuminate/Console/Command.php(121): Symfony\\Component\\Console\\Command\\Command->run()
#2 /home/cybermonkj/Documents/Projects/tradedashv2/core/vendor/symfony/console/Application.php(1000): Illuminate\\Console\\Command->run()
#3 /home/cybermonkj/Documents/Projects/tradedashv2/core/vendor/symfony/console/Application.php(271): Symfony\\Component\\Console\\Application->doRunCommand()
#4 /home/cybermonkj/Documents/Projects/tradedashv2/core/vendor/symfony/console/Application.php(147): Symfony\\Component\\Console\\Application->doRun()
#5 /home/cybermonkj/Documents/Projects/tradedashv2/core/vendor/laravel/framework/src/Illuminate/Console/Application.php(93): Symfony\\Component\\Console\\Application->run()
#6 /home/cybermonkj/Documents/Projects/tradedashv2/core/vendor/laravel/framework/src/Illuminate/Foundation/Console/Kernel.php(131): Illuminate\\Console\\Application->run()
#7 /home/cybermonkj/Documents/Projects/tradedashv2/core/artisan(37): Illuminate\\Foundation\\Console\\Kernel->handle()
#8 {main}
>>>>>>> bcb15a9c8d06aa1ddefbd80ca2ff9f1b2a871bcc
"} 
[2021-02-09 12:26:46] production.ERROR: View [user.bonus_pack] not found. {"userId":112,"exception":"[object] (InvalidArgumentException(code: 0): View [user.bonus_pack] not found. at /home/v2.tradepander.com/public_html/core/vendor/laravel/framework/src/Illuminate/View/FileViewFinder.php:137)
[stacktrace]
#0 /home/v2.tradepander.com/public_html/core/vendor/laravel/framework/src/Illuminate/View/FileViewFinder.php(79): Illuminate\\View\\FileViewFinder->findInPaths()
#1 /home/v2.tradepander.com/public_html/core/vendor/laravel/framework/src/Illuminate/View/Factory.php(131): Illuminate\\View\\FileViewFinder->find()
#2 /home/v2.tradepander.com/public_html/core/vendor/laravel/framework/src/Illuminate/Foundation/helpers.php(970): Illuminate\\View\\Factory->make()
#3 /home/v2.tradepander.com/public_html/core/routes/web.php(42): view()
#4 /home/v2.tradepander.com/public_html/core/vendor/laravel/framework/src/Illuminate/Routing/Route.php(205): Illuminate\\Routing\\RouteFileRegistrar->{closure}()
#5 /home/v2.tradepander.com/public_html/core/vendor/laravel/framework/src/Illuminate/Routing/Route.php(179): Illuminate\\Routing\\Route->runCallable()
#6 /home/v2.tradepander.com/public_html/core/vendor/laravel/framework/src/Illuminate/Routing/Router.php(681): Illuminate\\Routing\\Route->run()
#7 /home/v2.tradepander.com/public_html/core/vendor/laravel/framework/src/Illuminate/Pipeline/Pipeline.php(130): Illuminate\\Routing\\Router->Illuminate\\Routing\\{closure}()
#8 /home/v2.tradepander.com/public_html/core/vendor/laravel/framework/src/Illuminate/Routing/Middleware/SubstituteBindings.php(41): Illuminate\\Pipeline\\Pipeline->Illuminate\\Pipeline\\{closure}()
#9 /home/v2.tradepander.com/public_html/core/vendor/laravel/framework/src/Illuminate/Pipeline/Pipeline.php(171): Illuminate\\Routing\\Middleware\\SubstituteBindings->handle()
#10 /home/v2.tradepander.com/public_html/core/vendor/laravel/framework/src/Illuminate/Auth/Middleware/Authenticate.php(43): Illuminate\\Pipeline\\Pipeline->Illuminate\\Pipeline\\{closure}()
#11 /home/v2.tradepander.com/public_html/core/vendor/laravel/framework/src/Illuminate/Pipeline/Pipeline.php(171): Illuminate\\Auth\\Middleware\\Authenticate->handle()
#12 /home/v2.tradepander.com/public_html/core/vendor/laravel/framework/src/Illuminate/View/Middleware/ShareErrorsFromSession.php(49): Illuminate\\Pipeline\\Pipeline->Illuminate\\Pipeline\\{closure}()
#13 /home/v2.tradepander.com/public_html/core/vendor/laravel/framework/src/Illuminate/Pipeline/Pipeline.php(171): Illuminate\\View\\Middleware\\ShareErrorsFromSession->handle()
#14 /home/v2.tradepander.com/public_html/core/vendor/laravel/framework/src/Illuminate/Session/Middleware/StartSession.php(56): Illuminate\\Pipeline\\Pipeline->Illuminate\\Pipeline\\{closure}()
#15 /home/v2.tradepander.com/public_html/core/vendor/laravel/framework/src/Illuminate/Pipeline/Pipeline.php(171): Illuminate\\Session\\Middleware\\StartSession->handle()
#16 /home/v2.tradepander.com/public_html/core/vendor/laravel/framework/src/Illuminate/Cookie/Middleware/AddQueuedCookiesToResponse.php(37): Illuminate\\Pipeline\\Pipeline->Illuminate\\Pipeline\\{closure}()
#17 /home/v2.tradepander.com/public_html/core/vendor/laravel/framework/src/Illuminate/Pipeline/Pipeline.php(171): Illuminate\\Cookie\\Middleware\\AddQueuedCookiesToResponse->handle()
#18 /home/v2.tradepander.com/public_html/core/vendor/laravel/framework/src/Illuminate/Cookie/Middleware/EncryptCookies.php(67): Illuminate\\Pipeline\\Pipeline->Illuminate\\Pipeline\\{closure}()
#19 /home/v2.tradepander.com/public_html/core/vendor/laravel/framework/src/Illuminate/Pipeline/Pipeline.php(171): Illuminate\\Cookie\\Middleware\\EncryptCookies->handle()
#20 /home/v2.tradepander.com/public_html/core/vendor/laravel/framework/src/Illuminate/Pipeline/Pipeline.php(105): Illuminate\\Pipeline\\Pipeline->Illuminate\\Pipeline\\{closure}()
#21 /home/v2.tradepander.com/public_html/core/vendor/laravel/framework/src/Illuminate/Routing/Router.php(683): Illuminate\\Pipeline\\Pipeline->then()
#22 /home/v2.tradepander.com/public_html/core/vendor/laravel/framework/src/Illuminate/Routing/Router.php(658): Illuminate\\Routing\\Router->runRouteWithinStack()
#23 /home/v2.tradepander.com/public_html/core/vendor/laravel/framework/src/Illuminate/Routing/Router.php(624): Illuminate\\Routing\\Router->runRoute()
#24 /home/v2.tradepander.com/public_html/core/vendor/laravel/framework/src/Illuminate/Routing/Router.php(613): Illuminate\\Routing\\Router->dispatchToRoute()
#25 /home/v2.tradepander.com/public_html/core/vendor/laravel/framework/src/Illuminate/Foundation/Http/Kernel.php(170): Illuminate\\Routing\\Router->dispatch()
#26 /home/v2.tradepander.com/public_html/core/vendor/laravel/framework/src/Illuminate/Pipeline/Pipeline.php(130): Illuminate\\Foundation\\Http\\Kernel->Illuminate\\Foundation\\Http\\{closure}()
#27 /home/v2.tradepander.com/public_html/core/vendor/fideloper/proxy/src/TrustProxies.php(57): Illuminate\\Pipeline\\Pipeline->Illuminate\\Pipeline\\{closure}()
#28 /home/v2.tradepander.com/public_html/core/vendor/laravel/framework/src/Illuminate/Pipeline/Pipeline.php(171): Fideloper\\Proxy\\TrustProxies->handle()
#29 /home/v2.tradepander.com/public_html/core/vendor/laravel/framework/src/Illuminate/Foundation/Http/Middleware/TransformsRequest.php(21): Illuminate\\Pipeline\\Pipeline->Illuminate\\Pipeline\\{closure}()
#30 /home/v2.tradepander.com/public_html/core/vendor/laravel/framework/src/Illuminate/Pipeline/Pipeline.php(171): Illuminate\\Foundation\\Http\\Middleware\\TransformsRequest->handle()
#31 /home/v2.tradepander.com/public_html/core/vendor/laravel/framework/src/Illuminate/Foundation/Http/Middleware/TransformsRequest.php(21): Illuminate\\Pipeline\\Pipeline->Illuminate\\Pipeline\\{closure}()
#32 /home/v2.tradepander.com/public_html/core/vendor/laravel/framework/src/Illuminate/Pipeline/Pipeline.php(171): Illuminate\\Foundation\\Http\\Middleware\\TransformsRequest->handle()
#33 /home/v2.tradepander.com/public_html/core/vendor/laravel/framework/src/Illuminate/Foundation/Http/Middleware/ValidatePostSize.php(27): Illuminate\\Pipeline\\Pipeline->Illuminate\\Pipeline\\{closure}()
#34 /home/v2.tradepander.com/public_html/core/vendor/laravel/framework/src/Illuminate/Pipeline/Pipeline.php(171): Illuminate\\Foundation\\Http\\Middleware\\ValidatePostSize->handle()
#35 /home/v2.tradepander.com/public_html/core/vendor/laravel/framework/src/Illuminate/Foundation/Http/Middleware/CheckForMaintenanceMode.php(63): Illuminate\\Pipeline\\Pipeline->Illuminate\\Pipeline\\{closure}()
#36 /home/v2.tradepander.com/public_html/core/vendor/laravel/framework/src/Illuminate/Pipeline/Pipeline.php(171): Illuminate\\Foundation\\Http\\Middleware\\CheckForMaintenanceMode->handle()
#37 /home/v2.tradepander.com/public_html/core/vendor/laravel/framework/src/Illuminate/Pipeline/Pipeline.php(105): Illuminate\\Pipeline\\Pipeline->Illuminate\\Pipeline\\{closure}()
#38 /home/v2.tradepander.com/public_html/core/vendor/laravel/framework/src/Illuminate/Foundation/Http/Kernel.php(145): Illuminate\\Pipeline\\Pipeline->then()
#39 /home/v2.tradepander.com/public_html/core/vendor/laravel/framework/src/Illuminate/Foundation/Http/Kernel.php(110): Illuminate\\Foundation\\Http\\Kernel->sendRequestThroughRouter()
#40 /home/v2.tradepander.com/public_html/index.php(55): Illuminate\\Foundation\\Http\\Kernel->handle()
#41 {main}
"} 
[2021-02-09 22:25:54] production.ERROR: Receiver does not accept that coin! {"userId":774,"exception":"[object] (Kevupton\\LaravelCoinpayments\\Exceptions\\CoinPaymentsResponseError(code: 0): Receiver does not accept that coin! at /home/v2.tradepander.com/public_html/core/vendor/kevupton/laravel-coinpayments/src/Kevupton/LaravelCoinpayments/LaravelCoinpayments.php:77)
[stacktrace]
#0 /home/v2.tradepander.com/public_html/core/vendor/kevupton/laravel-coinpayments/src/Kevupton/LaravelCoinpayments/Coinpayments.php(96): Kevupton\\LaravelCoinpayments\\LaravelCoinpayments->apiCall()
#1 /home/v2.tradepander.com/public_html/core/vendor/laravel/framework/src/Illuminate/Support/Facades/Facade.php(261): Kevupton\\LaravelCoinpayments\\Coinpayments->createTransactionSimple()
#2 /home/v2.tradepander.com/public_html/core/vendor/baselock/baselock.php(1634): Illuminate\\Support\\Facades\\Facade::__callStatic()
#3 [internal function]: App\\Http\\Controllers\\userController->pay_btc_amt()
#4 /home/v2.tradepander.com/public_html/core/vendor/laravel/framework/src/Illuminate/Routing/Controller.php(54): call_user_func_array()
#5 /home/v2.tradepander.com/public_html/core/vendor/laravel/framework/src/Illuminate/Routing/ControllerDispatcher.php(45): Illuminate\\Routing\\Controller->callAction()
#6 /home/v2.tradepander.com/public_html/core/vendor/laravel/framework/src/Illuminate/Routing/Route.php(219): Illuminate\\Routing\\ControllerDispatcher->dispatch()
#7 /home/v2.tradepander.com/public_html/core/vendor/laravel/framework/src/Illuminate/Routing/Route.php(176): Illuminate\\Routing\\Route->runController()
#8 /home/v2.tradepander.com/public_html/core/vendor/laravel/framework/src/Illuminate/Routing/Router.php(681): Illuminate\\Routing\\Route->run()
#9 /home/v2.tradepander.com/public_html/core/vendor/laravel/framework/src/Illuminate/Pipeline/Pipeline.php(130): Illuminate\\Routing\\Router->Illuminate\\Routing\\{closure}()
#10 /home/v2.tradepander.com/public_html/core/vendor/laravel/framework/src/Illuminate/Routing/Middleware/SubstituteBindings.php(41): Illuminate\\Pipeline\\Pipeline->Illuminate\\Pipeline\\{closure}()
#11 /home/v2.tradepander.com/public_html/core/vendor/laravel/framework/src/Illuminate/Pipeline/Pipeline.php(171): Illuminate\\Routing\\Middleware\\SubstituteBindings->handle()
#12 /home/v2.tradepander.com/public_html/core/vendor/laravel/framework/src/Illuminate/View/Middleware/ShareErrorsFromSession.php(49): Illuminate\\Pipeline\\Pipeline->Illuminate\\Pipeline\\{closure}()
#13 /home/v2.tradepander.com/public_html/core/vendor/laravel/framework/src/Illuminate/Pipeline/Pipeline.php(171): Illuminate\\View\\Middleware\\ShareErrorsFromSession->handle()
#14 /home/v2.tradepander.com/public_html/core/vendor/laravel/framework/src/Illuminate/Session/Middleware/StartSession.php(56): Illuminate\\Pipeline\\Pipeline->Illuminate\\Pipeline\\{closure}()
#15 /home/v2.tradepander.com/public_html/core/vendor/laravel/framework/src/Illuminate/Pipeline/Pipeline.php(171): Illuminate\\Session\\Middleware\\StartSession->handle()
#16 /home/v2.tradepander.com/public_html/core/vendor/laravel/framework/src/Illuminate/Cookie/Middleware/AddQueuedCookiesToResponse.php(37): Illuminate\\Pipeline\\Pipeline->Illuminate\\Pipeline\\{closure}()
#17 /home/v2.tradepander.com/public_html/core/vendor/laravel/framework/src/Illuminate/Pipeline/Pipeline.php(171): Illuminate\\Cookie\\Middleware\\AddQueuedCookiesToResponse->handle()
#18 /home/v2.tradepander.com/public_html/core/vendor/laravel/framework/src/Illuminate/Cookie/Middleware/EncryptCookies.php(67): Illuminate\\Pipeline\\Pipeline->Illuminate\\Pipeline\\{closure}()
#19 /home/v2.tradepander.com/public_html/core/vendor/laravel/framework/src/Illuminate/Pipeline/Pipeline.php(171): Illuminate\\Cookie\\Middleware\\EncryptCookies->handle()
#20 /home/v2.tradepander.com/public_html/core/vendor/laravel/framework/src/Illuminate/Pipeline/Pipeline.php(105): Illuminate\\Pipeline\\Pipeline->Illuminate\\Pipeline\\{closure}()
#21 /home/v2.tradepander.com/public_html/core/vendor/laravel/framework/src/Illuminate/Routing/Router.php(683): Illuminate\\Pipeline\\Pipeline->then()
#22 /home/v2.tradepander.com/public_html/core/vendor/laravel/framework/src/Illuminate/Routing/Router.php(658): Illuminate\\Routing\\Router->runRouteWithinStack()
#23 /home/v2.tradepander.com/public_html/core/vendor/laravel/framework/src/Illuminate/Routing/Router.php(624): Illuminate\\Routing\\Router->runRoute()
#24 /home/v2.tradepander.com/public_html/core/vendor/laravel/framework/src/Illuminate/Routing/Router.php(613): Illuminate\\Routing\\Router->dispatchToRoute()
#25 /home/v2.tradepander.com/public_html/core/vendor/laravel/framework/src/Illuminate/Foundation/Http/Kernel.php(170): Illuminate\\Routing\\Router->dispatch()
#26 /home/v2.tradepander.com/public_html/core/vendor/laravel/framework/src/Illuminate/Pipeline/Pipeline.php(130): Illuminate\\Foundation\\Http\\Kernel->Illuminate\\Foundation\\Http\\{closure}()
#27 /home/v2.tradepander.com/public_html/core/vendor/fideloper/proxy/src/TrustProxies.php(57): Illuminate\\Pipeline\\Pipeline->Illuminate\\Pipeline\\{closure}()
#28 /home/v2.tradepander.com/public_html/core/vendor/laravel/framework/src/Illuminate/Pipeline/Pipeline.php(171): Fideloper\\Proxy\\TrustProxies->handle()
#29 /home/v2.tradepander.com/public_html/core/vendor/laravel/framework/src/Illuminate/Foundation/Http/Middleware/TransformsRequest.php(21): Illuminate\\Pipeline\\Pipeline->Illuminate\\Pipeline\\{closure}()
#30 /home/v2.tradepander.com/public_html/core/vendor/laravel/framework/src/Illuminate/Pipeline/Pipeline.php(171): Illuminate\\Foundation\\Http\\Middleware\\TransformsRequest->handle()
#31 /home/v2.tradepander.com/public_html/core/vendor/laravel/framework/src/Illuminate/Foundation/Http/Middleware/TransformsRequest.php(21): Illuminate\\Pipeline\\Pipeline->Illuminate\\Pipeline\\{closure}()
#32 /home/v2.tradepander.com/public_html/core/vendor/laravel/framework/src/Illuminate/Pipeline/Pipeline.php(171): Illuminate\\Foundation\\Http\\Middleware\\TransformsRequest->handle()
#33 /home/v2.tradepander.com/public_html/core/vendor/laravel/framework/src/Illuminate/Foundation/Http/Middleware/ValidatePostSize.php(27): Illuminate\\Pipeline\\Pipeline->Illuminate\\Pipeline\\{closure}()
#34 /home/v2.tradepander.com/public_html/core/vendor/laravel/framework/src/Illuminate/Pipeline/Pipeline.php(171): Illuminate\\Foundation\\Http\\Middleware\\ValidatePostSize->handle()
#35 /home/v2.tradepander.com/public_html/core/vendor/laravel/framework/src/Illuminate/Foundation/Http/Middleware/CheckForMaintenanceMode.php(63): Illuminate\\Pipeline\\Pipeline->Illuminate\\Pipeline\\{closure}()
#36 /home/v2.tradepander.com/public_html/core/vendor/laravel/framework/src/Illuminate/Pipeline/Pipeline.php(171): Illuminate\\Foundation\\Http\\Middleware\\CheckForMaintenanceMode->handle()
#37 /home/v2.tradepander.com/public_html/core/vendor/laravel/framework/src/Illuminate/Pipeline/Pipeline.php(105): Illuminate\\Pipeline\\Pipeline->Illuminate\\Pipeline\\{closure}()
#38 /home/v2.tradepander.com/public_html/core/vendor/laravel/framework/src/Illuminate/Foundation/Http/Kernel.php(145): Illuminate\\Pipeline\\Pipeline->then()
#39 /home/v2.tradepander.com/public_html/core/vendor/laravel/framework/src/Illuminate/Foundation/Http/Kernel.php(110): Illuminate\\Foundation\\Http\\Kernel->sendRequestThroughRouter()
#40 /home/v2.tradepander.com/public_html/index.php(55): Illuminate\\Foundation\\Http\\Kernel->handle()
#41 {main}
"} 
