[2021-02-07 11:48:58] production.ERROR: SQLSTATE[HY000] [1698] Access denied for user 'v2_dash'@'localhost' (SQL: select * from `settings` where `settings`.`id` = 1 limit 1) {"exception":"[object] (Illuminate\\Database\\QueryException(code: 1698): SQLSTATE[HY000] [1698] Access denied for user 'v2_dash'@'localhost' (SQL: select * from `settings` where `settings`.`id` = 1 limit 1) at /home/cybermonkj/Documents/Projects/tradedashv2/core/vendor/laravel/framework/src/Illuminate/Database/Connection.php:669)
[stacktrace]
#0 /home/cybermonkj/Documents/Projects/tradedashv2/core/vendor/laravel/framework/src/Illuminate/Database/Connection.php(629): Illuminate\\Database\\Connection->runQueryCallback()
#1 /home/cybermonkj/Documents/Projects/tradedashv2/core/vendor/laravel/framework/src/Illuminate/Database/Connection.php(338): Illuminate\\Database\\Connection->run()
#2 /home/cybermonkj/Documents/Projects/tradedashv2/core/vendor/laravel/framework/src/Illuminate/Database/Query/Builder.php(2149): Illuminate\\Database\\Connection->select()
#3 /home/cybermonkj/Documents/Projects/tradedashv2/core/vendor/laravel/framework/src/Illuminate/Database/Query/Builder.php(2137): Illuminate\\Database\\Query\\Builder->runSelect()
#4 /home/cybermonkj/Documents/Projects/tradedashv2/core/vendor/laravel/framework/src/Illuminate/Database/Query/Builder.php(2609): Illuminate\\Database\\Query\\Builder->Illuminate\\Database\\Query\\{closure}()
#5 /home/cybermonkj/Documents/Projects/tradedashv2/core/vendor/laravel/framework/src/Illuminate/Database/Query/Builder.php(2138): Illuminate\\Database\\Query\\Builder->onceWithColumns()
#6 /home/cybermonkj/Documents/Projects/tradedashv2/core/vendor/laravel/framework/src/Illuminate/Database/Eloquent/Builder.php(537): Illuminate\\Database\\Query\\Builder->get()
#7 /home/cybermonkj/Documents/Projects/tradedashv2/core/vendor/laravel/framework/src/Illuminate/Database/Eloquent/Builder.php(521): Illuminate\\Database\\Eloquent\\Builder->getModels()
#8 /home/cybermonkj/Documents/Projects/tradedashv2/core/vendor/laravel/framework/src/Illuminate/Database/Concerns/BuildsQueries.php(143): Illuminate\\Database\\Eloquent\\Builder->get()
#9 /home/cybermonkj/Documents/Projects/tradedashv2/core/vendor/laravel/framework/src/Illuminate/Database/Eloquent/Builder.php(345): Illuminate\\Database\\Eloquent\\Builder->first()
#10 /home/cybermonkj/Documents/Projects/tradedashv2/core/vendor/laravel/framework/src/Illuminate/Support/Traits/ForwardsCalls.php(23): Illuminate\\Database\\Eloquent\\Builder->find()
#11 /home/cybermonkj/Documents/Projects/tradedashv2/core/vendor/laravel/framework/src/Illuminate/Database/Eloquent/Model.php(1622): Illuminate\\Database\\Eloquent\\Model->forwardCallTo()
#12 /home/cybermonkj/Documents/Projects/tradedashv2/core/vendor/laravel/framework/src/Illuminate/Database/Eloquent/Model.php(1634): Illuminate\\Database\\Eloquent\\Model->__call()
#13 /home/cybermonkj/Documents/Projects/tradedashv2/core/app/Http/Controllers/Auth/RegisterController.php(54): Illuminate\\Database\\Eloquent\\Model::__callStatic()
#14 [internal function]: App\\Http\\Controllers\\Auth\\RegisterController->__construct()
#15 /home/cybermonkj/Documents/Projects/tradedashv2/core/vendor/laravel/framework/src/Illuminate/Container/Container.php(843): ReflectionClass->newInstanceArgs()
#16 /home/cybermonkj/Documents/Projects/tradedashv2/core/vendor/laravel/framework/src/Illuminate/Container/Container.php(681): Illuminate\\Container\\Container->build()
#17 /home/cybermonkj/Documents/Projects/tradedashv2/core/vendor/laravel/framework/src/Illuminate/Foundation/Application.php(785): Illuminate\\Container\\Container->resolve()
#18 /home/cybermonkj/Documents/Projects/tradedashv2/core/vendor/laravel/framework/src/Illuminate/Container/Container.php(629): Illuminate\\Foundation\\Application->resolve()
#19 /home/cybermonkj/Documents/Projects/tradedashv2/core/vendor/laravel/framework/src/Illuminate/Foundation/Application.php(770): Illuminate\\Container\\Container->make()
#20 /home/cybermonkj/Documents/Projects/tradedashv2/core/vendor/laravel/framework/src/Illuminate/Routing/Route.php(233): Illuminate\\Foundation\\Application->make()
#21 /home/cybermonkj/Documents/Projects/tradedashv2/core/vendor/laravel/framework/src/Illuminate/Routing/Route.php(833): Illuminate\\Routing\\Route->getController()
#22 /home/cybermonkj/Documents/Projects/tradedashv2/core/vendor/laravel/framework/src/Illuminate/Routing/Route.php(794): Illuminate\\Routing\\Route->controllerMiddleware()
#23 /home/cybermonkj/Documents/Projects/tradedashv2/core/vendor/laravel/framework/src/Illuminate/Foundation/Console/RouteListCommand.php(173): Illuminate\\Routing\\Route->gatherMiddleware()
#24 /home/cybermonkj/Documents/Projects/tradedashv2/core/vendor/laravel/framework/src/Illuminate/Foundation/Console/RouteListCommand.php(117): Illuminate\\Foundation\\Console\\RouteListCommand->getMiddleware()
#25 /home/cybermonkj/Documents/Projects/tradedashv2/core/vendor/laravel/framework/src/Illuminate/Foundation/Console/RouteListCommand.php(89): Illuminate\\Foundation\\Console\\RouteListCommand->getRouteInformation()
#26 [internal function]: Illuminate\\Foundation\\Console\\RouteListCommand->Illuminate\\Foundation\\Console\\{closure}()
#27 /home/cybermonkj/Documents/Projects/tradedashv2/core/vendor/laravel/framework/src/Illuminate/Support/Collection.php(638): array_map()
#28 /home/cybermonkj/Documents/Projects/tradedashv2/core/vendor/laravel/framework/src/Illuminate/Foundation/Console/RouteListCommand.php(90): Illuminate\\Support\\Collection->map()
#29 /home/cybermonkj/Documents/Projects/tradedashv2/core/vendor/laravel/framework/src/Illuminate/Foundation/Console/RouteListCommand.php(74): Illuminate\\Foundation\\Console\\RouteListCommand->getRoutes()
#30 [internal function]: Illuminate\\Foundation\\Console\\RouteListCommand->handle()
#31 /home/cybermonkj/Documents/Projects/tradedashv2/core/vendor/laravel/framework/src/Illuminate/Container/BoundMethod.php(32): call_user_func_array()
#32 /home/cybermonkj/Documents/Projects/tradedashv2/core/vendor/laravel/framework/src/Illuminate/Container/Util.php(37): Illuminate\\Container\\BoundMethod::Illuminate\\Container\\{closure}()
#33 /home/cybermonkj/Documents/Projects/tradedashv2/core/vendor/laravel/framework/src/Illuminate/Container/BoundMethod.php(90): Illuminate\\Container\\Util::unwrapIfClosure()
#34 /home/cybermonkj/Documents/Projects/tradedashv2/core/vendor/laravel/framework/src/Illuminate/Container/BoundMethod.php(34): Illuminate\\Container\\BoundMethod::callBoundMethod()
#35 /home/cybermonkj/Documents/Projects/tradedashv2/core/vendor/laravel/framework/src/Illuminate/Container/Container.php(590): Illuminate\\Container\\BoundMethod::call()
#36 /home/cybermonkj/Documents/Projects/tradedashv2/core/vendor/laravel/framework/src/Illuminate/Console/Command.php(134): Illuminate\\Container\\Container->call()
#37 /home/cybermonkj/Documents/Projects/tradedashv2/core/vendor/symfony/console/Command/Command.php(255): Illuminate\\Console\\Command->execute()
#38 /home/cybermonkj/Documents/Projects/tradedashv2/core/vendor/laravel/framework/src/Illuminate/Console/Command.php(121): Symfony\\Component\\Console\\Command\\Command->run()
#39 /home/cybermonkj/Documents/Projects/tradedashv2/core/vendor/symfony/console/Application.php(1000): Illuminate\\Console\\Command->run()
#40 /home/cybermonkj/Documents/Projects/tradedashv2/core/vendor/symfony/console/Application.php(271): Symfony\\Component\\Console\\Application->doRunCommand()
#41 /home/cybermonkj/Documents/Projects/tradedashv2/core/vendor/symfony/console/Application.php(147): Symfony\\Component\\Console\\Application->doRun()
#42 /home/cybermonkj/Documents/Projects/tradedashv2/core/vendor/laravel/framework/src/Illuminate/Console/Application.php(93): Symfony\\Component\\Console\\Application->run()
#43 /home/cybermonkj/Documents/Projects/tradedashv2/core/vendor/laravel/framework/src/Illuminate/Foundation/Console/Kernel.php(131): Illuminate\\Console\\Application->run()
#44 /home/cybermonkj/Documents/Projects/tradedashv2/core/artisan(37): Illuminate\\Foundation\\Console\\Kernel->handle()
#45 {main}

[previous exception] [object] (Doctrine\\DBAL\\Driver\\PDOException(code: 1698): SQLSTATE[HY000] [1698] Access denied for user 'v2_dash'@'localhost' at /home/cybermonkj/Documents/Projects/tradedashv2/core/vendor/doctrine/dbal/lib/Doctrine/DBAL/Driver/PDOConnection.php:31)
[stacktrace]
#0 /home/cybermonkj/Documents/Projects/tradedashv2/core/vendor/laravel/framework/src/Illuminate/Database/Connectors/Connector.php(67): Doctrine\\DBAL\\Driver\\PDOConnection->__construct()
#1 /home/cybermonkj/Documents/Projects/tradedashv2/core/vendor/laravel/framework/src/Illuminate/Database/Connectors/Connector.php(46): Illuminate\\Database\\Connectors\\Connector->createPdoConnection()
#2 /home/cybermonkj/Documents/Projects/tradedashv2/core/vendor/laravel/framework/src/Illuminate/Database/Connectors/MySqlConnector.php(24): Illuminate\\Database\\Connectors\\Connector->createConnection()
#3 /home/cybermonkj/Documents/Projects/tradedashv2/core/vendor/laravel/framework/src/Illuminate/Database/Connectors/ConnectionFactory.php(182): Illuminate\\Database\\Connectors\\MySqlConnector->connect()
#4 [internal function]: Illuminate\\Database\\Connectors\\ConnectionFactory->Illuminate\\Database\\Connectors\\{closure}()
#5 /home/cybermonkj/Documents/Projects/tradedashv2/core/vendor/laravel/framework/src/Illuminate/Database/Connection.php(924): call_user_func()
#6 /home/cybermonkj/Documents/Projects/tradedashv2/core/vendor/laravel/framework/src/Illuminate/Database/Connection.php(959): Illuminate\\Database\\Connection->getPdo()
#7 /home/cybermonkj/Documents/Projects/tradedashv2/core/vendor/laravel/framework/src/Illuminate/Database/Connection.php(404): Illuminate\\Database\\Connection->getReadPdo()
#8 /home/cybermonkj/Documents/Projects/tradedashv2/core/vendor/laravel/framework/src/Illuminate/Database/Connection.php(330): Illuminate\\Database\\Connection->getPdoForSelect()
#9 /home/cybermonkj/Documents/Projects/tradedashv2/core/vendor/laravel/framework/src/Illuminate/Database/Connection.php(662): Illuminate\\Database\\Connection->Illuminate\\Database\\{closure}()
#10 /home/cybermonkj/Documents/Projects/tradedashv2/core/vendor/laravel/framework/src/Illuminate/Database/Connection.php(629): Illuminate\\Database\\Connection->runQueryCallback()
#11 /home/cybermonkj/Documents/Projects/tradedashv2/core/vendor/laravel/framework/src/Illuminate/Database/Connection.php(338): Illuminate\\Database\\Connection->run()
#12 /home/cybermonkj/Documents/Projects/tradedashv2/core/vendor/laravel/framework/src/Illuminate/Database/Query/Builder.php(2149): Illuminate\\Database\\Connection->select()
#13 /home/cybermonkj/Documents/Projects/tradedashv2/core/vendor/laravel/framework/src/Illuminate/Database/Query/Builder.php(2137): Illuminate\\Database\\Query\\Builder->runSelect()
#14 /home/cybermonkj/Documents/Projects/tradedashv2/core/vendor/laravel/framework/src/Illuminate/Database/Query/Builder.php(2609): Illuminate\\Database\\Query\\Builder->Illuminate\\Database\\Query\\{closure}()
#15 /home/cybermonkj/Documents/Projects/tradedashv2/core/vendor/laravel/framework/src/Illuminate/Database/Query/Builder.php(2138): Illuminate\\Database\\Query\\Builder->onceWithColumns()
#16 /home/cybermonkj/Documents/Projects/tradedashv2/core/vendor/laravel/framework/src/Illuminate/Database/Eloquent/Builder.php(537): Illuminate\\Database\\Query\\Builder->get()
#17 /home/cybermonkj/Documents/Projects/tradedashv2/core/vendor/laravel/framework/src/Illuminate/Database/Eloquent/Builder.php(521): Illuminate\\Database\\Eloquent\\Builder->getModels()
#18 /home/cybermonkj/Documents/Projects/tradedashv2/core/vendor/laravel/framework/src/Illuminate/Database/Concerns/BuildsQueries.php(143): Illuminate\\Database\\Eloquent\\Builder->get()
#19 /home/cybermonkj/Documents/Projects/tradedashv2/core/vendor/laravel/framework/src/Illuminate/Database/Eloquent/Builder.php(345): Illuminate\\Database\\Eloquent\\Builder->first()
#20 /home/cybermonkj/Documents/Projects/tradedashv2/core/vendor/laravel/framework/src/Illuminate/Support/Traits/ForwardsCalls.php(23): Illuminate\\Database\\Eloquent\\Builder->find()
#21 /home/cybermonkj/Documents/Projects/tradedashv2/core/vendor/laravel/framework/src/Illuminate/Database/Eloquent/Model.php(1622): Illuminate\\Database\\Eloquent\\Model->forwardCallTo()
#22 /home/cybermonkj/Documents/Projects/tradedashv2/core/vendor/laravel/framework/src/Illuminate/Database/Eloquent/Model.php(1634): Illuminate\\Database\\Eloquent\\Model->__call()
#23 /home/cybermonkj/Documents/Projects/tradedashv2/core/app/Http/Controllers/Auth/RegisterController.php(54): Illuminate\\Database\\Eloquent\\Model::__callStatic()
#24 [internal function]: App\\Http\\Controllers\\Auth\\RegisterController->__construct()
#25 /home/cybermonkj/Documents/Projects/tradedashv2/core/vendor/laravel/framework/src/Illuminate/Container/Container.php(843): ReflectionClass->newInstanceArgs()
#26 /home/cybermonkj/Documents/Projects/tradedashv2/core/vendor/laravel/framework/src/Illuminate/Container/Container.php(681): Illuminate\\Container\\Container->build()
#27 /home/cybermonkj/Documents/Projects/tradedashv2/core/vendor/laravel/framework/src/Illuminate/Foundation/Application.php(785): Illuminate\\Container\\Container->resolve()
#28 /home/cybermonkj/Documents/Projects/tradedashv2/core/vendor/laravel/framework/src/Illuminate/Container/Container.php(629): Illuminate\\Foundation\\Application->resolve()
#29 /home/cybermonkj/Documents/Projects/tradedashv2/core/vendor/laravel/framework/src/Illuminate/Foundation/Application.php(770): Illuminate\\Container\\Container->make()
#30 /home/cybermonkj/Documents/Projects/tradedashv2/core/vendor/laravel/framework/src/Illuminate/Routing/Route.php(233): Illuminate\\Foundation\\Application->make()
#31 /home/cybermonkj/Documents/Projects/tradedashv2/core/vendor/laravel/framework/src/Illuminate/Routing/Route.php(833): Illuminate\\Routing\\Route->getController()
#32 /home/cybermonkj/Documents/Projects/tradedashv2/core/vendor/laravel/framework/src/Illuminate/Routing/Route.php(794): Illuminate\\Routing\\Route->controllerMiddleware()
#33 /home/cybermonkj/Documents/Projects/tradedashv2/core/vendor/laravel/framework/src/Illuminate/Foundation/Console/RouteListCommand.php(173): Illuminate\\Routing\\Route->gatherMiddleware()
#34 /home/cybermonkj/Documents/Projects/tradedashv2/core/vendor/laravel/framework/src/Illuminate/Foundation/Console/RouteListCommand.php(117): Illuminate\\Foundation\\Console\\RouteListCommand->getMiddleware()
#35 /home/cybermonkj/Documents/Projects/tradedashv2/core/vendor/laravel/framework/src/Illuminate/Foundation/Console/RouteListCommand.php(89): Illuminate\\Foundation\\Console\\RouteListCommand->getRouteInformation()
#36 [internal function]: Illuminate\\Foundation\\Console\\RouteListCommand->Illuminate\\Foundation\\Console\\{closure}()
#37 /home/cybermonkj/Documents/Projects/tradedashv2/core/vendor/laravel/framework/src/Illuminate/Support/Collection.php(638): array_map()
#38 /home/cybermonkj/Documents/Projects/tradedashv2/core/vendor/laravel/framework/src/Illuminate/Foundation/Console/RouteListCommand.php(90): Illuminate\\Support\\Collection->map()
#39 /home/cybermonkj/Documents/Projects/tradedashv2/core/vendor/laravel/framework/src/Illuminate/Foundation/Console/RouteListCommand.php(74): Illuminate\\Foundation\\Console\\RouteListCommand->getRoutes()
#40 [internal function]: Illuminate\\Foundation\\Console\\RouteListCommand->handle()
#41 /home/cybermonkj/Documents/Projects/tradedashv2/core/vendor/laravel/framework/src/Illuminate/Container/BoundMethod.php(32): call_user_func_array()
#42 /home/cybermonkj/Documents/Projects/tradedashv2/core/vendor/laravel/framework/src/Illuminate/Container/Util.php(37): Illuminate\\Container\\BoundMethod::Illuminate\\Container\\{closure}()
#43 /home/cybermonkj/Documents/Projects/tradedashv2/core/vendor/laravel/framework/src/Illuminate/Container/BoundMethod.php(90): Illuminate\\Container\\Util::unwrapIfClosure()
#44 /home/cybermonkj/Documents/Projects/tradedashv2/core/vendor/laravel/framework/src/Illuminate/Container/BoundMethod.php(34): Illuminate\\Container\\BoundMethod::callBoundMethod()
#45 /home/cybermonkj/Documents/Projects/tradedashv2/core/vendor/laravel/framework/src/Illuminate/Container/Container.php(590): Illuminate\\Container\\BoundMethod::call()
#46 /home/cybermonkj/Documents/Projects/tradedashv2/core/vendor/laravel/framework/src/Illuminate/Console/Command.php(134): Illuminate\\Container\\Container->call()
#47 /home/cybermonkj/Documents/Projects/tradedashv2/core/vendor/symfony/console/Command/Command.php(255): Illuminate\\Console\\Command->execute()
#48 /home/cybermonkj/Documents/Projects/tradedashv2/core/vendor/laravel/framework/src/Illuminate/Console/Command.php(121): Symfony\\Component\\Console\\Command\\Command->run()
#49 /home/cybermonkj/Documents/Projects/tradedashv2/core/vendor/symfony/console/Application.php(1000): Illuminate\\Console\\Command->run()
#50 /home/cybermonkj/Documents/Projects/tradedashv2/core/vendor/symfony/console/Application.php(271): Symfony\\Component\\Console\\Application->doRunCommand()
#51 /home/cybermonkj/Documents/Projects/tradedashv2/core/vendor/symfony/console/Application.php(147): Symfony\\Component\\Console\\Application->doRun()
#52 /home/cybermonkj/Documents/Projects/tradedashv2/core/vendor/laravel/framework/src/Illuminate/Console/Application.php(93): Symfony\\Component\\Console\\Application->run()
#53 /home/cybermonkj/Documents/Projects/tradedashv2/core/vendor/laravel/framework/src/Illuminate/Foundation/Console/Kernel.php(131): Illuminate\\Console\\Application->run()
#54 /home/cybermonkj/Documents/Projects/tradedashv2/core/artisan(37): Illuminate\\Foundation\\Console\\Kernel->handle()
#55 {main}

[previous exception] [object] (PDOException(code: 1698): SQLSTATE[HY000] [1698] Access denied for user 'v2_dash'@'localhost' at /home/cybermonkj/Documents/Projects/tradedashv2/core/vendor/doctrine/dbal/lib/Doctrine/DBAL/Driver/PDOConnection.php:27)
[stacktrace]
#0 /home/cybermonkj/Documents/Projects/tradedashv2/core/vendor/doctrine/dbal/lib/Doctrine/DBAL/Driver/PDOConnection.php(27): PDO->__construct()
#1 /home/cybermonkj/Documents/Projects/tradedashv2/core/vendor/laravel/framework/src/Illuminate/Database/Connectors/Connector.php(67): Doctrine\\DBAL\\Driver\\PDOConnection->__construct()
#2 /home/cybermonkj/Documents/Projects/tradedashv2/core/vendor/laravel/framework/src/Illuminate/Database/Connectors/Connector.php(46): Illuminate\\Database\\Connectors\\Connector->createPdoConnection()
#3 /home/cybermonkj/Documents/Projects/tradedashv2/core/vendor/laravel/framework/src/Illuminate/Database/Connectors/MySqlConnector.php(24): Illuminate\\Database\\Connectors\\Connector->createConnection()
#4 /home/cybermonkj/Documents/Projects/tradedashv2/core/vendor/laravel/framework/src/Illuminate/Database/Connectors/ConnectionFactory.php(182): Illuminate\\Database\\Connectors\\MySqlConnector->connect()
#5 [internal function]: Illuminate\\Database\\Connectors\\ConnectionFactory->Illuminate\\Database\\Connectors\\{closure}()
#6 /home/cybermonkj/Documents/Projects/tradedashv2/core/vendor/laravel/framework/src/Illuminate/Database/Connection.php(924): call_user_func()
#7 /home/cybermonkj/Documents/Projects/tradedashv2/core/vendor/laravel/framework/src/Illuminate/Database/Connection.php(959): Illuminate\\Database\\Connection->getPdo()
#8 /home/cybermonkj/Documents/Projects/tradedashv2/core/vendor/laravel/framework/src/Illuminate/Database/Connection.php(404): Illuminate\\Database\\Connection->getReadPdo()
#9 /home/cybermonkj/Documents/Projects/tradedashv2/core/vendor/laravel/framework/src/Illuminate/Database/Connection.php(330): Illuminate\\Database\\Connection->getPdoForSelect()
#10 /home/cybermonkj/Documents/Projects/tradedashv2/core/vendor/laravel/framework/src/Illuminate/Database/Connection.php(662): Illuminate\\Database\\Connection->Illuminate\\Database\\{closure}()
#11 /home/cybermonkj/Documents/Projects/tradedashv2/core/vendor/laravel/framework/src/Illuminate/Database/Connection.php(629): Illuminate\\Database\\Connection->runQueryCallback()
#12 /home/cybermonkj/Documents/Projects/tradedashv2/core/vendor/laravel/framework/src/Illuminate/Database/Connection.php(338): Illuminate\\Database\\Connection->run()
#13 /home/cybermonkj/Documents/Projects/tradedashv2/core/vendor/laravel/framework/src/Illuminate/Database/Query/Builder.php(2149): Illuminate\\Database\\Connection->select()
#14 /home/cybermonkj/Documents/Projects/tradedashv2/core/vendor/laravel/framework/src/Illuminate/Database/Query/Builder.php(2137): Illuminate\\Database\\Query\\Builder->runSelect()
#15 /home/cybermonkj/Documents/Projects/tradedashv2/core/vendor/laravel/framework/src/Illuminate/Database/Query/Builder.php(2609): Illuminate\\Database\\Query\\Builder->Illuminate\\Database\\Query\\{closure}()
#16 /home/cybermonkj/Documents/Projects/tradedashv2/core/vendor/laravel/framework/src/Illuminate/Database/Query/Builder.php(2138): Illuminate\\Database\\Query\\Builder->onceWithColumns()
#17 /home/cybermonkj/Documents/Projects/tradedashv2/core/vendor/laravel/framework/src/Illuminate/Database/Eloquent/Builder.php(537): Illuminate\\Database\\Query\\Builder->get()
#18 /home/cybermonkj/Documents/Projects/tradedashv2/core/vendor/laravel/framework/src/Illuminate/Database/Eloquent/Builder.php(521): Illuminate\\Database\\Eloquent\\Builder->getModels()
#19 /home/cybermonkj/Documents/Projects/tradedashv2/core/vendor/laravel/framework/src/Illuminate/Database/Concerns/BuildsQueries.php(143): Illuminate\\Database\\Eloquent\\Builder->get()
#20 /home/cybermonkj/Documents/Projects/tradedashv2/core/vendor/laravel/framework/src/Illuminate/Database/Eloquent/Builder.php(345): Illuminate\\Database\\Eloquent\\Builder->first()
#21 /home/cybermonkj/Documents/Projects/tradedashv2/core/vendor/laravel/framework/src/Illuminate/Support/Traits/ForwardsCalls.php(23): Illuminate\\Database\\Eloquent\\Builder->find()
#22 /home/cybermonkj/Documents/Projects/tradedashv2/core/vendor/laravel/framework/src/Illuminate/Database/Eloquent/Model.php(1622): Illuminate\\Database\\Eloquent\\Model->forwardCallTo()
#23 /home/cybermonkj/Documents/Projects/tradedashv2/core/vendor/laravel/framework/src/Illuminate/Database/Eloquent/Model.php(1634): Illuminate\\Database\\Eloquent\\Model->__call()
#24 /home/cybermonkj/Documents/Projects/tradedashv2/core/app/Http/Controllers/Auth/RegisterController.php(54): Illuminate\\Database\\Eloquent\\Model::__callStatic()
#25 [internal function]: App\\Http\\Controllers\\Auth\\RegisterController->__construct()
#26 /home/cybermonkj/Documents/Projects/tradedashv2/core/vendor/laravel/framework/src/Illuminate/Container/Container.php(843): ReflectionClass->newInstanceArgs()
#27 /home/cybermonkj/Documents/Projects/tradedashv2/core/vendor/laravel/framework/src/Illuminate/Container/Container.php(681): Illuminate\\Container\\Container->build()
#28 /home/cybermonkj/Documents/Projects/tradedashv2/core/vendor/laravel/framework/src/Illuminate/Foundation/Application.php(785): Illuminate\\Container\\Container->resolve()
#29 /home/cybermonkj/Documents/Projects/tradedashv2/core/vendor/laravel/framework/src/Illuminate/Container/Container.php(629): Illuminate\\Foundation\\Application->resolve()
#30 /home/cybermonkj/Documents/Projects/tradedashv2/core/vendor/laravel/framework/src/Illuminate/Foundation/Application.php(770): Illuminate\\Container\\Container->make()
#31 /home/cybermonkj/Documents/Projects/tradedashv2/core/vendor/laravel/framework/src/Illuminate/Routing/Route.php(233): Illuminate\\Foundation\\Application->make()
#32 /home/cybermonkj/Documents/Projects/tradedashv2/core/vendor/laravel/framework/src/Illuminate/Routing/Route.php(833): Illuminate\\Routing\\Route->getController()
#33 /home/cybermonkj/Documents/Projects/tradedashv2/core/vendor/laravel/framework/src/Illuminate/Routing/Route.php(794): Illuminate\\Routing\\Route->controllerMiddleware()
#34 /home/cybermonkj/Documents/Projects/tradedashv2/core/vendor/laravel/framework/src/Illuminate/Foundation/Console/RouteListCommand.php(173): Illuminate\\Routing\\Route->gatherMiddleware()
#35 /home/cybermonkj/Documents/Projects/tradedashv2/core/vendor/laravel/framework/src/Illuminate/Foundation/Console/RouteListCommand.php(117): Illuminate\\Foundation\\Console\\RouteListCommand->getMiddleware()
#36 /home/cybermonkj/Documents/Projects/tradedashv2/core/vendor/laravel/framework/src/Illuminate/Foundation/Console/RouteListCommand.php(89): Illuminate\\Foundation\\Console\\RouteListCommand->getRouteInformation()
#37 [internal function]: Illuminate\\Foundation\\Console\\RouteListCommand->Illuminate\\Foundation\\Console\\{closure}()
#38 /home/cybermonkj/Documents/Projects/tradedashv2/core/vendor/laravel/framework/src/Illuminate/Support/Collection.php(638): array_map()
#39 /home/cybermonkj/Documents/Projects/tradedashv2/core/vendor/laravel/framework/src/Illuminate/Foundation/Console/RouteListCommand.php(90): Illuminate\\Support\\Collection->map()
#40 /home/cybermonkj/Documents/Projects/tradedashv2/core/vendor/laravel/framework/src/Illuminate/Foundation/Console/RouteListCommand.php(74): Illuminate\\Foundation\\Console\\RouteListCommand->getRoutes()
#41 [internal function]: Illuminate\\Foundation\\Console\\RouteListCommand->handle()
#42 /home/cybermonkj/Documents/Projects/tradedashv2/core/vendor/laravel/framework/src/Illuminate/Container/BoundMethod.php(32): call_user_func_array()
#43 /home/cybermonkj/Documents/Projects/tradedashv2/core/vendor/laravel/framework/src/Illuminate/Container/Util.php(37): Illuminate\\Container\\BoundMethod::Illuminate\\Container\\{closure}()
#44 /home/cybermonkj/Documents/Projects/tradedashv2/core/vendor/laravel/framework/src/Illuminate/Container/BoundMethod.php(90): Illuminate\\Container\\Util::unwrapIfClosure()
#45 /home/cybermonkj/Documents/Projects/tradedashv2/core/vendor/laravel/framework/src/Illuminate/Container/BoundMethod.php(34): Illuminate\\Container\\BoundMethod::callBoundMethod()
#46 /home/cybermonkj/Documents/Projects/tradedashv2/core/vendor/laravel/framework/src/Illuminate/Container/Container.php(590): Illuminate\\Container\\BoundMethod::call()
#47 /home/cybermonkj/Documents/Projects/tradedashv2/core/vendor/laravel/framework/src/Illuminate/Console/Command.php(134): Illuminate\\Container\\Container->call()
#48 /home/cybermonkj/Documents/Projects/tradedashv2/core/vendor/symfony/console/Command/Command.php(255): Illuminate\\Console\\Command->execute()
#49 /home/cybermonkj/Documents/Projects/tradedashv2/core/vendor/laravel/framework/src/Illuminate/Console/Command.php(121): Symfony\\Component\\Console\\Command\\Command->run()
#50 /home/cybermonkj/Documents/Projects/tradedashv2/core/vendor/symfony/console/Application.php(1000): Illuminate\\Console\\Command->run()
#51 /home/cybermonkj/Documents/Projects/tradedashv2/core/vendor/symfony/console/Application.php(271): Symfony\\Component\\Console\\Application->doRunCommand()
#52 /home/cybermonkj/Documents/Projects/tradedashv2/core/vendor/symfony/console/Application.php(147): Symfony\\Component\\Console\\Application->doRun()
#53 /home/cybermonkj/Documents/Projects/tradedashv2/core/vendor/laravel/framework/src/Illuminate/Console/Application.php(93): Symfony\\Component\\Console\\Application->run()
#54 /home/cybermonkj/Documents/Projects/tradedashv2/core/vendor/laravel/framework/src/Illuminate/Foundation/Console/Kernel.php(131): Illuminate\\Console\\Application->run()
#55 /home/cybermonkj/Documents/Projects/tradedashv2/core/artisan(37): Illuminate\\Foundation\\Console\\Kernel->handle()
#56 {main}
"} 
[2021-02-07 15:14:42] production.ERROR: Receiver does not accept that coin! {"userId":676,"exception":"[object] (Kevupton\\LaravelCoinpayments\\Exceptions\\CoinPaymentsResponseError(code: 0): Receiver does not accept that coin! at /home/v2.tradepander.com/public_html/core/vendor/kevupton/laravel-coinpayments/src/Kevupton/LaravelCoinpayments/LaravelCoinpayments.php:77)
[stacktrace]
#0 /home/v2.tradepander.com/public_html/core/vendor/kevupton/laravel-coinpayments/src/Kevupton/LaravelCoinpayments/Coinpayments.php(96): Kevupton\\LaravelCoinpayments\\LaravelCoinpayments->apiCall()
#1 /home/v2.tradepander.com/public_html/core/vendor/laravel/framework/src/Illuminate/Support/Facades/Facade.php(261): Kevupton\\LaravelCoinpayments\\Coinpayments->createTransactionSimple()
#2 /home/v2.tradepander.com/public_html/core/vendor/baselock/baselock.php(1634): Illuminate\\Support\\Facades\\Facade::__callStatic()
#3 [internal function]: App\\Http\\Controllers\\userController->pay_btc_amt()
#4 /home/v2.tradepander.com/public_html/core/vendor/laravel/framework/src/Illuminate/Routing/Controller.php(54): call_user_func_array()
#5 /home/v2.tradepander.com/public_html/core/vendor/laravel/framework/src/Illuminate/Routing/ControllerDispatcher.php(45): Illuminate\\Routing\\Controller->callAction()
#6 /home/v2.tradepander.com/public_html/core/vendor/laravel/framework/src/Illuminate/Routing/Route.php(219): Illuminate\\Routing\\ControllerDispatcher->dispatch()
#7 /home/v2.tradepander.com/public_html/core/vendor/laravel/framework/src/Illuminate/Routing/Route.php(176): Illuminate\\Routing\\Route->runController()
#8 /home/v2.tradepander.com/public_html/core/vendor/laravel/framework/src/Illuminate/Routing/Router.php(681): Illuminate\\Routing\\Route->run()
#9 /home/v2.tradepander.com/public_html/core/vendor/laravel/framework/src/Illuminate/Pipeline/Pipeline.php(130): Illuminate\\Routing\\Router->Illuminate\\Routing\\{closure}()
#10 /home/v2.tradepander.com/public_html/core/vendor/laravel/framework/src/Illuminate/Routing/Middleware/SubstituteBindings.php(41): Illuminate\\Pipeline\\Pipeline->Illuminate\\Pipeline\\{closure}()
#11 /home/v2.tradepander.com/public_html/core/vendor/laravel/framework/src/Illuminate/Pipeline/Pipeline.php(171): Illuminate\\Routing\\Middleware\\SubstituteBindings->handle()
#12 /home/v2.tradepander.com/public_html/core/vendor/laravel/framework/src/Illuminate/View/Middleware/ShareErrorsFromSession.php(49): Illuminate\\Pipeline\\Pipeline->Illuminate\\Pipeline\\{closure}()
#13 /home/v2.tradepander.com/public_html/core/vendor/laravel/framework/src/Illuminate/Pipeline/Pipeline.php(171): Illuminate\\View\\Middleware\\ShareErrorsFromSession->handle()
#14 /home/v2.tradepander.com/public_html/core/vendor/laravel/framework/src/Illuminate/Session/Middleware/StartSession.php(56): Illuminate\\Pipeline\\Pipeline->Illuminate\\Pipeline\\{closure}()
#15 /home/v2.tradepander.com/public_html/core/vendor/laravel/framework/src/Illuminate/Pipeline/Pipeline.php(171): Illuminate\\Session\\Middleware\\StartSession->handle()
#16 /home/v2.tradepander.com/public_html/core/vendor/laravel/framework/src/Illuminate/Cookie/Middleware/AddQueuedCookiesToResponse.php(37): Illuminate\\Pipeline\\Pipeline->Illuminate\\Pipeline\\{closure}()
#17 /home/v2.tradepander.com/public_html/core/vendor/laravel/framework/src/Illuminate/Pipeline/Pipeline.php(171): Illuminate\\Cookie\\Middleware\\AddQueuedCookiesToResponse->handle()
#18 /home/v2.tradepander.com/public_html/core/vendor/laravel/framework/src/Illuminate/Cookie/Middleware/EncryptCookies.php(67): Illuminate\\Pipeline\\Pipeline->Illuminate\\Pipeline\\{closure}()
#19 /home/v2.tradepander.com/public_html/core/vendor/laravel/framework/src/Illuminate/Pipeline/Pipeline.php(171): Illuminate\\Cookie\\Middleware\\EncryptCookies->handle()
#20 /home/v2.tradepander.com/public_html/core/vendor/laravel/framework/src/Illuminate/Pipeline/Pipeline.php(105): Illuminate\\Pipeline\\Pipeline->Illuminate\\Pipeline\\{closure}()
#21 /home/v2.tradepander.com/public_html/core/vendor/laravel/framework/src/Illuminate/Routing/Router.php(683): Illuminate\\Pipeline\\Pipeline->then()
#22 /home/v2.tradepander.com/public_html/core/vendor/laravel/framework/src/Illuminate/Routing/Router.php(658): Illuminate\\Routing\\Router->runRouteWithinStack()
#23 /home/v2.tradepander.com/public_html/core/vendor/laravel/framework/src/Illuminate/Routing/Router.php(624): Illuminate\\Routing\\Router->runRoute()
#24 /home/v2.tradepander.com/public_html/core/vendor/laravel/framework/src/Illuminate/Routing/Router.php(613): Illuminate\\Routing\\Router->dispatchToRoute()
#25 /home/v2.tradepander.com/public_html/core/vendor/laravel/framework/src/Illuminate/Foundation/Http/Kernel.php(170): Illuminate\\Routing\\Router->dispatch()
#26 /home/v2.tradepander.com/public_html/core/vendor/laravel/framework/src/Illuminate/Pipeline/Pipeline.php(130): Illuminate\\Foundation\\Http\\Kernel->Illuminate\\Foundation\\Http\\{closure}()
#27 /home/v2.tradepander.com/public_html/core/vendor/fideloper/proxy/src/TrustProxies.php(57): Illuminate\\Pipeline\\Pipeline->Illuminate\\Pipeline\\{closure}()
#28 /home/v2.tradepander.com/public_html/core/vendor/laravel/framework/src/Illuminate/Pipeline/Pipeline.php(171): Fideloper\\Proxy\\TrustProxies->handle()
#29 /home/v2.tradepander.com/public_html/core/vendor/laravel/framework/src/Illuminate/Foundation/Http/Middleware/TransformsRequest.php(21): Illuminate\\Pipeline\\Pipeline->Illuminate\\Pipeline\\{closure}()
#30 /home/v2.tradepander.com/public_html/core/vendor/laravel/framework/src/Illuminate/Pipeline/Pipeline.php(171): Illuminate\\Foundation\\Http\\Middleware\\TransformsRequest->handle()
#31 /home/v2.tradepander.com/public_html/core/vendor/laravel/framework/src/Illuminate/Foundation/Http/Middleware/TransformsRequest.php(21): Illuminate\\Pipeline\\Pipeline->Illuminate\\Pipeline\\{closure}()
#32 /home/v2.tradepander.com/public_html/core/vendor/laravel/framework/src/Illuminate/Pipeline/Pipeline.php(171): Illuminate\\Foundation\\Http\\Middleware\\TransformsRequest->handle()
#33 /home/v2.tradepander.com/public_html/core/vendor/laravel/framework/src/Illuminate/Foundation/Http/Middleware/ValidatePostSize.php(27): Illuminate\\Pipeline\\Pipeline->Illuminate\\Pipeline\\{closure}()
#34 /home/v2.tradepander.com/public_html/core/vendor/laravel/framework/src/Illuminate/Pipeline/Pipeline.php(171): Illuminate\\Foundation\\Http\\Middleware\\ValidatePostSize->handle()
#35 /home/v2.tradepander.com/public_html/core/vendor/laravel/framework/src/Illuminate/Foundation/Http/Middleware/CheckForMaintenanceMode.php(63): Illuminate\\Pipeline\\Pipeline->Illuminate\\Pipeline\\{closure}()
#36 /home/v2.tradepander.com/public_html/core/vendor/laravel/framework/src/Illuminate/Pipeline/Pipeline.php(171): Illuminate\\Foundation\\Http\\Middleware\\CheckForMaintenanceMode->handle()
#37 /home/v2.tradepander.com/public_html/core/vendor/laravel/framework/src/Illuminate/Pipeline/Pipeline.php(105): Illuminate\\Pipeline\\Pipeline->Illuminate\\Pipeline\\{closure}()
#38 /home/v2.tradepander.com/public_html/core/vendor/laravel/framework/src/Illuminate/Foundation/Http/Kernel.php(145): Illuminate\\Pipeline\\Pipeline->then()
#39 /home/v2.tradepander.com/public_html/core/vendor/laravel/framework/src/Illuminate/Foundation/Http/Kernel.php(110): Illuminate\\Foundation\\Http\\Kernel->sendRequestThroughRouter()
#40 /home/v2.tradepander.com/public_html/index.php(55): Illuminate\\Foundation\\Http\\Kernel->handle()
#41 {main}
"} 
[2021-02-07 15:14:57] production.ERROR: Receiver does not accept that coin! {"userId":676,"exception":"[object] (Kevupton\\LaravelCoinpayments\\Exceptions\\CoinPaymentsResponseError(code: 0): Receiver does not accept that coin! at /home/v2.tradepander.com/public_html/core/vendor/kevupton/laravel-coinpayments/src/Kevupton/LaravelCoinpayments/LaravelCoinpayments.php:77)
[stacktrace]
#0 /home/v2.tradepander.com/public_html/core/vendor/kevupton/laravel-coinpayments/src/Kevupton/LaravelCoinpayments/Coinpayments.php(96): Kevupton\\LaravelCoinpayments\\LaravelCoinpayments->apiCall()
#1 /home/v2.tradepander.com/public_html/core/vendor/laravel/framework/src/Illuminate/Support/Facades/Facade.php(261): Kevupton\\LaravelCoinpayments\\Coinpayments->createTransactionSimple()
#2 /home/v2.tradepander.com/public_html/core/vendor/baselock/baselock.php(1634): Illuminate\\Support\\Facades\\Facade::__callStatic()
#3 [internal function]: App\\Http\\Controllers\\userController->pay_btc_amt()
#4 /home/v2.tradepander.com/public_html/core/vendor/laravel/framework/src/Illuminate/Routing/Controller.php(54): call_user_func_array()
#5 /home/v2.tradepander.com/public_html/core/vendor/laravel/framework/src/Illuminate/Routing/ControllerDispatcher.php(45): Illuminate\\Routing\\Controller->callAction()
#6 /home/v2.tradepander.com/public_html/core/vendor/laravel/framework/src/Illuminate/Routing/Route.php(219): Illuminate\\Routing\\ControllerDispatcher->dispatch()
#7 /home/v2.tradepander.com/public_html/core/vendor/laravel/framework/src/Illuminate/Routing/Route.php(176): Illuminate\\Routing\\Route->runController()
#8 /home/v2.tradepander.com/public_html/core/vendor/laravel/framework/src/Illuminate/Routing/Router.php(681): Illuminate\\Routing\\Route->run()
#9 /home/v2.tradepander.com/public_html/core/vendor/laravel/framework/src/Illuminate/Pipeline/Pipeline.php(130): Illuminate\\Routing\\Router->Illuminate\\Routing\\{closure}()
#10 /home/v2.tradepander.com/public_html/core/vendor/laravel/framework/src/Illuminate/Routing/Middleware/SubstituteBindings.php(41): Illuminate\\Pipeline\\Pipeline->Illuminate\\Pipeline\\{closure}()
#11 /home/v2.tradepander.com/public_html/core/vendor/laravel/framework/src/Illuminate/Pipeline/Pipeline.php(171): Illuminate\\Routing\\Middleware\\SubstituteBindings->handle()
#12 /home/v2.tradepander.com/public_html/core/vendor/laravel/framework/src/Illuminate/View/Middleware/ShareErrorsFromSession.php(49): Illuminate\\Pipeline\\Pipeline->Illuminate\\Pipeline\\{closure}()
#13 /home/v2.tradepander.com/public_html/core/vendor/laravel/framework/src/Illuminate/Pipeline/Pipeline.php(171): Illuminate\\View\\Middleware\\ShareErrorsFromSession->handle()
#14 /home/v2.tradepander.com/public_html/core/vendor/laravel/framework/src/Illuminate/Session/Middleware/StartSession.php(56): Illuminate\\Pipeline\\Pipeline->Illuminate\\Pipeline\\{closure}()
#15 /home/v2.tradepander.com/public_html/core/vendor/laravel/framework/src/Illuminate/Pipeline/Pipeline.php(171): Illuminate\\Session\\Middleware\\StartSession->handle()
#16 /home/v2.tradepander.com/public_html/core/vendor/laravel/framework/src/Illuminate/Cookie/Middleware/AddQueuedCookiesToResponse.php(37): Illuminate\\Pipeline\\Pipeline->Illuminate\\Pipeline\\{closure}()
#17 /home/v2.tradepander.com/public_html/core/vendor/laravel/framework/src/Illuminate/Pipeline/Pipeline.php(171): Illuminate\\Cookie\\Middleware\\AddQueuedCookiesToResponse->handle()
#18 /home/v2.tradepander.com/public_html/core/vendor/laravel/framework/src/Illuminate/Cookie/Middleware/EncryptCookies.php(67): Illuminate\\Pipeline\\Pipeline->Illuminate\\Pipeline\\{closure}()
#19 /home/v2.tradepander.com/public_html/core/vendor/laravel/framework/src/Illuminate/Pipeline/Pipeline.php(171): Illuminate\\Cookie\\Middleware\\EncryptCookies->handle()
#20 /home/v2.tradepander.com/public_html/core/vendor/laravel/framework/src/Illuminate/Pipeline/Pipeline.php(105): Illuminate\\Pipeline\\Pipeline->Illuminate\\Pipeline\\{closure}()
#21 /home/v2.tradepander.com/public_html/core/vendor/laravel/framework/src/Illuminate/Routing/Router.php(683): Illuminate\\Pipeline\\Pipeline->then()
#22 /home/v2.tradepander.com/public_html/core/vendor/laravel/framework/src/Illuminate/Routing/Router.php(658): Illuminate\\Routing\\Router->runRouteWithinStack()
#23 /home/v2.tradepander.com/public_html/core/vendor/laravel/framework/src/Illuminate/Routing/Router.php(624): Illuminate\\Routing\\Router->runRoute()
#24 /home/v2.tradepander.com/public_html/core/vendor/laravel/framework/src/Illuminate/Routing/Router.php(613): Illuminate\\Routing\\Router->dispatchToRoute()
#25 /home/v2.tradepander.com/public_html/core/vendor/laravel/framework/src/Illuminate/Foundation/Http/Kernel.php(170): Illuminate\\Routing\\Router->dispatch()
#26 /home/v2.tradepander.com/public_html/core/vendor/laravel/framework/src/Illuminate/Pipeline/Pipeline.php(130): Illuminate\\Foundation\\Http\\Kernel->Illuminate\\Foundation\\Http\\{closure}()
#27 /home/v2.tradepander.com/public_html/core/vendor/fideloper/proxy/src/TrustProxies.php(57): Illuminate\\Pipeline\\Pipeline->Illuminate\\Pipeline\\{closure}()
#28 /home/v2.tradepander.com/public_html/core/vendor/laravel/framework/src/Illuminate/Pipeline/Pipeline.php(171): Fideloper\\Proxy\\TrustProxies->handle()
#29 /home/v2.tradepander.com/public_html/core/vendor/laravel/framework/src/Illuminate/Foundation/Http/Middleware/TransformsRequest.php(21): Illuminate\\Pipeline\\Pipeline->Illuminate\\Pipeline\\{closure}()
#30 /home/v2.tradepander.com/public_html/core/vendor/laravel/framework/src/Illuminate/Pipeline/Pipeline.php(171): Illuminate\\Foundation\\Http\\Middleware\\TransformsRequest->handle()
#31 /home/v2.tradepander.com/public_html/core/vendor/laravel/framework/src/Illuminate/Foundation/Http/Middleware/TransformsRequest.php(21): Illuminate\\Pipeline\\Pipeline->Illuminate\\Pipeline\\{closure}()
#32 /home/v2.tradepander.com/public_html/core/vendor/laravel/framework/src/Illuminate/Pipeline/Pipeline.php(171): Illuminate\\Foundation\\Http\\Middleware\\TransformsRequest->handle()
#33 /home/v2.tradepander.com/public_html/core/vendor/laravel/framework/src/Illuminate/Foundation/Http/Middleware/ValidatePostSize.php(27): Illuminate\\Pipeline\\Pipeline->Illuminate\\Pipeline\\{closure}()
#34 /home/v2.tradepander.com/public_html/core/vendor/laravel/framework/src/Illuminate/Pipeline/Pipeline.php(171): Illuminate\\Foundation\\Http\\Middleware\\ValidatePostSize->handle()
#35 /home/v2.tradepander.com/public_html/core/vendor/laravel/framework/src/Illuminate/Foundation/Http/Middleware/CheckForMaintenanceMode.php(63): Illuminate\\Pipeline\\Pipeline->Illuminate\\Pipeline\\{closure}()
#36 /home/v2.tradepander.com/public_html/core/vendor/laravel/framework/src/Illuminate/Pipeline/Pipeline.php(171): Illuminate\\Foundation\\Http\\Middleware\\CheckForMaintenanceMode->handle()
#37 /home/v2.tradepander.com/public_html/core/vendor/laravel/framework/src/Illuminate/Pipeline/Pipeline.php(105): Illuminate\\Pipeline\\Pipeline->Illuminate\\Pipeline\\{closure}()
#38 /home/v2.tradepander.com/public_html/core/vendor/laravel/framework/src/Illuminate/Foundation/Http/Kernel.php(145): Illuminate\\Pipeline\\Pipeline->then()
#39 /home/v2.tradepander.com/public_html/core/vendor/laravel/framework/src/Illuminate/Foundation/Http/Kernel.php(110): Illuminate\\Foundation\\Http\\Kernel->sendRequestThroughRouter()
#40 /home/v2.tradepander.com/public_html/index.php(55): Illuminate\\Foundation\\Http\\Kernel->handle()
#41 {main}
"} 
[2021-02-07 16:32:19] production.ERROR: SQLSTATE[HY000]: General error: 1267 Illegal mix of collations (latin1_swedish_ci,IMPLICIT) and (utf8mb4_unicode_ci,COERCIBLE) for operation '=' (SQL: select count(*) as aggregate from `users` where `username` = Pascalabi 🥰🥰) {"exception":"[object] (Illuminate\\Database\\QueryException(code: HY000): SQLSTATE[HY000]: General error: 1267 Illegal mix of collations (latin1_swedish_ci,IMPLICIT) and (utf8mb4_unicode_ci,COERCIBLE) for operation '=' (SQL: select count(*) as aggregate from `users` where `username` = Pascalabi 🥰🥰) at /home/v2.tradepander.com/public_html/core/vendor/laravel/framework/src/Illuminate/Database/Connection.php:669)
[stacktrace]
#0 /home/v2.tradepander.com/public_html/core/vendor/laravel/framework/src/Illuminate/Database/Connection.php(629): Illuminate\\Database\\Connection->runQueryCallback()
#1 /home/v2.tradepander.com/public_html/core/vendor/laravel/framework/src/Illuminate/Database/Connection.php(338): Illuminate\\Database\\Connection->run()
#2 /home/v2.tradepander.com/public_html/core/vendor/laravel/framework/src/Illuminate/Database/Query/Builder.php(2149): Illuminate\\Database\\Connection->select()
#3 /home/v2.tradepander.com/public_html/core/vendor/laravel/framework/src/Illuminate/Database/Query/Builder.php(2137): Illuminate\\Database\\Query\\Builder->runSelect()
#4 /home/v2.tradepander.com/public_html/core/vendor/laravel/framework/src/Illuminate/Database/Query/Builder.php(2609): Illuminate\\Database\\Query\\Builder->Illuminate\\Database\\Query\\{closure}()
#5 /home/v2.tradepander.com/public_html/core/vendor/laravel/framework/src/Illuminate/Database/Query/Builder.php(2138): Illuminate\\Database\\Query\\Builder->onceWithColumns()
#6 /home/v2.tradepander.com/public_html/core/vendor/laravel/framework/src/Illuminate/Database/Query/Builder.php(2536): Illuminate\\Database\\Query\\Builder->get()
#7 /home/v2.tradepander.com/public_html/core/vendor/laravel/framework/src/Illuminate/Database/Query/Builder.php(2464): Illuminate\\Database\\Query\\Builder->aggregate()
#8 /home/v2.tradepander.com/public_html/core/vendor/laravel/framework/src/Illuminate/Validation/DatabasePresenceVerifier.php(55): Illuminate\\Database\\Query\\Builder->count()
#9 /home/v2.tradepander.com/public_html/core/vendor/laravel/framework/src/Illuminate/Validation/Concerns/ValidatesAttributes.php(756): Illuminate\\Validation\\DatabasePresenceVerifier->getCount()
#10 /home/v2.tradepander.com/public_html/core/vendor/laravel/framework/src/Illuminate/Validation/Validator.php(469): Illuminate\\Validation\\Validator->validateUnique()
#11 /home/v2.tradepander.com/public_html/core/vendor/laravel/framework/src/Illuminate/Validation/Validator.php(311): Illuminate\\Validation\\Validator->validateAttribute()
#12 /home/v2.tradepander.com/public_html/core/vendor/laravel/framework/src/Illuminate/Validation/Validator.php(342): Illuminate\\Validation\\Validator->passes()
#13 /home/v2.tradepander.com/public_html/core/vendor/laravel/framework/src/Illuminate/Validation/Validator.php(385): Illuminate\\Validation\\Validator->fails()
#14 /home/v2.tradepander.com/public_html/core/vendor/laravel/framework/src/Illuminate/Foundation/Auth/RegistersUsers.php(31): Illuminate\\Validation\\Validator->validate()
#15 [internal function]: App\\Http\\Controllers\\Auth\\RegisterController->register()
#16 /home/v2.tradepander.com/public_html/core/vendor/laravel/framework/src/Illuminate/Routing/Controller.php(54): call_user_func_array()
#17 /home/v2.tradepander.com/public_html/core/vendor/laravel/framework/src/Illuminate/Routing/ControllerDispatcher.php(45): Illuminate\\Routing\\Controller->callAction()
#18 /home/v2.tradepander.com/public_html/core/vendor/laravel/framework/src/Illuminate/Routing/Route.php(219): Illuminate\\Routing\\ControllerDispatcher->dispatch()
#19 /home/v2.tradepander.com/public_html/core/vendor/laravel/framework/src/Illuminate/Routing/Route.php(176): Illuminate\\Routing\\Route->runController()
#20 /home/v2.tradepander.com/public_html/core/vendor/laravel/framework/src/Illuminate/Routing/Router.php(681): Illuminate\\Routing\\Route->run()
#21 /home/v2.tradepander.com/public_html/core/vendor/laravel/framework/src/Illuminate/Pipeline/Pipeline.php(130): Illuminate\\Routing\\Router->Illuminate\\Routing\\{closure}()
#22 /home/v2.tradepander.com/public_html/core/app/Http/Middleware/RedirectIfAuthenticated.php(25): Illuminate\\Pipeline\\Pipeline->Illuminate\\Pipeline\\{closure}()
#23 /home/v2.tradepander.com/public_html/core/vendor/laravel/framework/src/Illuminate/Pipeline/Pipeline.php(171): App\\Http\\Middleware\\RedirectIfAuthenticated->handle()
#24 /home/v2.tradepander.com/public_html/core/vendor/laravel/framework/src/Illuminate/Routing/Middleware/SubstituteBindings.php(41): Illuminate\\Pipeline\\Pipeline->Illuminate\\Pipeline\\{closure}()
#25 /home/v2.tradepander.com/public_html/core/vendor/laravel/framework/src/Illuminate/Pipeline/Pipeline.php(171): Illuminate\\Routing\\Middleware\\SubstituteBindings->handle()
#26 /home/v2.tradepander.com/public_html/core/vendor/laravel/framework/src/Illuminate/View/Middleware/ShareErrorsFromSession.php(49): Illuminate\\Pipeline\\Pipeline->Illuminate\\Pipeline\\{closure}()
#27 /home/v2.tradepander.com/public_html/core/vendor/laravel/framework/src/Illuminate/Pipeline/Pipeline.php(171): Illuminate\\View\\Middleware\\ShareErrorsFromSession->handle()
#28 /home/v2.tradepander.com/public_html/core/vendor/laravel/framework/src/Illuminate/Session/Middleware/StartSession.php(56): Illuminate\\Pipeline\\Pipeline->Illuminate\\Pipeline\\{closure}()
#29 /home/v2.tradepander.com/public_html/core/vendor/laravel/framework/src/Illuminate/Pipeline/Pipeline.php(171): Illuminate\\Session\\Middleware\\StartSession->handle()
#30 /home/v2.tradepander.com/public_html/core/vendor/laravel/framework/src/Illuminate/Cookie/Middleware/AddQueuedCookiesToResponse.php(37): Illuminate\\Pipeline\\Pipeline->Illuminate\\Pipeline\\{closure}()
#31 /home/v2.tradepander.com/public_html/core/vendor/laravel/framework/src/Illuminate/Pipeline/Pipeline.php(171): Illuminate\\Cookie\\Middleware\\AddQueuedCookiesToResponse->handle()
#32 /home/v2.tradepander.com/public_html/core/vendor/laravel/framework/src/Illuminate/Cookie/Middleware/EncryptCookies.php(67): Illuminate\\Pipeline\\Pipeline->Illuminate\\Pipeline\\{closure}()
#33 /home/v2.tradepander.com/public_html/core/vendor/laravel/framework/src/Illuminate/Pipeline/Pipeline.php(171): Illuminate\\Cookie\\Middleware\\EncryptCookies->handle()
#34 /home/v2.tradepander.com/public_html/core/vendor/laravel/framework/src/Illuminate/Pipeline/Pipeline.php(105): Illuminate\\Pipeline\\Pipeline->Illuminate\\Pipeline\\{closure}()
#35 /home/v2.tradepander.com/public_html/core/vendor/laravel/framework/src/Illuminate/Routing/Router.php(683): Illuminate\\Pipeline\\Pipeline->then()
#36 /home/v2.tradepander.com/public_html/core/vendor/laravel/framework/src/Illuminate/Routing/Router.php(658): Illuminate\\Routing\\Router->runRouteWithinStack()
#37 /home/v2.tradepander.com/public_html/core/vendor/laravel/framework/src/Illuminate/Routing/Router.php(624): Illuminate\\Routing\\Router->runRoute()
#38 /home/v2.tradepander.com/public_html/core/vendor/laravel/framework/src/Illuminate/Routing/Router.php(613): Illuminate\\Routing\\Router->dispatchToRoute()
#39 /home/v2.tradepander.com/public_html/core/vendor/laravel/framework/src/Illuminate/Foundation/Http/Kernel.php(170): Illuminate\\Routing\\Router->dispatch()
#40 /home/v2.tradepander.com/public_html/core/vendor/laravel/framework/src/Illuminate/Pipeline/Pipeline.php(130): Illuminate\\Foundation\\Http\\Kernel->Illuminate\\Foundation\\Http\\{closure}()
#41 /home/v2.tradepander.com/public_html/core/vendor/fideloper/proxy/src/TrustProxies.php(57): Illuminate\\Pipeline\\Pipeline->Illuminate\\Pipeline\\{closure}()
#42 /home/v2.tradepander.com/public_html/core/vendor/laravel/framework/src/Illuminate/Pipeline/Pipeline.php(171): Fideloper\\Proxy\\TrustProxies->handle()
#43 /home/v2.tradepander.com/public_html/core/vendor/laravel/framework/src/Illuminate/Foundation/Http/Middleware/TransformsRequest.php(21): Illuminate\\Pipeline\\Pipeline->Illuminate\\Pipeline\\{closure}()
#44 /home/v2.tradepander.com/public_html/core/vendor/laravel/framework/src/Illuminate/Pipeline/Pipeline.php(171): Illuminate\\Foundation\\Http\\Middleware\\TransformsRequest->handle()
#45 /home/v2.tradepander.com/public_html/core/vendor/laravel/framework/src/Illuminate/Foundation/Http/Middleware/TransformsRequest.php(21): Illuminate\\Pipeline\\Pipeline->Illuminate\\Pipeline\\{closure}()
#46 /home/v2.tradepander.com/public_html/core/vendor/laravel/framework/src/Illuminate/Pipeline/Pipeline.php(171): Illuminate\\Foundation\\Http\\Middleware\\TransformsRequest->handle()
#47 /home/v2.tradepander.com/public_html/core/vendor/laravel/framework/src/Illuminate/Foundation/Http/Middleware/ValidatePostSize.php(27): Illuminate\\Pipeline\\Pipeline->Illuminate\\Pipeline\\{closure}()
#48 /home/v2.tradepander.com/public_html/core/vendor/laravel/framework/src/Illuminate/Pipeline/Pipeline.php(171): Illuminate\\Foundation\\Http\\Middleware\\ValidatePostSize->handle()
#49 /home/v2.tradepander.com/public_html/core/vendor/laravel/framework/src/Illuminate/Foundation/Http/Middleware/CheckForMaintenanceMode.php(63): Illuminate\\Pipeline\\Pipeline->Illuminate\\Pipeline\\{closure}()
#50 /home/v2.tradepander.com/public_html/core/vendor/laravel/framework/src/Illuminate/Pipeline/Pipeline.php(171): Illuminate\\Foundation\\Http\\Middleware\\CheckForMaintenanceMode->handle()
#51 /home/v2.tradepander.com/public_html/core/vendor/laravel/framework/src/Illuminate/Pipeline/Pipeline.php(105): Illuminate\\Pipeline\\Pipeline->Illuminate\\Pipeline\\{closure}()
#52 /home/v2.tradepander.com/public_html/core/vendor/laravel/framework/src/Illuminate/Foundation/Http/Kernel.php(145): Illuminate\\Pipeline\\Pipeline->then()
#53 /home/v2.tradepander.com/public_html/core/vendor/laravel/framework/src/Illuminate/Foundation/Http/Kernel.php(110): Illuminate\\Foundation\\Http\\Kernel->sendRequestThroughRouter()
#54 /home/v2.tradepander.com/public_html/index.php(55): Illuminate\\Foundation\\Http\\Kernel->handle()
#55 {main}

[previous exception] [object] (Doctrine\\DBAL\\Driver\\PDOException(code: HY000): SQLSTATE[HY000]: General error: 1267 Illegal mix of collations (latin1_swedish_ci,IMPLICIT) and (utf8mb4_unicode_ci,COERCIBLE) for operation '=' at /home/v2.tradepander.com/public_html/core/vendor/doctrine/dbal/lib/Doctrine/DBAL/Driver/PDOStatement.php:129)
[stacktrace]
#0 /home/v2.tradepander.com/public_html/core/vendor/laravel/framework/src/Illuminate/Database/Connection.php(335): Doctrine\\DBAL\\Driver\\PDOStatement->execute()
#1 /home/v2.tradepander.com/public_html/core/vendor/laravel/framework/src/Illuminate/Database/Connection.php(662): Illuminate\\Database\\Connection->Illuminate\\Database\\{closure}()
#2 /home/v2.tradepander.com/public_html/core/vendor/laravel/framework/src/Illuminate/Database/Connection.php(629): Illuminate\\Database\\Connection->runQueryCallback()
#3 /home/v2.tradepander.com/public_html/core/vendor/laravel/framework/src/Illuminate/Database/Connection.php(338): Illuminate\\Database\\Connection->run()
#4 /home/v2.tradepander.com/public_html/core/vendor/laravel/framework/src/Illuminate/Database/Query/Builder.php(2149): Illuminate\\Database\\Connection->select()
#5 /home/v2.tradepander.com/public_html/core/vendor/laravel/framework/src/Illuminate/Database/Query/Builder.php(2137): Illuminate\\Database\\Query\\Builder->runSelect()
#6 /home/v2.tradepander.com/public_html/core/vendor/laravel/framework/src/Illuminate/Database/Query/Builder.php(2609): Illuminate\\Database\\Query\\Builder->Illuminate\\Database\\Query\\{closure}()
#7 /home/v2.tradepander.com/public_html/core/vendor/laravel/framework/src/Illuminate/Database/Query/Builder.php(2138): Illuminate\\Database\\Query\\Builder->onceWithColumns()
#8 /home/v2.tradepander.com/public_html/core/vendor/laravel/framework/src/Illuminate/Database/Query/Builder.php(2536): Illuminate\\Database\\Query\\Builder->get()
#9 /home/v2.tradepander.com/public_html/core/vendor/laravel/framework/src/Illuminate/Database/Query/Builder.php(2464): Illuminate\\Database\\Query\\Builder->aggregate()
#10 /home/v2.tradepander.com/public_html/core/vendor/laravel/framework/src/Illuminate/Validation/DatabasePresenceVerifier.php(55): Illuminate\\Database\\Query\\Builder->count()
#11 /home/v2.tradepander.com/public_html/core/vendor/laravel/framework/src/Illuminate/Validation/Concerns/ValidatesAttributes.php(756): Illuminate\\Validation\\DatabasePresenceVerifier->getCount()
#12 /home/v2.tradepander.com/public_html/core/vendor/laravel/framework/src/Illuminate/Validation/Validator.php(469): Illuminate\\Validation\\Validator->validateUnique()
#13 /home/v2.tradepander.com/public_html/core/vendor/laravel/framework/src/Illuminate/Validation/Validator.php(311): Illuminate\\Validation\\Validator->validateAttribute()
#14 /home/v2.tradepander.com/public_html/core/vendor/laravel/framework/src/Illuminate/Validation/Validator.php(342): Illuminate\\Validation\\Validator->passes()
#15 /home/v2.tradepander.com/public_html/core/vendor/laravel/framework/src/Illuminate/Validation/Validator.php(385): Illuminate\\Validation\\Validator->fails()
#16 /home/v2.tradepander.com/public_html/core/vendor/laravel/framework/src/Illuminate/Foundation/Auth/RegistersUsers.php(31): Illuminate\\Validation\\Validator->validate()
#17 [internal function]: App\\Http\\Controllers\\Auth\\RegisterController->register()
#18 /home/v2.tradepander.com/public_html/core/vendor/laravel/framework/src/Illuminate/Routing/Controller.php(54): call_user_func_array()
#19 /home/v2.tradepander.com/public_html/core/vendor/laravel/framework/src/Illuminate/Routing/ControllerDispatcher.php(45): Illuminate\\Routing\\Controller->callAction()
#20 /home/v2.tradepander.com/public_html/core/vendor/laravel/framework/src/Illuminate/Routing/Route.php(219): Illuminate\\Routing\\ControllerDispatcher->dispatch()
#21 /home/v2.tradepander.com/public_html/core/vendor/laravel/framework/src/Illuminate/Routing/Route.php(176): Illuminate\\Routing\\Route->runController()
#22 /home/v2.tradepander.com/public_html/core/vendor/laravel/framework/src/Illuminate/Routing/Router.php(681): Illuminate\\Routing\\Route->run()
#23 /home/v2.tradepander.com/public_html/core/vendor/laravel/framework/src/Illuminate/Pipeline/Pipeline.php(130): Illuminate\\Routing\\Router->Illuminate\\Routing\\{closure}()
#24 /home/v2.tradepander.com/public_html/core/app/Http/Middleware/RedirectIfAuthenticated.php(25): Illuminate\\Pipeline\\Pipeline->Illuminate\\Pipeline\\{closure}()
#25 /home/v2.tradepander.com/public_html/core/vendor/laravel/framework/src/Illuminate/Pipeline/Pipeline.php(171): App\\Http\\Middleware\\RedirectIfAuthenticated->handle()
#26 /home/v2.tradepander.com/public_html/core/vendor/laravel/framework/src/Illuminate/Routing/Middleware/SubstituteBindings.php(41): Illuminate\\Pipeline\\Pipeline->Illuminate\\Pipeline\\{closure}()
#27 /home/v2.tradepander.com/public_html/core/vendor/laravel/framework/src/Illuminate/Pipeline/Pipeline.php(171): Illuminate\\Routing\\Middleware\\SubstituteBindings->handle()
#28 /home/v2.tradepander.com/public_html/core/vendor/laravel/framework/src/Illuminate/View/Middleware/ShareErrorsFromSession.php(49): Illuminate\\Pipeline\\Pipeline->Illuminate\\Pipeline\\{closure}()
#29 /home/v2.tradepander.com/public_html/core/vendor/laravel/framework/src/Illuminate/Pipeline/Pipeline.php(171): Illuminate\\View\\Middleware\\ShareErrorsFromSession->handle()
#30 /home/v2.tradepander.com/public_html/core/vendor/laravel/framework/src/Illuminate/Session/Middleware/StartSession.php(56): Illuminate\\Pipeline\\Pipeline->Illuminate\\Pipeline\\{closure}()
#31 /home/v2.tradepander.com/public_html/core/vendor/laravel/framework/src/Illuminate/Pipeline/Pipeline.php(171): Illuminate\\Session\\Middleware\\StartSession->handle()
#32 /home/v2.tradepander.com/public_html/core/vendor/laravel/framework/src/Illuminate/Cookie/Middleware/AddQueuedCookiesToResponse.php(37): Illuminate\\Pipeline\\Pipeline->Illuminate\\Pipeline\\{closure}()
#33 /home/v2.tradepander.com/public_html/core/vendor/laravel/framework/src/Illuminate/Pipeline/Pipeline.php(171): Illuminate\\Cookie\\Middleware\\AddQueuedCookiesToResponse->handle()
#34 /home/v2.tradepander.com/public_html/core/vendor/laravel/framework/src/Illuminate/Cookie/Middleware/EncryptCookies.php(67): Illuminate\\Pipeline\\Pipeline->Illuminate\\Pipeline\\{closure}()
#35 /home/v2.tradepander.com/public_html/core/vendor/laravel/framework/src/Illuminate/Pipeline/Pipeline.php(171): Illuminate\\Cookie\\Middleware\\EncryptCookies->handle()
#36 /home/v2.tradepander.com/public_html/core/vendor/laravel/framework/src/Illuminate/Pipeline/Pipeline.php(105): Illuminate\\Pipeline\\Pipeline->Illuminate\\Pipeline\\{closure}()
#37 /home/v2.tradepander.com/public_html/core/vendor/laravel/framework/src/Illuminate/Routing/Router.php(683): Illuminate\\Pipeline\\Pipeline->then()
#38 /home/v2.tradepander.com/public_html/core/vendor/laravel/framework/src/Illuminate/Routing/Router.php(658): Illuminate\\Routing\\Router->runRouteWithinStack()
#39 /home/v2.tradepander.com/public_html/core/vendor/laravel/framework/src/Illuminate/Routing/Router.php(624): Illuminate\\Routing\\Router->runRoute()
#40 /home/v2.tradepander.com/public_html/core/vendor/laravel/framework/src/Illuminate/Routing/Router.php(613): Illuminate\\Routing\\Router->dispatchToRoute()
#41 /home/v2.tradepander.com/public_html/core/vendor/laravel/framework/src/Illuminate/Foundation/Http/Kernel.php(170): Illuminate\\Routing\\Router->dispatch()
#42 /home/v2.tradepander.com/public_html/core/vendor/laravel/framework/src/Illuminate/Pipeline/Pipeline.php(130): Illuminate\\Foundation\\Http\\Kernel->Illuminate\\Foundation\\Http\\{closure}()
#43 /home/v2.tradepander.com/public_html/core/vendor/fideloper/proxy/src/TrustProxies.php(57): Illuminate\\Pipeline\\Pipeline->Illuminate\\Pipeline\\{closure}()
#44 /home/v2.tradepander.com/public_html/core/vendor/laravel/framework/src/Illuminate/Pipeline/Pipeline.php(171): Fideloper\\Proxy\\TrustProxies->handle()
#45 /home/v2.tradepander.com/public_html/core/vendor/laravel/framework/src/Illuminate/Foundation/Http/Middleware/TransformsRequest.php(21): Illuminate\\Pipeline\\Pipeline->Illuminate\\Pipeline\\{closure}()
#46 /home/v2.tradepander.com/public_html/core/vendor/laravel/framework/src/Illuminate/Pipeline/Pipeline.php(171): Illuminate\\Foundation\\Http\\Middleware\\TransformsRequest->handle()
#47 /home/v2.tradepander.com/public_html/core/vendor/laravel/framework/src/Illuminate/Foundation/Http/Middleware/TransformsRequest.php(21): Illuminate\\Pipeline\\Pipeline->Illuminate\\Pipeline\\{closure}()
#48 /home/v2.tradepander.com/public_html/core/vendor/laravel/framework/src/Illuminate/Pipeline/Pipeline.php(171): Illuminate\\Foundation\\Http\\Middleware\\TransformsRequest->handle()
#49 /home/v2.tradepander.com/public_html/core/vendor/laravel/framework/src/Illuminate/Foundation/Http/Middleware/ValidatePostSize.php(27): Illuminate\\Pipeline\\Pipeline->Illuminate\\Pipeline\\{closure}()
#50 /home/v2.tradepander.com/public_html/core/vendor/laravel/framework/src/Illuminate/Pipeline/Pipeline.php(171): Illuminate\\Foundation\\Http\\Middleware\\ValidatePostSize->handle()
#51 /home/v2.tradepander.com/public_html/core/vendor/laravel/framework/src/Illuminate/Foundation/Http/Middleware/CheckForMaintenanceMode.php(63): Illuminate\\Pipeline\\Pipeline->Illuminate\\Pipeline\\{closure}()
#52 /home/v2.tradepander.com/public_html/core/vendor/laravel/framework/src/Illuminate/Pipeline/Pipeline.php(171): Illuminate\\Foundation\\Http\\Middleware\\CheckForMaintenanceMode->handle()
#53 /home/v2.tradepander.com/public_html/core/vendor/laravel/framework/src/Illuminate/Pipeline/Pipeline.php(105): Illuminate\\Pipeline\\Pipeline->Illuminate\\Pipeline\\{closure}()
#54 /home/v2.tradepander.com/public_html/core/vendor/laravel/framework/src/Illuminate/Foundation/Http/Kernel.php(145): Illuminate\\Pipeline\\Pipeline->then()
#55 /home/v2.tradepander.com/public_html/core/vendor/laravel/framework/src/Illuminate/Foundation/Http/Kernel.php(110): Illuminate\\Foundation\\Http\\Kernel->sendRequestThroughRouter()
#56 /home/v2.tradepander.com/public_html/index.php(55): Illuminate\\Foundation\\Http\\Kernel->handle()
#57 {main}

[previous exception] [object] (PDOException(code: HY000): SQLSTATE[HY000]: General error: 1267 Illegal mix of collations (latin1_swedish_ci,IMPLICIT) and (utf8mb4_unicode_ci,COERCIBLE) for operation '=' at /home/v2.tradepander.com/public_html/core/vendor/doctrine/dbal/lib/Doctrine/DBAL/Driver/PDOStatement.php:127)
[stacktrace]
#0 /home/v2.tradepander.com/public_html/core/vendor/doctrine/dbal/lib/Doctrine/DBAL/Driver/PDOStatement.php(127): PDOStatement->execute()
#1 /home/v2.tradepander.com/public_html/core/vendor/laravel/framework/src/Illuminate/Database/Connection.php(335): Doctrine\\DBAL\\Driver\\PDOStatement->execute()
#2 /home/v2.tradepander.com/public_html/core/vendor/laravel/framework/src/Illuminate/Database/Connection.php(662): Illuminate\\Database\\Connection->Illuminate\\Database\\{closure}()
#3 /home/v2.tradepander.com/public_html/core/vendor/laravel/framework/src/Illuminate/Database/Connection.php(629): Illuminate\\Database\\Connection->runQueryCallback()
#4 /home/v2.tradepander.com/public_html/core/vendor/laravel/framework/src/Illuminate/Database/Connection.php(338): Illuminate\\Database\\Connection->run()
#5 /home/v2.tradepander.com/public_html/core/vendor/laravel/framework/src/Illuminate/Database/Query/Builder.php(2149): Illuminate\\Database\\Connection->select()
#6 /home/v2.tradepander.com/public_html/core/vendor/laravel/framework/src/Illuminate/Database/Query/Builder.php(2137): Illuminate\\Database\\Query\\Builder->runSelect()
#7 /home/v2.tradepander.com/public_html/core/vendor/laravel/framework/src/Illuminate/Database/Query/Builder.php(2609): Illuminate\\Database\\Query\\Builder->Illuminate\\Database\\Query\\{closure}()
#8 /home/v2.tradepander.com/public_html/core/vendor/laravel/framework/src/Illuminate/Database/Query/Builder.php(2138): Illuminate\\Database\\Query\\Builder->onceWithColumns()
#9 /home/v2.tradepander.com/public_html/core/vendor/laravel/framework/src/Illuminate/Database/Query/Builder.php(2536): Illuminate\\Database\\Query\\Builder->get()
#10 /home/v2.tradepander.com/public_html/core/vendor/laravel/framework/src/Illuminate/Database/Query/Builder.php(2464): Illuminate\\Database\\Query\\Builder->aggregate()
#11 /home/v2.tradepander.com/public_html/core/vendor/laravel/framework/src/Illuminate/Validation/DatabasePresenceVerifier.php(55): Illuminate\\Database\\Query\\Builder->count()
#12 /home/v2.tradepander.com/public_html/core/vendor/laravel/framework/src/Illuminate/Validation/Concerns/ValidatesAttributes.php(756): Illuminate\\Validation\\DatabasePresenceVerifier->getCount()
#13 /home/v2.tradepander.com/public_html/core/vendor/laravel/framework/src/Illuminate/Validation/Validator.php(469): Illuminate\\Validation\\Validator->validateUnique()
#14 /home/v2.tradepander.com/public_html/core/vendor/laravel/framework/src/Illuminate/Validation/Validator.php(311): Illuminate\\Validation\\Validator->validateAttribute()
#15 /home/v2.tradepander.com/public_html/core/vendor/laravel/framework/src/Illuminate/Validation/Validator.php(342): Illuminate\\Validation\\Validator->passes()
#16 /home/v2.tradepander.com/public_html/core/vendor/laravel/framework/src/Illuminate/Validation/Validator.php(385): Illuminate\\Validation\\Validator->fails()
#17 /home/v2.tradepander.com/public_html/core/vendor/laravel/framework/src/Illuminate/Foundation/Auth/RegistersUsers.php(31): Illuminate\\Validation\\Validator->validate()
#18 [internal function]: App\\Http\\Controllers\\Auth\\RegisterController->register()
#19 /home/v2.tradepander.com/public_html/core/vendor/laravel/framework/src/Illuminate/Routing/Controller.php(54): call_user_func_array()
#20 /home/v2.tradepander.com/public_html/core/vendor/laravel/framework/src/Illuminate/Routing/ControllerDispatcher.php(45): Illuminate\\Routing\\Controller->callAction()
#21 /home/v2.tradepander.com/public_html/core/vendor/laravel/framework/src/Illuminate/Routing/Route.php(219): Illuminate\\Routing\\ControllerDispatcher->dispatch()
#22 /home/v2.tradepander.com/public_html/core/vendor/laravel/framework/src/Illuminate/Routing/Route.php(176): Illuminate\\Routing\\Route->runController()
#23 /home/v2.tradepander.com/public_html/core/vendor/laravel/framework/src/Illuminate/Routing/Router.php(681): Illuminate\\Routing\\Route->run()
#24 /home/v2.tradepander.com/public_html/core/vendor/laravel/framework/src/Illuminate/Pipeline/Pipeline.php(130): Illuminate\\Routing\\Router->Illuminate\\Routing\\{closure}()
#25 /home/v2.tradepander.com/public_html/core/app/Http/Middleware/RedirectIfAuthenticated.php(25): Illuminate\\Pipeline\\Pipeline->Illuminate\\Pipeline\\{closure}()
#26 /home/v2.tradepander.com/public_html/core/vendor/laravel/framework/src/Illuminate/Pipeline/Pipeline.php(171): App\\Http\\Middleware\\RedirectIfAuthenticated->handle()
#27 /home/v2.tradepander.com/public_html/core/vendor/laravel/framework/src/Illuminate/Routing/Middleware/SubstituteBindings.php(41): Illuminate\\Pipeline\\Pipeline->Illuminate\\Pipeline\\{closure}()
#28 /home/v2.tradepander.com/public_html/core/vendor/laravel/framework/src/Illuminate/Pipeline/Pipeline.php(171): Illuminate\\Routing\\Middleware\\SubstituteBindings->handle()
#29 /home/v2.tradepander.com/public_html/core/vendor/laravel/framework/src/Illuminate/View/Middleware/ShareErrorsFromSession.php(49): Illuminate\\Pipeline\\Pipeline->Illuminate\\Pipeline\\{closure}()
#30 /home/v2.tradepander.com/public_html/core/vendor/laravel/framework/src/Illuminate/Pipeline/Pipeline.php(171): Illuminate\\View\\Middleware\\ShareErrorsFromSession->handle()
#31 /home/v2.tradepander.com/public_html/core/vendor/laravel/framework/src/Illuminate/Session/Middleware/StartSession.php(56): Illuminate\\Pipeline\\Pipeline->Illuminate\\Pipeline\\{closure}()
#32 /home/v2.tradepander.com/public_html/core/vendor/laravel/framework/src/Illuminate/Pipeline/Pipeline.php(171): Illuminate\\Session\\Middleware\\StartSession->handle()
#33 /home/v2.tradepander.com/public_html/core/vendor/laravel/framework/src/Illuminate/Cookie/Middleware/AddQueuedCookiesToResponse.php(37): Illuminate\\Pipeline\\Pipeline->Illuminate\\Pipeline\\{closure}()
#34 /home/v2.tradepander.com/public_html/core/vendor/laravel/framework/src/Illuminate/Pipeline/Pipeline.php(171): Illuminate\\Cookie\\Middleware\\AddQueuedCookiesToResponse->handle()
#35 /home/v2.tradepander.com/public_html/core/vendor/laravel/framework/src/Illuminate/Cookie/Middleware/EncryptCookies.php(67): Illuminate\\Pipeline\\Pipeline->Illuminate\\Pipeline\\{closure}()
#36 /home/v2.tradepander.com/public_html/core/vendor/laravel/framework/src/Illuminate/Pipeline/Pipeline.php(171): Illuminate\\Cookie\\Middleware\\EncryptCookies->handle()
#37 /home/v2.tradepander.com/public_html/core/vendor/laravel/framework/src/Illuminate/Pipeline/Pipeline.php(105): Illuminate\\Pipeline\\Pipeline->Illuminate\\Pipeline\\{closure}()
#38 /home/v2.tradepander.com/public_html/core/vendor/laravel/framework/src/Illuminate/Routing/Router.php(683): Illuminate\\Pipeline\\Pipeline->then()
#39 /home/v2.tradepander.com/public_html/core/vendor/laravel/framework/src/Illuminate/Routing/Router.php(658): Illuminate\\Routing\\Router->runRouteWithinStack()
#40 /home/v2.tradepander.com/public_html/core/vendor/laravel/framework/src/Illuminate/Routing/Router.php(624): Illuminate\\Routing\\Router->runRoute()
#41 /home/v2.tradepander.com/public_html/core/vendor/laravel/framework/src/Illuminate/Routing/Router.php(613): Illuminate\\Routing\\Router->dispatchToRoute()
#42 /home/v2.tradepander.com/public_html/core/vendor/laravel/framework/src/Illuminate/Foundation/Http/Kernel.php(170): Illuminate\\Routing\\Router->dispatch()
#43 /home/v2.tradepander.com/public_html/core/vendor/laravel/framework/src/Illuminate/Pipeline/Pipeline.php(130): Illuminate\\Foundation\\Http\\Kernel->Illuminate\\Foundation\\Http\\{closure}()
#44 /home/v2.tradepander.com/public_html/core/vendor/fideloper/proxy/src/TrustProxies.php(57): Illuminate\\Pipeline\\Pipeline->Illuminate\\Pipeline\\{closure}()
#45 /home/v2.tradepander.com/public_html/core/vendor/laravel/framework/src/Illuminate/Pipeline/Pipeline.php(171): Fideloper\\Proxy\\TrustProxies->handle()
#46 /home/v2.tradepander.com/public_html/core/vendor/laravel/framework/src/Illuminate/Foundation/Http/Middleware/TransformsRequest.php(21): Illuminate\\Pipeline\\Pipeline->Illuminate\\Pipeline\\{closure}()
#47 /home/v2.tradepander.com/public_html/core/vendor/laravel/framework/src/Illuminate/Pipeline/Pipeline.php(171): Illuminate\\Foundation\\Http\\Middleware\\TransformsRequest->handle()
#48 /home/v2.tradepander.com/public_html/core/vendor/laravel/framework/src/Illuminate/Foundation/Http/Middleware/TransformsRequest.php(21): Illuminate\\Pipeline\\Pipeline->Illuminate\\Pipeline\\{closure}()
#49 /home/v2.tradepander.com/public_html/core/vendor/laravel/framework/src/Illuminate/Pipeline/Pipeline.php(171): Illuminate\\Foundation\\Http\\Middleware\\TransformsRequest->handle()
#50 /home/v2.tradepander.com/public_html/core/vendor/laravel/framework/src/Illuminate/Foundation/Http/Middleware/ValidatePostSize.php(27): Illuminate\\Pipeline\\Pipeline->Illuminate\\Pipeline\\{closure}()
#51 /home/v2.tradepander.com/public_html/core/vendor/laravel/framework/src/Illuminate/Pipeline/Pipeline.php(171): Illuminate\\Foundation\\Http\\Middleware\\ValidatePostSize->handle()
#52 /home/v2.tradepander.com/public_html/core/vendor/laravel/framework/src/Illuminate/Foundation/Http/Middleware/CheckForMaintenanceMode.php(63): Illuminate\\Pipeline\\Pipeline->Illuminate\\Pipeline\\{closure}()
#53 /home/v2.tradepander.com/public_html/core/vendor/laravel/framework/src/Illuminate/Pipeline/Pipeline.php(171): Illuminate\\Foundation\\Http\\Middleware\\CheckForMaintenanceMode->handle()
#54 /home/v2.tradepander.com/public_html/core/vendor/laravel/framework/src/Illuminate/Pipeline/Pipeline.php(105): Illuminate\\Pipeline\\Pipeline->Illuminate\\Pipeline\\{closure}()
#55 /home/v2.tradepander.com/public_html/core/vendor/laravel/framework/src/Illuminate/Foundation/Http/Kernel.php(145): Illuminate\\Pipeline\\Pipeline->then()
#56 /home/v2.tradepander.com/public_html/core/vendor/laravel/framework/src/Illuminate/Foundation/Http/Kernel.php(110): Illuminate\\Foundation\\Http\\Kernel->sendRequestThroughRouter()
#57 /home/v2.tradepander.com/public_html/index.php(55): Illuminate\\Foundation\\Http\\Kernel->handle()
#58 {main}
"} 
[2021-02-07 23:26:40] production.ERROR: Receiver does not accept that coin! {"userId":699,"exception":"[object] (Kevupton\\LaravelCoinpayments\\Exceptions\\CoinPaymentsResponseError(code: 0): Receiver does not accept that coin! at /home/v2.tradepander.com/public_html/core/vendor/kevupton/laravel-coinpayments/src/Kevupton/LaravelCoinpayments/LaravelCoinpayments.php:77)
[stacktrace]
#0 /home/v2.tradepander.com/public_html/core/vendor/kevupton/laravel-coinpayments/src/Kevupton/LaravelCoinpayments/Coinpayments.php(96): Kevupton\\LaravelCoinpayments\\LaravelCoinpayments->apiCall()
#1 /home/v2.tradepander.com/public_html/core/vendor/laravel/framework/src/Illuminate/Support/Facades/Facade.php(261): Kevupton\\LaravelCoinpayments\\Coinpayments->createTransactionSimple()
#2 /home/v2.tradepander.com/public_html/core/vendor/baselock/baselock.php(1634): Illuminate\\Support\\Facades\\Facade::__callStatic()
#3 [internal function]: App\\Http\\Controllers\\userController->pay_btc_amt()
#4 /home/v2.tradepander.com/public_html/core/vendor/laravel/framework/src/Illuminate/Routing/Controller.php(54): call_user_func_array()
#5 /home/v2.tradepander.com/public_html/core/vendor/laravel/framework/src/Illuminate/Routing/ControllerDispatcher.php(45): Illuminate\\Routing\\Controller->callAction()
#6 /home/v2.tradepander.com/public_html/core/vendor/laravel/framework/src/Illuminate/Routing/Route.php(219): Illuminate\\Routing\\ControllerDispatcher->dispatch()
#7 /home/v2.tradepander.com/public_html/core/vendor/laravel/framework/src/Illuminate/Routing/Route.php(176): Illuminate\\Routing\\Route->runController()
#8 /home/v2.tradepander.com/public_html/core/vendor/laravel/framework/src/Illuminate/Routing/Router.php(681): Illuminate\\Routing\\Route->run()
#9 /home/v2.tradepander.com/public_html/core/vendor/laravel/framework/src/Illuminate/Pipeline/Pipeline.php(130): Illuminate\\Routing\\Router->Illuminate\\Routing\\{closure}()
#10 /home/v2.tradepander.com/public_html/core/vendor/laravel/framework/src/Illuminate/Routing/Middleware/SubstituteBindings.php(41): Illuminate\\Pipeline\\Pipeline->Illuminate\\Pipeline\\{closure}()
#11 /home/v2.tradepander.com/public_html/core/vendor/laravel/framework/src/Illuminate/Pipeline/Pipeline.php(171): Illuminate\\Routing\\Middleware\\SubstituteBindings->handle()
#12 /home/v2.tradepander.com/public_html/core/vendor/laravel/framework/src/Illuminate/View/Middleware/ShareErrorsFromSession.php(49): Illuminate\\Pipeline\\Pipeline->Illuminate\\Pipeline\\{closure}()
#13 /home/v2.tradepander.com/public_html/core/vendor/laravel/framework/src/Illuminate/Pipeline/Pipeline.php(171): Illuminate\\View\\Middleware\\ShareErrorsFromSession->handle()
#14 /home/v2.tradepander.com/public_html/core/vendor/laravel/framework/src/Illuminate/Session/Middleware/StartSession.php(56): Illuminate\\Pipeline\\Pipeline->Illuminate\\Pipeline\\{closure}()
#15 /home/v2.tradepander.com/public_html/core/vendor/laravel/framework/src/Illuminate/Pipeline/Pipeline.php(171): Illuminate\\Session\\Middleware\\StartSession->handle()
#16 /home/v2.tradepander.com/public_html/core/vendor/laravel/framework/src/Illuminate/Cookie/Middleware/AddQueuedCookiesToResponse.php(37): Illuminate\\Pipeline\\Pipeline->Illuminate\\Pipeline\\{closure}()
#17 /home/v2.tradepander.com/public_html/core/vendor/laravel/framework/src/Illuminate/Pipeline/Pipeline.php(171): Illuminate\\Cookie\\Middleware\\AddQueuedCookiesToResponse->handle()
#18 /home/v2.tradepander.com/public_html/core/vendor/laravel/framework/src/Illuminate/Cookie/Middleware/EncryptCookies.php(67): Illuminate\\Pipeline\\Pipeline->Illuminate\\Pipeline\\{closure}()
#19 /home/v2.tradepander.com/public_html/core/vendor/laravel/framework/src/Illuminate/Pipeline/Pipeline.php(171): Illuminate\\Cookie\\Middleware\\EncryptCookies->handle()
#20 /home/v2.tradepander.com/public_html/core/vendor/laravel/framework/src/Illuminate/Pipeline/Pipeline.php(105): Illuminate\\Pipeline\\Pipeline->Illuminate\\Pipeline\\{closure}()
#21 /home/v2.tradepander.com/public_html/core/vendor/laravel/framework/src/Illuminate/Routing/Router.php(683): Illuminate\\Pipeline\\Pipeline->then()
#22 /home/v2.tradepander.com/public_html/core/vendor/laravel/framework/src/Illuminate/Routing/Router.php(658): Illuminate\\Routing\\Router->runRouteWithinStack()
#23 /home/v2.tradepander.com/public_html/core/vendor/laravel/framework/src/Illuminate/Routing/Router.php(624): Illuminate\\Routing\\Router->runRoute()
#24 /home/v2.tradepander.com/public_html/core/vendor/laravel/framework/src/Illuminate/Routing/Router.php(613): Illuminate\\Routing\\Router->dispatchToRoute()
#25 /home/v2.tradepander.com/public_html/core/vendor/laravel/framework/src/Illuminate/Foundation/Http/Kernel.php(170): Illuminate\\Routing\\Router->dispatch()
#26 /home/v2.tradepander.com/public_html/core/vendor/laravel/framework/src/Illuminate/Pipeline/Pipeline.php(130): Illuminate\\Foundation\\Http\\Kernel->Illuminate\\Foundation\\Http\\{closure}()
#27 /home/v2.tradepander.com/public_html/core/vendor/fideloper/proxy/src/TrustProxies.php(57): Illuminate\\Pipeline\\Pipeline->Illuminate\\Pipeline\\{closure}()
#28 /home/v2.tradepander.com/public_html/core/vendor/laravel/framework/src/Illuminate/Pipeline/Pipeline.php(171): Fideloper\\Proxy\\TrustProxies->handle()
#29 /home/v2.tradepander.com/public_html/core/vendor/laravel/framework/src/Illuminate/Foundation/Http/Middleware/TransformsRequest.php(21): Illuminate\\Pipeline\\Pipeline->Illuminate\\Pipeline\\{closure}()
#30 /home/v2.tradepander.com/public_html/core/vendor/laravel/framework/src/Illuminate/Pipeline/Pipeline.php(171): Illuminate\\Foundation\\Http\\Middleware\\TransformsRequest->handle()
#31 /home/v2.tradepander.com/public_html/core/vendor/laravel/framework/src/Illuminate/Foundation/Http/Middleware/TransformsRequest.php(21): Illuminate\\Pipeline\\Pipeline->Illuminate\\Pipeline\\{closure}()
#32 /home/v2.tradepander.com/public_html/core/vendor/laravel/framework/src/Illuminate/Pipeline/Pipeline.php(171): Illuminate\\Foundation\\Http\\Middleware\\TransformsRequest->handle()
#33 /home/v2.tradepander.com/public_html/core/vendor/laravel/framework/src/Illuminate/Foundation/Http/Middleware/ValidatePostSize.php(27): Illuminate\\Pipeline\\Pipeline->Illuminate\\Pipeline\\{closure}()
#34 /home/v2.tradepander.com/public_html/core/vendor/laravel/framework/src/Illuminate/Pipeline/Pipeline.php(171): Illuminate\\Foundation\\Http\\Middleware\\ValidatePostSize->handle()
#35 /home/v2.tradepander.com/public_html/core/vendor/laravel/framework/src/Illuminate/Foundation/Http/Middleware/CheckForMaintenanceMode.php(63): Illuminate\\Pipeline\\Pipeline->Illuminate\\Pipeline\\{closure}()
#36 /home/v2.tradepander.com/public_html/core/vendor/laravel/framework/src/Illuminate/Pipeline/Pipeline.php(171): Illuminate\\Foundation\\Http\\Middleware\\CheckForMaintenanceMode->handle()
#37 /home/v2.tradepander.com/public_html/core/vendor/laravel/framework/src/Illuminate/Pipeline/Pipeline.php(105): Illuminate\\Pipeline\\Pipeline->Illuminate\\Pipeline\\{closure}()
#38 /home/v2.tradepander.com/public_html/core/vendor/laravel/framework/src/Illuminate/Foundation/Http/Kernel.php(145): Illuminate\\Pipeline\\Pipeline->then()
#39 /home/v2.tradepander.com/public_html/core/vendor/laravel/framework/src/Illuminate/Foundation/Http/Kernel.php(110): Illuminate\\Foundation\\Http\\Kernel->sendRequestThroughRouter()
#40 /home/v2.tradepander.com/public_html/index.php(55): Illuminate\\Foundation\\Http\\Kernel->handle()
#41 {main}
"} 
