[2021-01-24 06:40:31] development.ERROR: SQLSTATE[42S02]: Base table or view not found: 1146 Table 'v2_dash.cp_ipns' doesn't exist (SQL: insert into `cp_ipns` (`amount1`, `amount2`, `buyer_name`, `currency1`, `currency2`, `fee`, `ipn_id`, `ipn_mode`, `ipn_type`, `ipn_version`, `item_name`, `merchant`, `received_amount`, `received_confirms`, `status`, `status_text`, `txn_id`, `updated_at`, `created_at`) values (30, 0.02445, Emmanuel, USD, ETH, 0.00012, 2b4638bd7df61dfbf9f74d251ed60783, hmac, api, 1.0, Account deposit, a3a36822956f8e5085e86d39e20b0f86, 0, 0, 0, Waiting for buyer funds..., CPFA6FHJ3U7UY2NDDKEXABRJCB, 2021-01-24 06:40:31, 2021-01-24 06:40:31)) {"exception":"[object] (Illuminate\\Database\\QueryException(code: 42S02): SQLSTATE[42S02]: Base table or view not found: 1146 Table 'v2_dash.cp_ipns' doesn't exist (SQL: insert into `cp_ipns` (`amount1`, `amount2`, `buyer_name`, `currency1`, `currency2`, `fee`, `ipn_id`, `ipn_mode`, `ipn_type`, `ipn_version`, `item_name`, `merchant`, `received_amount`, `received_confirms`, `status`, `status_text`, `txn_id`, `updated_at`, `created_at`) values (30, 0.02445, Emmanuel, USD, ETH, 0.00012, 2b4638bd7df61dfbf9f74d251ed60783, hmac, api, 1.0, Account deposit, a3a36822956f8e5085e86d39e20b0f86, 0, 0, 0, Waiting for buyer funds..., CPFA6FHJ3U7UY2NDDKEXABRJCB, 2021-01-24 06:40:31, 2021-01-24 06:40:31)) at /home/v2.tradepander.com/public_html/core/vendor/laravel/framework/src/Illuminate/Database/Connection.php:669)
[stacktrace]
#0 /home/v2.tradepander.com/public_html/core/vendor/laravel/framework/src/Illuminate/Database/Connection.php(629): Illuminate\\Database\\Connection->runQueryCallback()
#1 /home/v2.tradepander.com/public_html/core/vendor/laravel/framework/src/Illuminate/Database/Connection.php(464): Illuminate\\Database\\Connection->run()
#2 /home/v2.tradepander.com/public_html/core/vendor/laravel/framework/src/Illuminate/Database/Connection.php(416): Illuminate\\Database\\Connection->statement()
#3 /home/v2.tradepander.com/public_html/core/vendor/laravel/framework/src/Illuminate/Database/Query/Processors/Processor.php(32): Illuminate\\Database\\Connection->insert()
#4 /home/v2.tradepander.com/public_html/core/vendor/laravel/framework/src/Illuminate/Database/Query/Builder.php(2695): Illuminate\\Database\\Query\\Processors\\Processor->processInsertGetId()
#5 /home/v2.tradepander.com/public_html/core/vendor/laravel/framework/src/Illuminate/Database/Eloquent/Builder.php(1366): Illuminate\\Database\\Query\\Builder->insertGetId()
#6 /home/v2.tradepander.com/public_html/core/vendor/laravel/framework/src/Illuminate/Database/Eloquent/Model.php(840): Illuminate\\Database\\Eloquent\\Builder->__call()
#7 /home/v2.tradepander.com/public_html/core/vendor/laravel/framework/src/Illuminate/Database/Eloquent/Model.php(805): Illuminate\\Database\\Eloquent\\Model->insertAndSetId()
#8 /home/v2.tradepander.com/public_html/core/vendor/laravel/framework/src/Illuminate/Database/Eloquent/Model.php(668): Illuminate\\Database\\Eloquent\\Model->performInsert()
#9 /home/v2.tradepander.com/public_html/core/vendor/kevupton/laravel-coinpayments/src/Kevupton/LaravelCoinpayments/LaravelCoinpayments.php(202): Illuminate\\Database\\Eloquent\\Model->save()
#10 /home/v2.tradepander.com/public_html/core/vendor/kevupton/laravel-coinpayments/src/Kevupton/LaravelCoinpayments/LaravelCoinpayments.php(281): Kevupton\\LaravelCoinpayments\\LaravelCoinpayments->validateIPN()
#11 /home/v2.tradepander.com/public_html/core/vendor/laravel/framework/src/Illuminate/Support/Facades/Facade.php(261): Kevupton\\LaravelCoinpayments\\LaravelCoinpayments->validateIPNRequest()
#12 /home/v2.tradepander.com/public_html/core/vendor/baselock/baselock.php(1673): Illuminate\\Support\\Facades\\Facade::__callStatic()
#13 [internal function]: App\\Http\\Controllers\\userController->btc_confirm()
#14 /home/v2.tradepander.com/public_html/core/vendor/laravel/framework/src/Illuminate/Routing/Controller.php(54): call_user_func_array()
#15 /home/v2.tradepander.com/public_html/core/vendor/laravel/framework/src/Illuminate/Routing/ControllerDispatcher.php(45): Illuminate\\Routing\\Controller->callAction()
#16 /home/v2.tradepander.com/public_html/core/vendor/laravel/framework/src/Illuminate/Routing/Route.php(219): Illuminate\\Routing\\ControllerDispatcher->dispatch()
#17 /home/v2.tradepander.com/public_html/core/vendor/laravel/framework/src/Illuminate/Routing/Route.php(176): Illuminate\\Routing\\Route->runController()
#18 /home/v2.tradepander.com/public_html/core/vendor/laravel/framework/src/Illuminate/Routing/Router.php(681): Illuminate\\Routing\\Route->run()
#19 /home/v2.tradepander.com/public_html/core/vendor/laravel/framework/src/Illuminate/Pipeline/Pipeline.php(130): Illuminate\\Routing\\Router->Illuminate\\Routing\\{closure}()
#20 /home/v2.tradepander.com/public_html/core/vendor/laravel/framework/src/Illuminate/Routing/Middleware/SubstituteBindings.php(41): Illuminate\\Pipeline\\Pipeline->Illuminate\\Pipeline\\{closure}()
#21 /home/v2.tradepander.com/public_html/core/vendor/laravel/framework/src/Illuminate/Pipeline/Pipeline.php(171): Illuminate\\Routing\\Middleware\\SubstituteBindings->handle()
#22 /home/v2.tradepander.com/public_html/core/vendor/laravel/framework/src/Illuminate/View/Middleware/ShareErrorsFromSession.php(49): Illuminate\\Pipeline\\Pipeline->Illuminate\\Pipeline\\{closure}()
#23 /home/v2.tradepander.com/public_html/core/vendor/laravel/framework/src/Illuminate/Pipeline/Pipeline.php(171): Illuminate\\View\\Middleware\\ShareErrorsFromSession->handle()
#24 /home/v2.tradepander.com/public_html/core/vendor/laravel/framework/src/Illuminate/Session/Middleware/StartSession.php(56): Illuminate\\Pipeline\\Pipeline->Illuminate\\Pipeline\\{closure}()
#25 /home/v2.tradepander.com/public_html/core/vendor/laravel/framework/src/Illuminate/Pipeline/Pipeline.php(171): Illuminate\\Session\\Middleware\\StartSession->handle()
#26 /home/v2.tradepander.com/public_html/core/vendor/laravel/framework/src/Illuminate/Cookie/Middleware/AddQueuedCookiesToResponse.php(37): Illuminate\\Pipeline\\Pipeline->Illuminate\\Pipeline\\{closure}()
#27 /home/v2.tradepander.com/public_html/core/vendor/laravel/framework/src/Illuminate/Pipeline/Pipeline.php(171): Illuminate\\Cookie\\Middleware\\AddQueuedCookiesToResponse->handle()
#28 /home/v2.tradepander.com/public_html/core/vendor/laravel/framework/src/Illuminate/Cookie/Middleware/EncryptCookies.php(67): Illuminate\\Pipeline\\Pipeline->Illuminate\\Pipeline\\{closure}()
#29 /home/v2.tradepander.com/public_html/core/vendor/laravel/framework/src/Illuminate/Pipeline/Pipeline.php(171): Illuminate\\Cookie\\Middleware\\EncryptCookies->handle()
#30 /home/v2.tradepander.com/public_html/core/vendor/laravel/framework/src/Illuminate/Pipeline/Pipeline.php(105): Illuminate\\Pipeline\\Pipeline->Illuminate\\Pipeline\\{closure}()
#31 /home/v2.tradepander.com/public_html/core/vendor/laravel/framework/src/Illuminate/Routing/Router.php(683): Illuminate\\Pipeline\\Pipeline->then()
#32 /home/v2.tradepander.com/public_html/core/vendor/laravel/framework/src/Illuminate/Routing/Router.php(658): Illuminate\\Routing\\Router->runRouteWithinStack()
#33 /home/v2.tradepander.com/public_html/core/vendor/laravel/framework/src/Illuminate/Routing/Router.php(624): Illuminate\\Routing\\Router->runRoute()
#34 /home/v2.tradepander.com/public_html/core/vendor/laravel/framework/src/Illuminate/Routing/Router.php(613): Illuminate\\Routing\\Router->dispatchToRoute()
#35 /home/v2.tradepander.com/public_html/core/vendor/laravel/framework/src/Illuminate/Foundation/Http/Kernel.php(170): Illuminate\\Routing\\Router->dispatch()
#36 /home/v2.tradepander.com/public_html/core/vendor/laravel/framework/src/Illuminate/Pipeline/Pipeline.php(130): Illuminate\\Foundation\\Http\\Kernel->Illuminate\\Foundation\\Http\\{closure}()
#37 /home/v2.tradepander.com/public_html/core/vendor/fideloper/proxy/src/TrustProxies.php(57): Illuminate\\Pipeline\\Pipeline->Illuminate\\Pipeline\\{closure}()
#38 /home/v2.tradepander.com/public_html/core/vendor/laravel/framework/src/Illuminate/Pipeline/Pipeline.php(171): Fideloper\\Proxy\\TrustProxies->handle()
#39 /home/v2.tradepander.com/public_html/core/vendor/laravel/framework/src/Illuminate/Foundation/Http/Middleware/TransformsRequest.php(21): Illuminate\\Pipeline\\Pipeline->Illuminate\\Pipeline\\{closure}()
#40 /home/v2.tradepander.com/public_html/core/vendor/laravel/framework/src/Illuminate/Pipeline/Pipeline.php(171): Illuminate\\Foundation\\Http\\Middleware\\TransformsRequest->handle()
#41 /home/v2.tradepander.com/public_html/core/vendor/laravel/framework/src/Illuminate/Foundation/Http/Middleware/TransformsRequest.php(21): Illuminate\\Pipeline\\Pipeline->Illuminate\\Pipeline\\{closure}()
#42 /home/v2.tradepander.com/public_html/core/vendor/laravel/framework/src/Illuminate/Pipeline/Pipeline.php(171): Illuminate\\Foundation\\Http\\Middleware\\TransformsRequest->handle()
#43 /home/v2.tradepander.com/public_html/core/vendor/laravel/framework/src/Illuminate/Foundation/Http/Middleware/ValidatePostSize.php(27): Illuminate\\Pipeline\\Pipeline->Illuminate\\Pipeline\\{closure}()
#44 /home/v2.tradepander.com/public_html/core/vendor/laravel/framework/src/Illuminate/Pipeline/Pipeline.php(171): Illuminate\\Foundation\\Http\\Middleware\\ValidatePostSize->handle()
#45 /home/v2.tradepander.com/public_html/core/vendor/laravel/framework/src/Illuminate/Foundation/Http/Middleware/CheckForMaintenanceMode.php(63): Illuminate\\Pipeline\\Pipeline->Illuminate\\Pipeline\\{closure}()
#46 /home/v2.tradepander.com/public_html/core/vendor/laravel/framework/src/Illuminate/Pipeline/Pipeline.php(171): Illuminate\\Foundation\\Http\\Middleware\\CheckForMaintenanceMode->handle()
#47 /home/v2.tradepander.com/public_html/core/vendor/laravel/framework/src/Illuminate/Pipeline/Pipeline.php(105): Illuminate\\Pipeline\\Pipeline->Illuminate\\Pipeline\\{closure}()
#48 /home/v2.tradepander.com/public_html/core/vendor/laravel/framework/src/Illuminate/Foundation/Http/Kernel.php(145): Illuminate\\Pipeline\\Pipeline->then()
#49 /home/v2.tradepander.com/public_html/core/vendor/laravel/framework/src/Illuminate/Foundation/Http/Kernel.php(110): Illuminate\\Foundation\\Http\\Kernel->sendRequestThroughRouter()
#50 /home/v2.tradepander.com/public_html/index.php(55): Illuminate\\Foundation\\Http\\Kernel->handle()
#51 {main}

[previous exception] [object] (Doctrine\\DBAL\\Driver\\PDOException(code: 42S02): SQLSTATE[42S02]: Base table or view not found: 1146 Table 'v2_dash.cp_ipns' doesn't exist at /home/v2.tradepander.com/public_html/core/vendor/doctrine/dbal/lib/Doctrine/DBAL/Driver/PDOConnection.php:66)
[stacktrace]
#0 /home/v2.tradepander.com/public_html/core/vendor/laravel/framework/src/Illuminate/Database/Connection.php(457): Doctrine\\DBAL\\Driver\\PDOConnection->prepare()
#1 /home/v2.tradepander.com/public_html/core/vendor/laravel/framework/src/Illuminate/Database/Connection.php(662): Illuminate\\Database\\Connection->Illuminate\\Database\\{closure}()
#2 /home/v2.tradepander.com/public_html/core/vendor/laravel/framework/src/Illuminate/Database/Connection.php(629): Illuminate\\Database\\Connection->runQueryCallback()
#3 /home/v2.tradepander.com/public_html/core/vendor/laravel/framework/src/Illuminate/Database/Connection.php(464): Illuminate\\Database\\Connection->run()
#4 /home/v2.tradepander.com/public_html/core/vendor/laravel/framework/src/Illuminate/Database/Connection.php(416): Illuminate\\Database\\Connection->statement()
#5 /home/v2.tradepander.com/public_html/core/vendor/laravel/framework/src/Illuminate/Database/Query/Processors/Processor.php(32): Illuminate\\Database\\Connection->insert()
#6 /home/v2.tradepander.com/public_html/core/vendor/laravel/framework/src/Illuminate/Database/Query/Builder.php(2695): Illuminate\\Database\\Query\\Processors\\Processor->processInsertGetId()
#7 /home/v2.tradepander.com/public_html/core/vendor/laravel/framework/src/Illuminate/Database/Eloquent/Builder.php(1366): Illuminate\\Database\\Query\\Builder->insertGetId()
#8 /home/v2.tradepander.com/public_html/core/vendor/laravel/framework/src/Illuminate/Database/Eloquent/Model.php(840): Illuminate\\Database\\Eloquent\\Builder->__call()
#9 /home/v2.tradepander.com/public_html/core/vendor/laravel/framework/src/Illuminate/Database/Eloquent/Model.php(805): Illuminate\\Database\\Eloquent\\Model->insertAndSetId()
#10 /home/v2.tradepander.com/public_html/core/vendor/laravel/framework/src/Illuminate/Database/Eloquent/Model.php(668): Illuminate\\Database\\Eloquent\\Model->performInsert()
#11 /home/v2.tradepander.com/public_html/core/vendor/kevupton/laravel-coinpayments/src/Kevupton/LaravelCoinpayments/LaravelCoinpayments.php(202): Illuminate\\Database\\Eloquent\\Model->save()
#12 /home/v2.tradepander.com/public_html/core/vendor/kevupton/laravel-coinpayments/src/Kevupton/LaravelCoinpayments/LaravelCoinpayments.php(281): Kevupton\\LaravelCoinpayments\\LaravelCoinpayments->validateIPN()
#13 /home/v2.tradepander.com/public_html/core/vendor/laravel/framework/src/Illuminate/Support/Facades/Facade.php(261): Kevupton\\LaravelCoinpayments\\LaravelCoinpayments->validateIPNRequest()
#14 /home/v2.tradepander.com/public_html/core/vendor/baselock/baselock.php(1673): Illuminate\\Support\\Facades\\Facade::__callStatic()
#15 [internal function]: App\\Http\\Controllers\\userController->btc_confirm()
#16 /home/v2.tradepander.com/public_html/core/vendor/laravel/framework/src/Illuminate/Routing/Controller.php(54): call_user_func_array()
#17 /home/v2.tradepander.com/public_html/core/vendor/laravel/framework/src/Illuminate/Routing/ControllerDispatcher.php(45): Illuminate\\Routing\\Controller->callAction()
#18 /home/v2.tradepander.com/public_html/core/vendor/laravel/framework/src/Illuminate/Routing/Route.php(219): Illuminate\\Routing\\ControllerDispatcher->dispatch()
#19 /home/v2.tradepander.com/public_html/core/vendor/laravel/framework/src/Illuminate/Routing/Route.php(176): Illuminate\\Routing\\Route->runController()
#20 /home/v2.tradepander.com/public_html/core/vendor/laravel/framework/src/Illuminate/Routing/Router.php(681): Illuminate\\Routing\\Route->run()
#21 /home/v2.tradepander.com/public_html/core/vendor/laravel/framework/src/Illuminate/Pipeline/Pipeline.php(130): Illuminate\\Routing\\Router->Illuminate\\Routing\\{closure}()
#22 /home/v2.tradepander.com/public_html/core/vendor/laravel/framework/src/Illuminate/Routing/Middleware/SubstituteBindings.php(41): Illuminate\\Pipeline\\Pipeline->Illuminate\\Pipeline\\{closure}()
#23 /home/v2.tradepander.com/public_html/core/vendor/laravel/framework/src/Illuminate/Pipeline/Pipeline.php(171): Illuminate\\Routing\\Middleware\\SubstituteBindings->handle()
#24 /home/v2.tradepander.com/public_html/core/vendor/laravel/framework/src/Illuminate/View/Middleware/ShareErrorsFromSession.php(49): Illuminate\\Pipeline\\Pipeline->Illuminate\\Pipeline\\{closure}()
#25 /home/v2.tradepander.com/public_html/core/vendor/laravel/framework/src/Illuminate/Pipeline/Pipeline.php(171): Illuminate\\View\\Middleware\\ShareErrorsFromSession->handle()
#26 /home/v2.tradepander.com/public_html/core/vendor/laravel/framework/src/Illuminate/Session/Middleware/StartSession.php(56): Illuminate\\Pipeline\\Pipeline->Illuminate\\Pipeline\\{closure}()
#27 /home/v2.tradepander.com/public_html/core/vendor/laravel/framework/src/Illuminate/Pipeline/Pipeline.php(171): Illuminate\\Session\\Middleware\\StartSession->handle()
#28 /home/v2.tradepander.com/public_html/core/vendor/laravel/framework/src/Illuminate/Cookie/Middleware/AddQueuedCookiesToResponse.php(37): Illuminate\\Pipeline\\Pipeline->Illuminate\\Pipeline\\{closure}()
#29 /home/v2.tradepander.com/public_html/core/vendor/laravel/framework/src/Illuminate/Pipeline/Pipeline.php(171): Illuminate\\Cookie\\Middleware\\AddQueuedCookiesToResponse->handle()
#30 /home/v2.tradepander.com/public_html/core/vendor/laravel/framework/src/Illuminate/Cookie/Middleware/EncryptCookies.php(67): Illuminate\\Pipeline\\Pipeline->Illuminate\\Pipeline\\{closure}()
#31 /home/v2.tradepander.com/public_html/core/vendor/laravel/framework/src/Illuminate/Pipeline/Pipeline.php(171): Illuminate\\Cookie\\Middleware\\EncryptCookies->handle()
#32 /home/v2.tradepander.com/public_html/core/vendor/laravel/framework/src/Illuminate/Pipeline/Pipeline.php(105): Illuminate\\Pipeline\\Pipeline->Illuminate\\Pipeline\\{closure}()
#33 /home/v2.tradepander.com/public_html/core/vendor/laravel/framework/src/Illuminate/Routing/Router.php(683): Illuminate\\Pipeline\\Pipeline->then()
#34 /home/v2.tradepander.com/public_html/core/vendor/laravel/framework/src/Illuminate/Routing/Router.php(658): Illuminate\\Routing\\Router->runRouteWithinStack()
#35 /home/v2.tradepander.com/public_html/core/vendor/laravel/framework/src/Illuminate/Routing/Router.php(624): Illuminate\\Routing\\Router->runRoute()
#36 /home/v2.tradepander.com/public_html/core/vendor/laravel/framework/src/Illuminate/Routing/Router.php(613): Illuminate\\Routing\\Router->dispatchToRoute()
#37 /home/v2.tradepander.com/public_html/core/vendor/laravel/framework/src/Illuminate/Foundation/Http/Kernel.php(170): Illuminate\\Routing\\Router->dispatch()
#38 /home/v2.tradepander.com/public_html/core/vendor/laravel/framework/src/Illuminate/Pipeline/Pipeline.php(130): Illuminate\\Foundation\\Http\\Kernel->Illuminate\\Foundation\\Http\\{closure}()
#39 /home/v2.tradepander.com/public_html/core/vendor/fideloper/proxy/src/TrustProxies.php(57): Illuminate\\Pipeline\\Pipeline->Illuminate\\Pipeline\\{closure}()
#40 /home/v2.tradepander.com/public_html/core/vendor/laravel/framework/src/Illuminate/Pipeline/Pipeline.php(171): Fideloper\\Proxy\\TrustProxies->handle()
#41 /home/v2.tradepander.com/public_html/core/vendor/laravel/framework/src/Illuminate/Foundation/Http/Middleware/TransformsRequest.php(21): Illuminate\\Pipeline\\Pipeline->Illuminate\\Pipeline\\{closure}()
#42 /home/v2.tradepander.com/public_html/core/vendor/laravel/framework/src/Illuminate/Pipeline/Pipeline.php(171): Illuminate\\Foundation\\Http\\Middleware\\TransformsRequest->handle()
#43 /home/v2.tradepander.com/public_html/core/vendor/laravel/framework/src/Illuminate/Foundation/Http/Middleware/TransformsRequest.php(21): Illuminate\\Pipeline\\Pipeline->Illuminate\\Pipeline\\{closure}()
#44 /home/v2.tradepander.com/public_html/core/vendor/laravel/framework/src/Illuminate/Pipeline/Pipeline.php(171): Illuminate\\Foundation\\Http\\Middleware\\TransformsRequest->handle()
#45 /home/v2.tradepander.com/public_html/core/vendor/laravel/framework/src/Illuminate/Foundation/Http/Middleware/ValidatePostSize.php(27): Illuminate\\Pipeline\\Pipeline->Illuminate\\Pipeline\\{closure}()
#46 /home/v2.tradepander.com/public_html/core/vendor/laravel/framework/src/Illuminate/Pipeline/Pipeline.php(171): Illuminate\\Foundation\\Http\\Middleware\\ValidatePostSize->handle()
#47 /home/v2.tradepander.com/public_html/core/vendor/laravel/framework/src/Illuminate/Foundation/Http/Middleware/CheckForMaintenanceMode.php(63): Illuminate\\Pipeline\\Pipeline->Illuminate\\Pipeline\\{closure}()
#48 /home/v2.tradepander.com/public_html/core/vendor/laravel/framework/src/Illuminate/Pipeline/Pipeline.php(171): Illuminate\\Foundation\\Http\\Middleware\\CheckForMaintenanceMode->handle()
#49 /home/v2.tradepander.com/public_html/core/vendor/laravel/framework/src/Illuminate/Pipeline/Pipeline.php(105): Illuminate\\Pipeline\\Pipeline->Illuminate\\Pipeline\\{closure}()
#50 /home/v2.tradepander.com/public_html/core/vendor/laravel/framework/src/Illuminate/Foundation/Http/Kernel.php(145): Illuminate\\Pipeline\\Pipeline->then()
#51 /home/v2.tradepander.com/public_html/core/vendor/laravel/framework/src/Illuminate/Foundation/Http/Kernel.php(110): Illuminate\\Foundation\\Http\\Kernel->sendRequestThroughRouter()
#52 /home/v2.tradepander.com/public_html/index.php(55): Illuminate\\Foundation\\Http\\Kernel->handle()
#53 {main}

[previous exception] [object] (PDOException(code: 42S02): SQLSTATE[42S02]: Base table or view not found: 1146 Table 'v2_dash.cp_ipns' doesn't exist at /home/v2.tradepander.com/public_html/core/vendor/doctrine/dbal/lib/Doctrine/DBAL/Driver/PDOConnection.php:64)
[stacktrace]
#0 /home/v2.tradepander.com/public_html/core/vendor/doctrine/dbal/lib/Doctrine/DBAL/Driver/PDOConnection.php(64): PDO->prepare()
#1 /home/v2.tradepander.com/public_html/core/vendor/laravel/framework/src/Illuminate/Database/Connection.php(457): Doctrine\\DBAL\\Driver\\PDOConnection->prepare()
#2 /home/v2.tradepander.com/public_html/core/vendor/laravel/framework/src/Illuminate/Database/Connection.php(662): Illuminate\\Database\\Connection->Illuminate\\Database\\{closure}()
#3 /home/v2.tradepander.com/public_html/core/vendor/laravel/framework/src/Illuminate/Database/Connection.php(629): Illuminate\\Database\\Connection->runQueryCallback()
#4 /home/v2.tradepander.com/public_html/core/vendor/laravel/framework/src/Illuminate/Database/Connection.php(464): Illuminate\\Database\\Connection->run()
#5 /home/v2.tradepander.com/public_html/core/vendor/laravel/framework/src/Illuminate/Database/Connection.php(416): Illuminate\\Database\\Connection->statement()
#6 /home/v2.tradepander.com/public_html/core/vendor/laravel/framework/src/Illuminate/Database/Query/Processors/Processor.php(32): Illuminate\\Database\\Connection->insert()
#7 /home/v2.tradepander.com/public_html/core/vendor/laravel/framework/src/Illuminate/Database/Query/Builder.php(2695): Illuminate\\Database\\Query\\Processors\\Processor->processInsertGetId()
#8 /home/v2.tradepander.com/public_html/core/vendor/laravel/framework/src/Illuminate/Database/Eloquent/Builder.php(1366): Illuminate\\Database\\Query\\Builder->insertGetId()
#9 /home/v2.tradepander.com/public_html/core/vendor/laravel/framework/src/Illuminate/Database/Eloquent/Model.php(840): Illuminate\\Database\\Eloquent\\Builder->__call()
#10 /home/v2.tradepander.com/public_html/core/vendor/laravel/framework/src/Illuminate/Database/Eloquent/Model.php(805): Illuminate\\Database\\Eloquent\\Model->insertAndSetId()
#11 /home/v2.tradepander.com/public_html/core/vendor/laravel/framework/src/Illuminate/Database/Eloquent/Model.php(668): Illuminate\\Database\\Eloquent\\Model->performInsert()
#12 /home/v2.tradepander.com/public_html/core/vendor/kevupton/laravel-coinpayments/src/Kevupton/LaravelCoinpayments/LaravelCoinpayments.php(202): Illuminate\\Database\\Eloquent\\Model->save()
#13 /home/v2.tradepander.com/public_html/core/vendor/kevupton/laravel-coinpayments/src/Kevupton/LaravelCoinpayments/LaravelCoinpayments.php(281): Kevupton\\LaravelCoinpayments\\LaravelCoinpayments->validateIPN()
#14 /home/v2.tradepander.com/public_html/core/vendor/laravel/framework/src/Illuminate/Support/Facades/Facade.php(261): Kevupton\\LaravelCoinpayments\\LaravelCoinpayments->validateIPNRequest()
#15 /home/v2.tradepander.com/public_html/core/vendor/baselock/baselock.php(1673): Illuminate\\Support\\Facades\\Facade::__callStatic()
#16 [internal function]: App\\Http\\Controllers\\userController->btc_confirm()
#17 /home/v2.tradepander.com/public_html/core/vendor/laravel/framework/src/Illuminate/Routing/Controller.php(54): call_user_func_array()
#18 /home/v2.tradepander.com/public_html/core/vendor/laravel/framework/src/Illuminate/Routing/ControllerDispatcher.php(45): Illuminate\\Routing\\Controller->callAction()
#19 /home/v2.tradepander.com/public_html/core/vendor/laravel/framework/src/Illuminate/Routing/Route.php(219): Illuminate\\Routing\\ControllerDispatcher->dispatch()
#20 /home/v2.tradepander.com/public_html/core/vendor/laravel/framework/src/Illuminate/Routing/Route.php(176): Illuminate\\Routing\\Route->runController()
#21 /home/v2.tradepander.com/public_html/core/vendor/laravel/framework/src/Illuminate/Routing/Router.php(681): Illuminate\\Routing\\Route->run()
#22 /home/v2.tradepander.com/public_html/core/vendor/laravel/framework/src/Illuminate/Pipeline/Pipeline.php(130): Illuminate\\Routing\\Router->Illuminate\\Routing\\{closure}()
#23 /home/v2.tradepander.com/public_html/core/vendor/laravel/framework/src/Illuminate/Routing/Middleware/SubstituteBindings.php(41): Illuminate\\Pipeline\\Pipeline->Illuminate\\Pipeline\\{closure}()
#24 /home/v2.tradepander.com/public_html/core/vendor/laravel/framework/src/Illuminate/Pipeline/Pipeline.php(171): Illuminate\\Routing\\Middleware\\SubstituteBindings->handle()
#25 /home/v2.tradepander.com/public_html/core/vendor/laravel/framework/src/Illuminate/View/Middleware/ShareErrorsFromSession.php(49): Illuminate\\Pipeline\\Pipeline->Illuminate\\Pipeline\\{closure}()
#26 /home/v2.tradepander.com/public_html/core/vendor/laravel/framework/src/Illuminate/Pipeline/Pipeline.php(171): Illuminate\\View\\Middleware\\ShareErrorsFromSession->handle()
#27 /home/v2.tradepander.com/public_html/core/vendor/laravel/framework/src/Illuminate/Session/Middleware/StartSession.php(56): Illuminate\\Pipeline\\Pipeline->Illuminate\\Pipeline\\{closure}()
#28 /home/v2.tradepander.com/public_html/core/vendor/laravel/framework/src/Illuminate/Pipeline/Pipeline.php(171): Illuminate\\Session\\Middleware\\StartSession->handle()
#29 /home/v2.tradepander.com/public_html/core/vendor/laravel/framework/src/Illuminate/Cookie/Middleware/AddQueuedCookiesToResponse.php(37): Illuminate\\Pipeline\\Pipeline->Illuminate\\Pipeline\\{closure}()
#30 /home/v2.tradepander.com/public_html/core/vendor/laravel/framework/src/Illuminate/Pipeline/Pipeline.php(171): Illuminate\\Cookie\\Middleware\\AddQueuedCookiesToResponse->handle()
#31 /home/v2.tradepander.com/public_html/core/vendor/laravel/framework/src/Illuminate/Cookie/Middleware/EncryptCookies.php(67): Illuminate\\Pipeline\\Pipeline->Illuminate\\Pipeline\\{closure}()
#32 /home/v2.tradepander.com/public_html/core/vendor/laravel/framework/src/Illuminate/Pipeline/Pipeline.php(171): Illuminate\\Cookie\\Middleware\\EncryptCookies->handle()
#33 /home/v2.tradepander.com/public_html/core/vendor/laravel/framework/src/Illuminate/Pipeline/Pipeline.php(105): Illuminate\\Pipeline\\Pipeline->Illuminate\\Pipeline\\{closure}()
#34 /home/v2.tradepander.com/public_html/core/vendor/laravel/framework/src/Illuminate/Routing/Router.php(683): Illuminate\\Pipeline\\Pipeline->then()
#35 /home/v2.tradepander.com/public_html/core/vendor/laravel/framework/src/Illuminate/Routing/Router.php(658): Illuminate\\Routing\\Router->runRouteWithinStack()
#36 /home/v2.tradepander.com/public_html/core/vendor/laravel/framework/src/Illuminate/Routing/Router.php(624): Illuminate\\Routing\\Router->runRoute()
#37 /home/v2.tradepander.com/public_html/core/vendor/laravel/framework/src/Illuminate/Routing/Router.php(613): Illuminate\\Routing\\Router->dispatchToRoute()
#38 /home/v2.tradepander.com/public_html/core/vendor/laravel/framework/src/Illuminate/Foundation/Http/Kernel.php(170): Illuminate\\Routing\\Router->dispatch()
#39 /home/v2.tradepander.com/public_html/core/vendor/laravel/framework/src/Illuminate/Pipeline/Pipeline.php(130): Illuminate\\Foundation\\Http\\Kernel->Illuminate\\Foundation\\Http\\{closure}()
#40 /home/v2.tradepander.com/public_html/core/vendor/fideloper/proxy/src/TrustProxies.php(57): Illuminate\\Pipeline\\Pipeline->Illuminate\\Pipeline\\{closure}()
#41 /home/v2.tradepander.com/public_html/core/vendor/laravel/framework/src/Illuminate/Pipeline/Pipeline.php(171): Fideloper\\Proxy\\TrustProxies->handle()
#42 /home/v2.tradepander.com/public_html/core/vendor/laravel/framework/src/Illuminate/Foundation/Http/Middleware/TransformsRequest.php(21): Illuminate\\Pipeline\\Pipeline->Illuminate\\Pipeline\\{closure}()
#43 /home/v2.tradepander.com/public_html/core/vendor/laravel/framework/src/Illuminate/Pipeline/Pipeline.php(171): Illuminate\\Foundation\\Http\\Middleware\\TransformsRequest->handle()
#44 /home/v2.tradepander.com/public_html/core/vendor/laravel/framework/src/Illuminate/Foundation/Http/Middleware/TransformsRequest.php(21): Illuminate\\Pipeline\\Pipeline->Illuminate\\Pipeline\\{closure}()
#45 /home/v2.tradepander.com/public_html/core/vendor/laravel/framework/src/Illuminate/Pipeline/Pipeline.php(171): Illuminate\\Foundation\\Http\\Middleware\\TransformsRequest->handle()
#46 /home/v2.tradepander.com/public_html/core/vendor/laravel/framework/src/Illuminate/Foundation/Http/Middleware/ValidatePostSize.php(27): Illuminate\\Pipeline\\Pipeline->Illuminate\\Pipeline\\{closure}()
#47 /home/v2.tradepander.com/public_html/core/vendor/laravel/framework/src/Illuminate/Pipeline/Pipeline.php(171): Illuminate\\Foundation\\Http\\Middleware\\ValidatePostSize->handle()
#48 /home/v2.tradepander.com/public_html/core/vendor/laravel/framework/src/Illuminate/Foundation/Http/Middleware/CheckForMaintenanceMode.php(63): Illuminate\\Pipeline\\Pipeline->Illuminate\\Pipeline\\{closure}()
#49 /home/v2.tradepander.com/public_html/core/vendor/laravel/framework/src/Illuminate/Pipeline/Pipeline.php(171): Illuminate\\Foundation\\Http\\Middleware\\CheckForMaintenanceMode->handle()
#50 /home/v2.tradepander.com/public_html/core/vendor/laravel/framework/src/Illuminate/Pipeline/Pipeline.php(105): Illuminate\\Pipeline\\Pipeline->Illuminate\\Pipeline\\{closure}()
#51 /home/v2.tradepander.com/public_html/core/vendor/laravel/framework/src/Illuminate/Foundation/Http/Kernel.php(145): Illuminate\\Pipeline\\Pipeline->then()
#52 /home/v2.tradepander.com/public_html/core/vendor/laravel/framework/src/Illuminate/Foundation/Http/Kernel.php(110): Illuminate\\Foundation\\Http\\Kernel->sendRequestThroughRouter()
#53 /home/v2.tradepander.com/public_html/index.php(55): Illuminate\\Foundation\\Http\\Kernel->handle()
#54 {main}
"} 
[2021-01-24 06:51:30] development.ERROR: SQLSTATE[42S02]: Base table or view not found: 1146 Table 'v2_dash.cp_ipns' doesn't exist (SQL: insert into `cp_ipns` (`amount1`, `amount2`, `buyer_name`, `currency1`, `currency2`, `fee`, `ipn_id`, `ipn_mode`, `ipn_type`, `ipn_version`, `item_name`, `merchant`, `received_amount`, `received_confirms`, `status`, `status_text`, `txn_id`, `updated_at`, `created_at`) values (30, 0.02445, Emmanuel, USD, ETH, 0.00012, 4df2d1e9781584ddb79265fd5d065840, hmac, api, 1.0, Account deposit, a3a36822956f8e5085e86d39e20b0f86, 0.02445, 3, 1, Funds received and confirmed, sending to you shortly..., CPFA6FHJ3U7UY2NDDKEXABRJCB, 2021-01-24 06:51:30, 2021-01-24 06:51:30)) {"exception":"[object] (Illuminate\\Database\\QueryException(code: 42S02): SQLSTATE[42S02]: Base table or view not found: 1146 Table 'v2_dash.cp_ipns' doesn't exist (SQL: insert into `cp_ipns` (`amount1`, `amount2`, `buyer_name`, `currency1`, `currency2`, `fee`, `ipn_id`, `ipn_mode`, `ipn_type`, `ipn_version`, `item_name`, `merchant`, `received_amount`, `received_confirms`, `status`, `status_text`, `txn_id`, `updated_at`, `created_at`) values (30, 0.02445, Emmanuel, USD, ETH, 0.00012, 4df2d1e9781584ddb79265fd5d065840, hmac, api, 1.0, Account deposit, a3a36822956f8e5085e86d39e20b0f86, 0.02445, 3, 1, Funds received and confirmed, sending to you shortly..., CPFA6FHJ3U7UY2NDDKEXABRJCB, 2021-01-24 06:51:30, 2021-01-24 06:51:30)) at /home/v2.tradepander.com/public_html/core/vendor/laravel/framework/src/Illuminate/Database/Connection.php:669)
[stacktrace]
#0 /home/v2.tradepander.com/public_html/core/vendor/laravel/framework/src/Illuminate/Database/Connection.php(629): Illuminate\\Database\\Connection->runQueryCallback()
#1 /home/v2.tradepander.com/public_html/core/vendor/laravel/framework/src/Illuminate/Database/Connection.php(464): Illuminate\\Database\\Connection->run()
#2 /home/v2.tradepander.com/public_html/core/vendor/laravel/framework/src/Illuminate/Database/Connection.php(416): Illuminate\\Database\\Connection->statement()
#3 /home/v2.tradepander.com/public_html/core/vendor/laravel/framework/src/Illuminate/Database/Query/Processors/Processor.php(32): Illuminate\\Database\\Connection->insert()
#4 /home/v2.tradepander.com/public_html/core/vendor/laravel/framework/src/Illuminate/Database/Query/Builder.php(2695): Illuminate\\Database\\Query\\Processors\\Processor->processInsertGetId()
#5 /home/v2.tradepander.com/public_html/core/vendor/laravel/framework/src/Illuminate/Database/Eloquent/Builder.php(1366): Illuminate\\Database\\Query\\Builder->insertGetId()
#6 /home/v2.tradepander.com/public_html/core/vendor/laravel/framework/src/Illuminate/Database/Eloquent/Model.php(840): Illuminate\\Database\\Eloquent\\Builder->__call()
#7 /home/v2.tradepander.com/public_html/core/vendor/laravel/framework/src/Illuminate/Database/Eloquent/Model.php(805): Illuminate\\Database\\Eloquent\\Model->insertAndSetId()
#8 /home/v2.tradepander.com/public_html/core/vendor/laravel/framework/src/Illuminate/Database/Eloquent/Model.php(668): Illuminate\\Database\\Eloquent\\Model->performInsert()
#9 /home/v2.tradepander.com/public_html/core/vendor/kevupton/laravel-coinpayments/src/Kevupton/LaravelCoinpayments/LaravelCoinpayments.php(202): Illuminate\\Database\\Eloquent\\Model->save()
#10 /home/v2.tradepander.com/public_html/core/vendor/kevupton/laravel-coinpayments/src/Kevupton/LaravelCoinpayments/LaravelCoinpayments.php(281): Kevupton\\LaravelCoinpayments\\LaravelCoinpayments->validateIPN()
#11 /home/v2.tradepander.com/public_html/core/vendor/laravel/framework/src/Illuminate/Support/Facades/Facade.php(261): Kevupton\\LaravelCoinpayments\\LaravelCoinpayments->validateIPNRequest()
#12 /home/v2.tradepander.com/public_html/core/vendor/baselock/baselock.php(1673): Illuminate\\Support\\Facades\\Facade::__callStatic()
#13 [internal function]: App\\Http\\Controllers\\userController->btc_confirm()
#14 /home/v2.tradepander.com/public_html/core/vendor/laravel/framework/src/Illuminate/Routing/Controller.php(54): call_user_func_array()
#15 /home/v2.tradepander.com/public_html/core/vendor/laravel/framework/src/Illuminate/Routing/ControllerDispatcher.php(45): Illuminate\\Routing\\Controller->callAction()
#16 /home/v2.tradepander.com/public_html/core/vendor/laravel/framework/src/Illuminate/Routing/Route.php(219): Illuminate\\Routing\\ControllerDispatcher->dispatch()
#17 /home/v2.tradepander.com/public_html/core/vendor/laravel/framework/src/Illuminate/Routing/Route.php(176): Illuminate\\Routing\\Route->runController()
#18 /home/v2.tradepander.com/public_html/core/vendor/laravel/framework/src/Illuminate/Routing/Router.php(681): Illuminate\\Routing\\Route->run()
#19 /home/v2.tradepander.com/public_html/core/vendor/laravel/framework/src/Illuminate/Pipeline/Pipeline.php(130): Illuminate\\Routing\\Router->Illuminate\\Routing\\{closure}()
#20 /home/v2.tradepander.com/public_html/core/vendor/laravel/framework/src/Illuminate/Routing/Middleware/SubstituteBindings.php(41): Illuminate\\Pipeline\\Pipeline->Illuminate\\Pipeline\\{closure}()
#21 /home/v2.tradepander.com/public_html/core/vendor/laravel/framework/src/Illuminate/Pipeline/Pipeline.php(171): Illuminate\\Routing\\Middleware\\SubstituteBindings->handle()
#22 /home/v2.tradepander.com/public_html/core/vendor/laravel/framework/src/Illuminate/View/Middleware/ShareErrorsFromSession.php(49): Illuminate\\Pipeline\\Pipeline->Illuminate\\Pipeline\\{closure}()
#23 /home/v2.tradepander.com/public_html/core/vendor/laravel/framework/src/Illuminate/Pipeline/Pipeline.php(171): Illuminate\\View\\Middleware\\ShareErrorsFromSession->handle()
#24 /home/v2.tradepander.com/public_html/core/vendor/laravel/framework/src/Illuminate/Session/Middleware/StartSession.php(56): Illuminate\\Pipeline\\Pipeline->Illuminate\\Pipeline\\{closure}()
#25 /home/v2.tradepander.com/public_html/core/vendor/laravel/framework/src/Illuminate/Pipeline/Pipeline.php(171): Illuminate\\Session\\Middleware\\StartSession->handle()
#26 /home/v2.tradepander.com/public_html/core/vendor/laravel/framework/src/Illuminate/Cookie/Middleware/AddQueuedCookiesToResponse.php(37): Illuminate\\Pipeline\\Pipeline->Illuminate\\Pipeline\\{closure}()
#27 /home/v2.tradepander.com/public_html/core/vendor/laravel/framework/src/Illuminate/Pipeline/Pipeline.php(171): Illuminate\\Cookie\\Middleware\\AddQueuedCookiesToResponse->handle()
#28 /home/v2.tradepander.com/public_html/core/vendor/laravel/framework/src/Illuminate/Cookie/Middleware/EncryptCookies.php(67): Illuminate\\Pipeline\\Pipeline->Illuminate\\Pipeline\\{closure}()
#29 /home/v2.tradepander.com/public_html/core/vendor/laravel/framework/src/Illuminate/Pipeline/Pipeline.php(171): Illuminate\\Cookie\\Middleware\\EncryptCookies->handle()
#30 /home/v2.tradepander.com/public_html/core/vendor/laravel/framework/src/Illuminate/Pipeline/Pipeline.php(105): Illuminate\\Pipeline\\Pipeline->Illuminate\\Pipeline\\{closure}()
#31 /home/v2.tradepander.com/public_html/core/vendor/laravel/framework/src/Illuminate/Routing/Router.php(683): Illuminate\\Pipeline\\Pipeline->then()
#32 /home/v2.tradepander.com/public_html/core/vendor/laravel/framework/src/Illuminate/Routing/Router.php(658): Illuminate\\Routing\\Router->runRouteWithinStack()
#33 /home/v2.tradepander.com/public_html/core/vendor/laravel/framework/src/Illuminate/Routing/Router.php(624): Illuminate\\Routing\\Router->runRoute()
#34 /home/v2.tradepander.com/public_html/core/vendor/laravel/framework/src/Illuminate/Routing/Router.php(613): Illuminate\\Routing\\Router->dispatchToRoute()
#35 /home/v2.tradepander.com/public_html/core/vendor/laravel/framework/src/Illuminate/Foundation/Http/Kernel.php(170): Illuminate\\Routing\\Router->dispatch()
#36 /home/v2.tradepander.com/public_html/core/vendor/laravel/framework/src/Illuminate/Pipeline/Pipeline.php(130): Illuminate\\Foundation\\Http\\Kernel->Illuminate\\Foundation\\Http\\{closure}()
#37 /home/v2.tradepander.com/public_html/core/vendor/fideloper/proxy/src/TrustProxies.php(57): Illuminate\\Pipeline\\Pipeline->Illuminate\\Pipeline\\{closure}()
#38 /home/v2.tradepander.com/public_html/core/vendor/laravel/framework/src/Illuminate/Pipeline/Pipeline.php(171): Fideloper\\Proxy\\TrustProxies->handle()
#39 /home/v2.tradepander.com/public_html/core/vendor/laravel/framework/src/Illuminate/Foundation/Http/Middleware/TransformsRequest.php(21): Illuminate\\Pipeline\\Pipeline->Illuminate\\Pipeline\\{closure}()
#40 /home/v2.tradepander.com/public_html/core/vendor/laravel/framework/src/Illuminate/Pipeline/Pipeline.php(171): Illuminate\\Foundation\\Http\\Middleware\\TransformsRequest->handle()
#41 /home/v2.tradepander.com/public_html/core/vendor/laravel/framework/src/Illuminate/Foundation/Http/Middleware/TransformsRequest.php(21): Illuminate\\Pipeline\\Pipeline->Illuminate\\Pipeline\\{closure}()
#42 /home/v2.tradepander.com/public_html/core/vendor/laravel/framework/src/Illuminate/Pipeline/Pipeline.php(171): Illuminate\\Foundation\\Http\\Middleware\\TransformsRequest->handle()
#43 /home/v2.tradepander.com/public_html/core/vendor/laravel/framework/src/Illuminate/Foundation/Http/Middleware/ValidatePostSize.php(27): Illuminate\\Pipeline\\Pipeline->Illuminate\\Pipeline\\{closure}()
#44 /home/v2.tradepander.com/public_html/core/vendor/laravel/framework/src/Illuminate/Pipeline/Pipeline.php(171): Illuminate\\Foundation\\Http\\Middleware\\ValidatePostSize->handle()
#45 /home/v2.tradepander.com/public_html/core/vendor/laravel/framework/src/Illuminate/Foundation/Http/Middleware/CheckForMaintenanceMode.php(63): Illuminate\\Pipeline\\Pipeline->Illuminate\\Pipeline\\{closure}()
#46 /home/v2.tradepander.com/public_html/core/vendor/laravel/framework/src/Illuminate/Pipeline/Pipeline.php(171): Illuminate\\Foundation\\Http\\Middleware\\CheckForMaintenanceMode->handle()
#47 /home/v2.tradepander.com/public_html/core/vendor/laravel/framework/src/Illuminate/Pipeline/Pipeline.php(105): Illuminate\\Pipeline\\Pipeline->Illuminate\\Pipeline\\{closure}()
#48 /home/v2.tradepander.com/public_html/core/vendor/laravel/framework/src/Illuminate/Foundation/Http/Kernel.php(145): Illuminate\\Pipeline\\Pipeline->then()
#49 /home/v2.tradepander.com/public_html/core/vendor/laravel/framework/src/Illuminate/Foundation/Http/Kernel.php(110): Illuminate\\Foundation\\Http\\Kernel->sendRequestThroughRouter()
#50 /home/v2.tradepander.com/public_html/index.php(55): Illuminate\\Foundation\\Http\\Kernel->handle()
#51 {main}

[previous exception] [object] (Doctrine\\DBAL\\Driver\\PDOException(code: 42S02): SQLSTATE[42S02]: Base table or view not found: 1146 Table 'v2_dash.cp_ipns' doesn't exist at /home/v2.tradepander.com/public_html/core/vendor/doctrine/dbal/lib/Doctrine/DBAL/Driver/PDOConnection.php:66)
[stacktrace]
#0 /home/v2.tradepander.com/public_html/core/vendor/laravel/framework/src/Illuminate/Database/Connection.php(457): Doctrine\\DBAL\\Driver\\PDOConnection->prepare()
#1 /home/v2.tradepander.com/public_html/core/vendor/laravel/framework/src/Illuminate/Database/Connection.php(662): Illuminate\\Database\\Connection->Illuminate\\Database\\{closure}()
#2 /home/v2.tradepander.com/public_html/core/vendor/laravel/framework/src/Illuminate/Database/Connection.php(629): Illuminate\\Database\\Connection->runQueryCallback()
#3 /home/v2.tradepander.com/public_html/core/vendor/laravel/framework/src/Illuminate/Database/Connection.php(464): Illuminate\\Database\\Connection->run()
#4 /home/v2.tradepander.com/public_html/core/vendor/laravel/framework/src/Illuminate/Database/Connection.php(416): Illuminate\\Database\\Connection->statement()
#5 /home/v2.tradepander.com/public_html/core/vendor/laravel/framework/src/Illuminate/Database/Query/Processors/Processor.php(32): Illuminate\\Database\\Connection->insert()
#6 /home/v2.tradepander.com/public_html/core/vendor/laravel/framework/src/Illuminate/Database/Query/Builder.php(2695): Illuminate\\Database\\Query\\Processors\\Processor->processInsertGetId()
#7 /home/v2.tradepander.com/public_html/core/vendor/laravel/framework/src/Illuminate/Database/Eloquent/Builder.php(1366): Illuminate\\Database\\Query\\Builder->insertGetId()
#8 /home/v2.tradepander.com/public_html/core/vendor/laravel/framework/src/Illuminate/Database/Eloquent/Model.php(840): Illuminate\\Database\\Eloquent\\Builder->__call()
#9 /home/v2.tradepander.com/public_html/core/vendor/laravel/framework/src/Illuminate/Database/Eloquent/Model.php(805): Illuminate\\Database\\Eloquent\\Model->insertAndSetId()
#10 /home/v2.tradepander.com/public_html/core/vendor/laravel/framework/src/Illuminate/Database/Eloquent/Model.php(668): Illuminate\\Database\\Eloquent\\Model->performInsert()
#11 /home/v2.tradepander.com/public_html/core/vendor/kevupton/laravel-coinpayments/src/Kevupton/LaravelCoinpayments/LaravelCoinpayments.php(202): Illuminate\\Database\\Eloquent\\Model->save()
#12 /home/v2.tradepander.com/public_html/core/vendor/kevupton/laravel-coinpayments/src/Kevupton/LaravelCoinpayments/LaravelCoinpayments.php(281): Kevupton\\LaravelCoinpayments\\LaravelCoinpayments->validateIPN()
#13 /home/v2.tradepander.com/public_html/core/vendor/laravel/framework/src/Illuminate/Support/Facades/Facade.php(261): Kevupton\\LaravelCoinpayments\\LaravelCoinpayments->validateIPNRequest()
#14 /home/v2.tradepander.com/public_html/core/vendor/baselock/baselock.php(1673): Illuminate\\Support\\Facades\\Facade::__callStatic()
#15 [internal function]: App\\Http\\Controllers\\userController->btc_confirm()
#16 /home/v2.tradepander.com/public_html/core/vendor/laravel/framework/src/Illuminate/Routing/Controller.php(54): call_user_func_array()
#17 /home/v2.tradepander.com/public_html/core/vendor/laravel/framework/src/Illuminate/Routing/ControllerDispatcher.php(45): Illuminate\\Routing\\Controller->callAction()
#18 /home/v2.tradepander.com/public_html/core/vendor/laravel/framework/src/Illuminate/Routing/Route.php(219): Illuminate\\Routing\\ControllerDispatcher->dispatch()
#19 /home/v2.tradepander.com/public_html/core/vendor/laravel/framework/src/Illuminate/Routing/Route.php(176): Illuminate\\Routing\\Route->runController()
#20 /home/v2.tradepander.com/public_html/core/vendor/laravel/framework/src/Illuminate/Routing/Router.php(681): Illuminate\\Routing\\Route->run()
#21 /home/v2.tradepander.com/public_html/core/vendor/laravel/framework/src/Illuminate/Pipeline/Pipeline.php(130): Illuminate\\Routing\\Router->Illuminate\\Routing\\{closure}()
#22 /home/v2.tradepander.com/public_html/core/vendor/laravel/framework/src/Illuminate/Routing/Middleware/SubstituteBindings.php(41): Illuminate\\Pipeline\\Pipeline->Illuminate\\Pipeline\\{closure}()
#23 /home/v2.tradepander.com/public_html/core/vendor/laravel/framework/src/Illuminate/Pipeline/Pipeline.php(171): Illuminate\\Routing\\Middleware\\SubstituteBindings->handle()
#24 /home/v2.tradepander.com/public_html/core/vendor/laravel/framework/src/Illuminate/View/Middleware/ShareErrorsFromSession.php(49): Illuminate\\Pipeline\\Pipeline->Illuminate\\Pipeline\\{closure}()
#25 /home/v2.tradepander.com/public_html/core/vendor/laravel/framework/src/Illuminate/Pipeline/Pipeline.php(171): Illuminate\\View\\Middleware\\ShareErrorsFromSession->handle()
#26 /home/v2.tradepander.com/public_html/core/vendor/laravel/framework/src/Illuminate/Session/Middleware/StartSession.php(56): Illuminate\\Pipeline\\Pipeline->Illuminate\\Pipeline\\{closure}()
#27 /home/v2.tradepander.com/public_html/core/vendor/laravel/framework/src/Illuminate/Pipeline/Pipeline.php(171): Illuminate\\Session\\Middleware\\StartSession->handle()
#28 /home/v2.tradepander.com/public_html/core/vendor/laravel/framework/src/Illuminate/Cookie/Middleware/AddQueuedCookiesToResponse.php(37): Illuminate\\Pipeline\\Pipeline->Illuminate\\Pipeline\\{closure}()
#29 /home/v2.tradepander.com/public_html/core/vendor/laravel/framework/src/Illuminate/Pipeline/Pipeline.php(171): Illuminate\\Cookie\\Middleware\\AddQueuedCookiesToResponse->handle()
#30 /home/v2.tradepander.com/public_html/core/vendor/laravel/framework/src/Illuminate/Cookie/Middleware/EncryptCookies.php(67): Illuminate\\Pipeline\\Pipeline->Illuminate\\Pipeline\\{closure}()
#31 /home/v2.tradepander.com/public_html/core/vendor/laravel/framework/src/Illuminate/Pipeline/Pipeline.php(171): Illuminate\\Cookie\\Middleware\\EncryptCookies->handle()
#32 /home/v2.tradepander.com/public_html/core/vendor/laravel/framework/src/Illuminate/Pipeline/Pipeline.php(105): Illuminate\\Pipeline\\Pipeline->Illuminate\\Pipeline\\{closure}()
#33 /home/v2.tradepander.com/public_html/core/vendor/laravel/framework/src/Illuminate/Routing/Router.php(683): Illuminate\\Pipeline\\Pipeline->then()
#34 /home/v2.tradepander.com/public_html/core/vendor/laravel/framework/src/Illuminate/Routing/Router.php(658): Illuminate\\Routing\\Router->runRouteWithinStack()
#35 /home/v2.tradepander.com/public_html/core/vendor/laravel/framework/src/Illuminate/Routing/Router.php(624): Illuminate\\Routing\\Router->runRoute()
#36 /home/v2.tradepander.com/public_html/core/vendor/laravel/framework/src/Illuminate/Routing/Router.php(613): Illuminate\\Routing\\Router->dispatchToRoute()
#37 /home/v2.tradepander.com/public_html/core/vendor/laravel/framework/src/Illuminate/Foundation/Http/Kernel.php(170): Illuminate\\Routing\\Router->dispatch()
#38 /home/v2.tradepander.com/public_html/core/vendor/laravel/framework/src/Illuminate/Pipeline/Pipeline.php(130): Illuminate\\Foundation\\Http\\Kernel->Illuminate\\Foundation\\Http\\{closure}()
#39 /home/v2.tradepander.com/public_html/core/vendor/fideloper/proxy/src/TrustProxies.php(57): Illuminate\\Pipeline\\Pipeline->Illuminate\\Pipeline\\{closure}()
#40 /home/v2.tradepander.com/public_html/core/vendor/laravel/framework/src/Illuminate/Pipeline/Pipeline.php(171): Fideloper\\Proxy\\TrustProxies->handle()
#41 /home/v2.tradepander.com/public_html/core/vendor/laravel/framework/src/Illuminate/Foundation/Http/Middleware/TransformsRequest.php(21): Illuminate\\Pipeline\\Pipeline->Illuminate\\Pipeline\\{closure}()
#42 /home/v2.tradepander.com/public_html/core/vendor/laravel/framework/src/Illuminate/Pipeline/Pipeline.php(171): Illuminate\\Foundation\\Http\\Middleware\\TransformsRequest->handle()
#43 /home/v2.tradepander.com/public_html/core/vendor/laravel/framework/src/Illuminate/Foundation/Http/Middleware/TransformsRequest.php(21): Illuminate\\Pipeline\\Pipeline->Illuminate\\Pipeline\\{closure}()
#44 /home/v2.tradepander.com/public_html/core/vendor/laravel/framework/src/Illuminate/Pipeline/Pipeline.php(171): Illuminate\\Foundation\\Http\\Middleware\\TransformsRequest->handle()
#45 /home/v2.tradepander.com/public_html/core/vendor/laravel/framework/src/Illuminate/Foundation/Http/Middleware/ValidatePostSize.php(27): Illuminate\\Pipeline\\Pipeline->Illuminate\\Pipeline\\{closure}()
#46 /home/v2.tradepander.com/public_html/core/vendor/laravel/framework/src/Illuminate/Pipeline/Pipeline.php(171): Illuminate\\Foundation\\Http\\Middleware\\ValidatePostSize->handle()
#47 /home/v2.tradepander.com/public_html/core/vendor/laravel/framework/src/Illuminate/Foundation/Http/Middleware/CheckForMaintenanceMode.php(63): Illuminate\\Pipeline\\Pipeline->Illuminate\\Pipeline\\{closure}()
#48 /home/v2.tradepander.com/public_html/core/vendor/laravel/framework/src/Illuminate/Pipeline/Pipeline.php(171): Illuminate\\Foundation\\Http\\Middleware\\CheckForMaintenanceMode->handle()
#49 /home/v2.tradepander.com/public_html/core/vendor/laravel/framework/src/Illuminate/Pipeline/Pipeline.php(105): Illuminate\\Pipeline\\Pipeline->Illuminate\\Pipeline\\{closure}()
#50 /home/v2.tradepander.com/public_html/core/vendor/laravel/framework/src/Illuminate/Foundation/Http/Kernel.php(145): Illuminate\\Pipeline\\Pipeline->then()
#51 /home/v2.tradepander.com/public_html/core/vendor/laravel/framework/src/Illuminate/Foundation/Http/Kernel.php(110): Illuminate\\Foundation\\Http\\Kernel->sendRequestThroughRouter()
#52 /home/v2.tradepander.com/public_html/index.php(55): Illuminate\\Foundation\\Http\\Kernel->handle()
#53 {main}

[previous exception] [object] (PDOException(code: 42S02): SQLSTATE[42S02]: Base table or view not found: 1146 Table 'v2_dash.cp_ipns' doesn't exist at /home/v2.tradepander.com/public_html/core/vendor/doctrine/dbal/lib/Doctrine/DBAL/Driver/PDOConnection.php:64)
[stacktrace]
#0 /home/v2.tradepander.com/public_html/core/vendor/doctrine/dbal/lib/Doctrine/DBAL/Driver/PDOConnection.php(64): PDO->prepare()
#1 /home/v2.tradepander.com/public_html/core/vendor/laravel/framework/src/Illuminate/Database/Connection.php(457): Doctrine\\DBAL\\Driver\\PDOConnection->prepare()
#2 /home/v2.tradepander.com/public_html/core/vendor/laravel/framework/src/Illuminate/Database/Connection.php(662): Illuminate\\Database\\Connection->Illuminate\\Database\\{closure}()
#3 /home/v2.tradepander.com/public_html/core/vendor/laravel/framework/src/Illuminate/Database/Connection.php(629): Illuminate\\Database\\Connection->runQueryCallback()
#4 /home/v2.tradepander.com/public_html/core/vendor/laravel/framework/src/Illuminate/Database/Connection.php(464): Illuminate\\Database\\Connection->run()
#5 /home/v2.tradepander.com/public_html/core/vendor/laravel/framework/src/Illuminate/Database/Connection.php(416): Illuminate\\Database\\Connection->statement()
#6 /home/v2.tradepander.com/public_html/core/vendor/laravel/framework/src/Illuminate/Database/Query/Processors/Processor.php(32): Illuminate\\Database\\Connection->insert()
#7 /home/v2.tradepander.com/public_html/core/vendor/laravel/framework/src/Illuminate/Database/Query/Builder.php(2695): Illuminate\\Database\\Query\\Processors\\Processor->processInsertGetId()
#8 /home/v2.tradepander.com/public_html/core/vendor/laravel/framework/src/Illuminate/Database/Eloquent/Builder.php(1366): Illuminate\\Database\\Query\\Builder->insertGetId()
#9 /home/v2.tradepander.com/public_html/core/vendor/laravel/framework/src/Illuminate/Database/Eloquent/Model.php(840): Illuminate\\Database\\Eloquent\\Builder->__call()
#10 /home/v2.tradepander.com/public_html/core/vendor/laravel/framework/src/Illuminate/Database/Eloquent/Model.php(805): Illuminate\\Database\\Eloquent\\Model->insertAndSetId()
#11 /home/v2.tradepander.com/public_html/core/vendor/laravel/framework/src/Illuminate/Database/Eloquent/Model.php(668): Illuminate\\Database\\Eloquent\\Model->performInsert()
#12 /home/v2.tradepander.com/public_html/core/vendor/kevupton/laravel-coinpayments/src/Kevupton/LaravelCoinpayments/LaravelCoinpayments.php(202): Illuminate\\Database\\Eloquent\\Model->save()
#13 /home/v2.tradepander.com/public_html/core/vendor/kevupton/laravel-coinpayments/src/Kevupton/LaravelCoinpayments/LaravelCoinpayments.php(281): Kevupton\\LaravelCoinpayments\\LaravelCoinpayments->validateIPN()
#14 /home/v2.tradepander.com/public_html/core/vendor/laravel/framework/src/Illuminate/Support/Facades/Facade.php(261): Kevupton\\LaravelCoinpayments\\LaravelCoinpayments->validateIPNRequest()
#15 /home/v2.tradepander.com/public_html/core/vendor/baselock/baselock.php(1673): Illuminate\\Support\\Facades\\Facade::__callStatic()
#16 [internal function]: App\\Http\\Controllers\\userController->btc_confirm()
#17 /home/v2.tradepander.com/public_html/core/vendor/laravel/framework/src/Illuminate/Routing/Controller.php(54): call_user_func_array()
#18 /home/v2.tradepander.com/public_html/core/vendor/laravel/framework/src/Illuminate/Routing/ControllerDispatcher.php(45): Illuminate\\Routing\\Controller->callAction()
#19 /home/v2.tradepander.com/public_html/core/vendor/laravel/framework/src/Illuminate/Routing/Route.php(219): Illuminate\\Routing\\ControllerDispatcher->dispatch()
#20 /home/v2.tradepander.com/public_html/core/vendor/laravel/framework/src/Illuminate/Routing/Route.php(176): Illuminate\\Routing\\Route->runController()
#21 /home/v2.tradepander.com/public_html/core/vendor/laravel/framework/src/Illuminate/Routing/Router.php(681): Illuminate\\Routing\\Route->run()
#22 /home/v2.tradepander.com/public_html/core/vendor/laravel/framework/src/Illuminate/Pipeline/Pipeline.php(130): Illuminate\\Routing\\Router->Illuminate\\Routing\\{closure}()
#23 /home/v2.tradepander.com/public_html/core/vendor/laravel/framework/src/Illuminate/Routing/Middleware/SubstituteBindings.php(41): Illuminate\\Pipeline\\Pipeline->Illuminate\\Pipeline\\{closure}()
#24 /home/v2.tradepander.com/public_html/core/vendor/laravel/framework/src/Illuminate/Pipeline/Pipeline.php(171): Illuminate\\Routing\\Middleware\\SubstituteBindings->handle()
#25 /home/v2.tradepander.com/public_html/core/vendor/laravel/framework/src/Illuminate/View/Middleware/ShareErrorsFromSession.php(49): Illuminate\\Pipeline\\Pipeline->Illuminate\\Pipeline\\{closure}()
#26 /home/v2.tradepander.com/public_html/core/vendor/laravel/framework/src/Illuminate/Pipeline/Pipeline.php(171): Illuminate\\View\\Middleware\\ShareErrorsFromSession->handle()
#27 /home/v2.tradepander.com/public_html/core/vendor/laravel/framework/src/Illuminate/Session/Middleware/StartSession.php(56): Illuminate\\Pipeline\\Pipeline->Illuminate\\Pipeline\\{closure}()
#28 /home/v2.tradepander.com/public_html/core/vendor/laravel/framework/src/Illuminate/Pipeline/Pipeline.php(171): Illuminate\\Session\\Middleware\\StartSession->handle()
#29 /home/v2.tradepander.com/public_html/core/vendor/laravel/framework/src/Illuminate/Cookie/Middleware/AddQueuedCookiesToResponse.php(37): Illuminate\\Pipeline\\Pipeline->Illuminate\\Pipeline\\{closure}()
#30 /home/v2.tradepander.com/public_html/core/vendor/laravel/framework/src/Illuminate/Pipeline/Pipeline.php(171): Illuminate\\Cookie\\Middleware\\AddQueuedCookiesToResponse->handle()
#31 /home/v2.tradepander.com/public_html/core/vendor/laravel/framework/src/Illuminate/Cookie/Middleware/EncryptCookies.php(67): Illuminate\\Pipeline\\Pipeline->Illuminate\\Pipeline\\{closure}()
#32 /home/v2.tradepander.com/public_html/core/vendor/laravel/framework/src/Illuminate/Pipeline/Pipeline.php(171): Illuminate\\Cookie\\Middleware\\EncryptCookies->handle()
#33 /home/v2.tradepander.com/public_html/core/vendor/laravel/framework/src/Illuminate/Pipeline/Pipeline.php(105): Illuminate\\Pipeline\\Pipeline->Illuminate\\Pipeline\\{closure}()
#34 /home/v2.tradepander.com/public_html/core/vendor/laravel/framework/src/Illuminate/Routing/Router.php(683): Illuminate\\Pipeline\\Pipeline->then()
#35 /home/v2.tradepander.com/public_html/core/vendor/laravel/framework/src/Illuminate/Routing/Router.php(658): Illuminate\\Routing\\Router->runRouteWithinStack()
#36 /home/v2.tradepander.com/public_html/core/vendor/laravel/framework/src/Illuminate/Routing/Router.php(624): Illuminate\\Routing\\Router->runRoute()
#37 /home/v2.tradepander.com/public_html/core/vendor/laravel/framework/src/Illuminate/Routing/Router.php(613): Illuminate\\Routing\\Router->dispatchToRoute()
#38 /home/v2.tradepander.com/public_html/core/vendor/laravel/framework/src/Illuminate/Foundation/Http/Kernel.php(170): Illuminate\\Routing\\Router->dispatch()
#39 /home/v2.tradepander.com/public_html/core/vendor/laravel/framework/src/Illuminate/Pipeline/Pipeline.php(130): Illuminate\\Foundation\\Http\\Kernel->Illuminate\\Foundation\\Http\\{closure}()
#40 /home/v2.tradepander.com/public_html/core/vendor/fideloper/proxy/src/TrustProxies.php(57): Illuminate\\Pipeline\\Pipeline->Illuminate\\Pipeline\\{closure}()
#41 /home/v2.tradepander.com/public_html/core/vendor/laravel/framework/src/Illuminate/Pipeline/Pipeline.php(171): Fideloper\\Proxy\\TrustProxies->handle()
#42 /home/v2.tradepander.com/public_html/core/vendor/laravel/framework/src/Illuminate/Foundation/Http/Middleware/TransformsRequest.php(21): Illuminate\\Pipeline\\Pipeline->Illuminate\\Pipeline\\{closure}()
#43 /home/v2.tradepander.com/public_html/core/vendor/laravel/framework/src/Illuminate/Pipeline/Pipeline.php(171): Illuminate\\Foundation\\Http\\Middleware\\TransformsRequest->handle()
#44 /home/v2.tradepander.com/public_html/core/vendor/laravel/framework/src/Illuminate/Foundation/Http/Middleware/TransformsRequest.php(21): Illuminate\\Pipeline\\Pipeline->Illuminate\\Pipeline\\{closure}()
#45 /home/v2.tradepander.com/public_html/core/vendor/laravel/framework/src/Illuminate/Pipeline/Pipeline.php(171): Illuminate\\Foundation\\Http\\Middleware\\TransformsRequest->handle()
#46 /home/v2.tradepander.com/public_html/core/vendor/laravel/framework/src/Illuminate/Foundation/Http/Middleware/ValidatePostSize.php(27): Illuminate\\Pipeline\\Pipeline->Illuminate\\Pipeline\\{closure}()
#47 /home/v2.tradepander.com/public_html/core/vendor/laravel/framework/src/Illuminate/Pipeline/Pipeline.php(171): Illuminate\\Foundation\\Http\\Middleware\\ValidatePostSize->handle()
#48 /home/v2.tradepander.com/public_html/core/vendor/laravel/framework/src/Illuminate/Foundation/Http/Middleware/CheckForMaintenanceMode.php(63): Illuminate\\Pipeline\\Pipeline->Illuminate\\Pipeline\\{closure}()
#49 /home/v2.tradepander.com/public_html/core/vendor/laravel/framework/src/Illuminate/Pipeline/Pipeline.php(171): Illuminate\\Foundation\\Http\\Middleware\\CheckForMaintenanceMode->handle()
#50 /home/v2.tradepander.com/public_html/core/vendor/laravel/framework/src/Illuminate/Pipeline/Pipeline.php(105): Illuminate\\Pipeline\\Pipeline->Illuminate\\Pipeline\\{closure}()
#51 /home/v2.tradepander.com/public_html/core/vendor/laravel/framework/src/Illuminate/Foundation/Http/Kernel.php(145): Illuminate\\Pipeline\\Pipeline->then()
#52 /home/v2.tradepander.com/public_html/core/vendor/laravel/framework/src/Illuminate/Foundation/Http/Kernel.php(110): Illuminate\\Foundation\\Http\\Kernel->sendRequestThroughRouter()
#53 /home/v2.tradepander.com/public_html/index.php(55): Illuminate\\Foundation\\Http\\Kernel->handle()
#54 {main}
"} 
[2021-01-24 06:55:27] development.ERROR: SQLSTATE[42S02]: Base table or view not found: 1146 Table 'v2_dash.cp_ipns' doesn't exist (SQL: insert into `cp_ipns` (`amount1`, `amount2`, `buyer_name`, `currency1`, `currency2`, `fee`, `ipn_id`, `ipn_mode`, `ipn_type`, `ipn_version`, `item_name`, `merchant`, `received_amount`, `received_confirms`, `send_tx`, `status`, `status_text`, `txn_id`, `updated_at`, `created_at`) values (30, 0.02445, Emmanuel, USD, ETH, 0.00012, 2e73e12549d6ab4c385adeb20a32dd25, hmac, api, 1.0, Account deposit, a3a36822956f8e5085e86d39e20b0f86, 0.02445, 3, 0x39df3b714ee3b53797df96f1f67738a5304275928f58b348dc0ee8c59961bffd, 100, Complete, CPFA6FHJ3U7UY2NDDKEXABRJCB, 2021-01-24 06:55:27, 2021-01-24 06:55:27)) {"exception":"[object] (Illuminate\\Database\\QueryException(code: 42S02): SQLSTATE[42S02]: Base table or view not found: 1146 Table 'v2_dash.cp_ipns' doesn't exist (SQL: insert into `cp_ipns` (`amount1`, `amount2`, `buyer_name`, `currency1`, `currency2`, `fee`, `ipn_id`, `ipn_mode`, `ipn_type`, `ipn_version`, `item_name`, `merchant`, `received_amount`, `received_confirms`, `send_tx`, `status`, `status_text`, `txn_id`, `updated_at`, `created_at`) values (30, 0.02445, Emmanuel, USD, ETH, 0.00012, 2e73e12549d6ab4c385adeb20a32dd25, hmac, api, 1.0, Account deposit, a3a36822956f8e5085e86d39e20b0f86, 0.02445, 3, 0x39df3b714ee3b53797df96f1f67738a5304275928f58b348dc0ee8c59961bffd, 100, Complete, CPFA6FHJ3U7UY2NDDKEXABRJCB, 2021-01-24 06:55:27, 2021-01-24 06:55:27)) at /home/v2.tradepander.com/public_html/core/vendor/laravel/framework/src/Illuminate/Database/Connection.php:669)
[stacktrace]
#0 /home/v2.tradepander.com/public_html/core/vendor/laravel/framework/src/Illuminate/Database/Connection.php(629): Illuminate\\Database\\Connection->runQueryCallback()
#1 /home/v2.tradepander.com/public_html/core/vendor/laravel/framework/src/Illuminate/Database/Connection.php(464): Illuminate\\Database\\Connection->run()
#2 /home/v2.tradepander.com/public_html/core/vendor/laravel/framework/src/Illuminate/Database/Connection.php(416): Illuminate\\Database\\Connection->statement()
#3 /home/v2.tradepander.com/public_html/core/vendor/laravel/framework/src/Illuminate/Database/Query/Processors/Processor.php(32): Illuminate\\Database\\Connection->insert()
#4 /home/v2.tradepander.com/public_html/core/vendor/laravel/framework/src/Illuminate/Database/Query/Builder.php(2695): Illuminate\\Database\\Query\\Processors\\Processor->processInsertGetId()
#5 /home/v2.tradepander.com/public_html/core/vendor/laravel/framework/src/Illuminate/Database/Eloquent/Builder.php(1366): Illuminate\\Database\\Query\\Builder->insertGetId()
#6 /home/v2.tradepander.com/public_html/core/vendor/laravel/framework/src/Illuminate/Database/Eloquent/Model.php(840): Illuminate\\Database\\Eloquent\\Builder->__call()
#7 /home/v2.tradepander.com/public_html/core/vendor/laravel/framework/src/Illuminate/Database/Eloquent/Model.php(805): Illuminate\\Database\\Eloquent\\Model->insertAndSetId()
#8 /home/v2.tradepander.com/public_html/core/vendor/laravel/framework/src/Illuminate/Database/Eloquent/Model.php(668): Illuminate\\Database\\Eloquent\\Model->performInsert()
#9 /home/v2.tradepander.com/public_html/core/vendor/kevupton/laravel-coinpayments/src/Kevupton/LaravelCoinpayments/LaravelCoinpayments.php(202): Illuminate\\Database\\Eloquent\\Model->save()
#10 /home/v2.tradepander.com/public_html/core/vendor/kevupton/laravel-coinpayments/src/Kevupton/LaravelCoinpayments/LaravelCoinpayments.php(281): Kevupton\\LaravelCoinpayments\\LaravelCoinpayments->validateIPN()
#11 /home/v2.tradepander.com/public_html/core/vendor/laravel/framework/src/Illuminate/Support/Facades/Facade.php(261): Kevupton\\LaravelCoinpayments\\LaravelCoinpayments->validateIPNRequest()
#12 /home/v2.tradepander.com/public_html/core/vendor/baselock/baselock.php(1673): Illuminate\\Support\\Facades\\Facade::__callStatic()
#13 [internal function]: App\\Http\\Controllers\\userController->btc_confirm()
#14 /home/v2.tradepander.com/public_html/core/vendor/laravel/framework/src/Illuminate/Routing/Controller.php(54): call_user_func_array()
#15 /home/v2.tradepander.com/public_html/core/vendor/laravel/framework/src/Illuminate/Routing/ControllerDispatcher.php(45): Illuminate\\Routing\\Controller->callAction()
#16 /home/v2.tradepander.com/public_html/core/vendor/laravel/framework/src/Illuminate/Routing/Route.php(219): Illuminate\\Routing\\ControllerDispatcher->dispatch()
#17 /home/v2.tradepander.com/public_html/core/vendor/laravel/framework/src/Illuminate/Routing/Route.php(176): Illuminate\\Routing\\Route->runController()
#18 /home/v2.tradepander.com/public_html/core/vendor/laravel/framework/src/Illuminate/Routing/Router.php(681): Illuminate\\Routing\\Route->run()
#19 /home/v2.tradepander.com/public_html/core/vendor/laravel/framework/src/Illuminate/Pipeline/Pipeline.php(130): Illuminate\\Routing\\Router->Illuminate\\Routing\\{closure}()
#20 /home/v2.tradepander.com/public_html/core/vendor/laravel/framework/src/Illuminate/Routing/Middleware/SubstituteBindings.php(41): Illuminate\\Pipeline\\Pipeline->Illuminate\\Pipeline\\{closure}()
#21 /home/v2.tradepander.com/public_html/core/vendor/laravel/framework/src/Illuminate/Pipeline/Pipeline.php(171): Illuminate\\Routing\\Middleware\\SubstituteBindings->handle()
#22 /home/v2.tradepander.com/public_html/core/vendor/laravel/framework/src/Illuminate/View/Middleware/ShareErrorsFromSession.php(49): Illuminate\\Pipeline\\Pipeline->Illuminate\\Pipeline\\{closure}()
#23 /home/v2.tradepander.com/public_html/core/vendor/laravel/framework/src/Illuminate/Pipeline/Pipeline.php(171): Illuminate\\View\\Middleware\\ShareErrorsFromSession->handle()
#24 /home/v2.tradepander.com/public_html/core/vendor/laravel/framework/src/Illuminate/Session/Middleware/StartSession.php(56): Illuminate\\Pipeline\\Pipeline->Illuminate\\Pipeline\\{closure}()
#25 /home/v2.tradepander.com/public_html/core/vendor/laravel/framework/src/Illuminate/Pipeline/Pipeline.php(171): Illuminate\\Session\\Middleware\\StartSession->handle()
#26 /home/v2.tradepander.com/public_html/core/vendor/laravel/framework/src/Illuminate/Cookie/Middleware/AddQueuedCookiesToResponse.php(37): Illuminate\\Pipeline\\Pipeline->Illuminate\\Pipeline\\{closure}()
#27 /home/v2.tradepander.com/public_html/core/vendor/laravel/framework/src/Illuminate/Pipeline/Pipeline.php(171): Illuminate\\Cookie\\Middleware\\AddQueuedCookiesToResponse->handle()
#28 /home/v2.tradepander.com/public_html/core/vendor/laravel/framework/src/Illuminate/Cookie/Middleware/EncryptCookies.php(67): Illuminate\\Pipeline\\Pipeline->Illuminate\\Pipeline\\{closure}()
#29 /home/v2.tradepander.com/public_html/core/vendor/laravel/framework/src/Illuminate/Pipeline/Pipeline.php(171): Illuminate\\Cookie\\Middleware\\EncryptCookies->handle()
#30 /home/v2.tradepander.com/public_html/core/vendor/laravel/framework/src/Illuminate/Pipeline/Pipeline.php(105): Illuminate\\Pipeline\\Pipeline->Illuminate\\Pipeline\\{closure}()
#31 /home/v2.tradepander.com/public_html/core/vendor/laravel/framework/src/Illuminate/Routing/Router.php(683): Illuminate\\Pipeline\\Pipeline->then()
#32 /home/v2.tradepander.com/public_html/core/vendor/laravel/framework/src/Illuminate/Routing/Router.php(658): Illuminate\\Routing\\Router->runRouteWithinStack()
#33 /home/v2.tradepander.com/public_html/core/vendor/laravel/framework/src/Illuminate/Routing/Router.php(624): Illuminate\\Routing\\Router->runRoute()
#34 /home/v2.tradepander.com/public_html/core/vendor/laravel/framework/src/Illuminate/Routing/Router.php(613): Illuminate\\Routing\\Router->dispatchToRoute()
#35 /home/v2.tradepander.com/public_html/core/vendor/laravel/framework/src/Illuminate/Foundation/Http/Kernel.php(170): Illuminate\\Routing\\Router->dispatch()
#36 /home/v2.tradepander.com/public_html/core/vendor/laravel/framework/src/Illuminate/Pipeline/Pipeline.php(130): Illuminate\\Foundation\\Http\\Kernel->Illuminate\\Foundation\\Http\\{closure}()
#37 /home/v2.tradepander.com/public_html/core/vendor/fideloper/proxy/src/TrustProxies.php(57): Illuminate\\Pipeline\\Pipeline->Illuminate\\Pipeline\\{closure}()
#38 /home/v2.tradepander.com/public_html/core/vendor/laravel/framework/src/Illuminate/Pipeline/Pipeline.php(171): Fideloper\\Proxy\\TrustProxies->handle()
#39 /home/v2.tradepander.com/public_html/core/vendor/laravel/framework/src/Illuminate/Foundation/Http/Middleware/TransformsRequest.php(21): Illuminate\\Pipeline\\Pipeline->Illuminate\\Pipeline\\{closure}()
#40 /home/v2.tradepander.com/public_html/core/vendor/laravel/framework/src/Illuminate/Pipeline/Pipeline.php(171): Illuminate\\Foundation\\Http\\Middleware\\TransformsRequest->handle()
#41 /home/v2.tradepander.com/public_html/core/vendor/laravel/framework/src/Illuminate/Foundation/Http/Middleware/TransformsRequest.php(21): Illuminate\\Pipeline\\Pipeline->Illuminate\\Pipeline\\{closure}()
#42 /home/v2.tradepander.com/public_html/core/vendor/laravel/framework/src/Illuminate/Pipeline/Pipeline.php(171): Illuminate\\Foundation\\Http\\Middleware\\TransformsRequest->handle()
#43 /home/v2.tradepander.com/public_html/core/vendor/laravel/framework/src/Illuminate/Foundation/Http/Middleware/ValidatePostSize.php(27): Illuminate\\Pipeline\\Pipeline->Illuminate\\Pipeline\\{closure}()
#44 /home/v2.tradepander.com/public_html/core/vendor/laravel/framework/src/Illuminate/Pipeline/Pipeline.php(171): Illuminate\\Foundation\\Http\\Middleware\\ValidatePostSize->handle()
#45 /home/v2.tradepander.com/public_html/core/vendor/laravel/framework/src/Illuminate/Foundation/Http/Middleware/CheckForMaintenanceMode.php(63): Illuminate\\Pipeline\\Pipeline->Illuminate\\Pipeline\\{closure}()
#46 /home/v2.tradepander.com/public_html/core/vendor/laravel/framework/src/Illuminate/Pipeline/Pipeline.php(171): Illuminate\\Foundation\\Http\\Middleware\\CheckForMaintenanceMode->handle()
#47 /home/v2.tradepander.com/public_html/core/vendor/laravel/framework/src/Illuminate/Pipeline/Pipeline.php(105): Illuminate\\Pipeline\\Pipeline->Illuminate\\Pipeline\\{closure}()
#48 /home/v2.tradepander.com/public_html/core/vendor/laravel/framework/src/Illuminate/Foundation/Http/Kernel.php(145): Illuminate\\Pipeline\\Pipeline->then()
#49 /home/v2.tradepander.com/public_html/core/vendor/laravel/framework/src/Illuminate/Foundation/Http/Kernel.php(110): Illuminate\\Foundation\\Http\\Kernel->sendRequestThroughRouter()
#50 /home/v2.tradepander.com/public_html/index.php(55): Illuminate\\Foundation\\Http\\Kernel->handle()
#51 {main}

[previous exception] [object] (Doctrine\\DBAL\\Driver\\PDOException(code: 42S02): SQLSTATE[42S02]: Base table or view not found: 1146 Table 'v2_dash.cp_ipns' doesn't exist at /home/v2.tradepander.com/public_html/core/vendor/doctrine/dbal/lib/Doctrine/DBAL/Driver/PDOConnection.php:66)
[stacktrace]
#0 /home/v2.tradepander.com/public_html/core/vendor/laravel/framework/src/Illuminate/Database/Connection.php(457): Doctrine\\DBAL\\Driver\\PDOConnection->prepare()
#1 /home/v2.tradepander.com/public_html/core/vendor/laravel/framework/src/Illuminate/Database/Connection.php(662): Illuminate\\Database\\Connection->Illuminate\\Database\\{closure}()
#2 /home/v2.tradepander.com/public_html/core/vendor/laravel/framework/src/Illuminate/Database/Connection.php(629): Illuminate\\Database\\Connection->runQueryCallback()
#3 /home/v2.tradepander.com/public_html/core/vendor/laravel/framework/src/Illuminate/Database/Connection.php(464): Illuminate\\Database\\Connection->run()
#4 /home/v2.tradepander.com/public_html/core/vendor/laravel/framework/src/Illuminate/Database/Connection.php(416): Illuminate\\Database\\Connection->statement()
#5 /home/v2.tradepander.com/public_html/core/vendor/laravel/framework/src/Illuminate/Database/Query/Processors/Processor.php(32): Illuminate\\Database\\Connection->insert()
#6 /home/v2.tradepander.com/public_html/core/vendor/laravel/framework/src/Illuminate/Database/Query/Builder.php(2695): Illuminate\\Database\\Query\\Processors\\Processor->processInsertGetId()
#7 /home/v2.tradepander.com/public_html/core/vendor/laravel/framework/src/Illuminate/Database/Eloquent/Builder.php(1366): Illuminate\\Database\\Query\\Builder->insertGetId()
#8 /home/v2.tradepander.com/public_html/core/vendor/laravel/framework/src/Illuminate/Database/Eloquent/Model.php(840): Illuminate\\Database\\Eloquent\\Builder->__call()
#9 /home/v2.tradepander.com/public_html/core/vendor/laravel/framework/src/Illuminate/Database/Eloquent/Model.php(805): Illuminate\\Database\\Eloquent\\Model->insertAndSetId()
#10 /home/v2.tradepander.com/public_html/core/vendor/laravel/framework/src/Illuminate/Database/Eloquent/Model.php(668): Illuminate\\Database\\Eloquent\\Model->performInsert()
#11 /home/v2.tradepander.com/public_html/core/vendor/kevupton/laravel-coinpayments/src/Kevupton/LaravelCoinpayments/LaravelCoinpayments.php(202): Illuminate\\Database\\Eloquent\\Model->save()
#12 /home/v2.tradepander.com/public_html/core/vendor/kevupton/laravel-coinpayments/src/Kevupton/LaravelCoinpayments/LaravelCoinpayments.php(281): Kevupton\\LaravelCoinpayments\\LaravelCoinpayments->validateIPN()
#13 /home/v2.tradepander.com/public_html/core/vendor/laravel/framework/src/Illuminate/Support/Facades/Facade.php(261): Kevupton\\LaravelCoinpayments\\LaravelCoinpayments->validateIPNRequest()
#14 /home/v2.tradepander.com/public_html/core/vendor/baselock/baselock.php(1673): Illuminate\\Support\\Facades\\Facade::__callStatic()
#15 [internal function]: App\\Http\\Controllers\\userController->btc_confirm()
#16 /home/v2.tradepander.com/public_html/core/vendor/laravel/framework/src/Illuminate/Routing/Controller.php(54): call_user_func_array()
#17 /home/v2.tradepander.com/public_html/core/vendor/laravel/framework/src/Illuminate/Routing/ControllerDispatcher.php(45): Illuminate\\Routing\\Controller->callAction()
#18 /home/v2.tradepander.com/public_html/core/vendor/laravel/framework/src/Illuminate/Routing/Route.php(219): Illuminate\\Routing\\ControllerDispatcher->dispatch()
#19 /home/v2.tradepander.com/public_html/core/vendor/laravel/framework/src/Illuminate/Routing/Route.php(176): Illuminate\\Routing\\Route->runController()
#20 /home/v2.tradepander.com/public_html/core/vendor/laravel/framework/src/Illuminate/Routing/Router.php(681): Illuminate\\Routing\\Route->run()
#21 /home/v2.tradepander.com/public_html/core/vendor/laravel/framework/src/Illuminate/Pipeline/Pipeline.php(130): Illuminate\\Routing\\Router->Illuminate\\Routing\\{closure}()
#22 /home/v2.tradepander.com/public_html/core/vendor/laravel/framework/src/Illuminate/Routing/Middleware/SubstituteBindings.php(41): Illuminate\\Pipeline\\Pipeline->Illuminate\\Pipeline\\{closure}()
#23 /home/v2.tradepander.com/public_html/core/vendor/laravel/framework/src/Illuminate/Pipeline/Pipeline.php(171): Illuminate\\Routing\\Middleware\\SubstituteBindings->handle()
#24 /home/v2.tradepander.com/public_html/core/vendor/laravel/framework/src/Illuminate/View/Middleware/ShareErrorsFromSession.php(49): Illuminate\\Pipeline\\Pipeline->Illuminate\\Pipeline\\{closure}()
#25 /home/v2.tradepander.com/public_html/core/vendor/laravel/framework/src/Illuminate/Pipeline/Pipeline.php(171): Illuminate\\View\\Middleware\\ShareErrorsFromSession->handle()
#26 /home/v2.tradepander.com/public_html/core/vendor/laravel/framework/src/Illuminate/Session/Middleware/StartSession.php(56): Illuminate\\Pipeline\\Pipeline->Illuminate\\Pipeline\\{closure}()
#27 /home/v2.tradepander.com/public_html/core/vendor/laravel/framework/src/Illuminate/Pipeline/Pipeline.php(171): Illuminate\\Session\\Middleware\\StartSession->handle()
#28 /home/v2.tradepander.com/public_html/core/vendor/laravel/framework/src/Illuminate/Cookie/Middleware/AddQueuedCookiesToResponse.php(37): Illuminate\\Pipeline\\Pipeline->Illuminate\\Pipeline\\{closure}()
#29 /home/v2.tradepander.com/public_html/core/vendor/laravel/framework/src/Illuminate/Pipeline/Pipeline.php(171): Illuminate\\Cookie\\Middleware\\AddQueuedCookiesToResponse->handle()
#30 /home/v2.tradepander.com/public_html/core/vendor/laravel/framework/src/Illuminate/Cookie/Middleware/EncryptCookies.php(67): Illuminate\\Pipeline\\Pipeline->Illuminate\\Pipeline\\{closure}()
#31 /home/v2.tradepander.com/public_html/core/vendor/laravel/framework/src/Illuminate/Pipeline/Pipeline.php(171): Illuminate\\Cookie\\Middleware\\EncryptCookies->handle()
#32 /home/v2.tradepander.com/public_html/core/vendor/laravel/framework/src/Illuminate/Pipeline/Pipeline.php(105): Illuminate\\Pipeline\\Pipeline->Illuminate\\Pipeline\\{closure}()
#33 /home/v2.tradepander.com/public_html/core/vendor/laravel/framework/src/Illuminate/Routing/Router.php(683): Illuminate\\Pipeline\\Pipeline->then()
#34 /home/v2.tradepander.com/public_html/core/vendor/laravel/framework/src/Illuminate/Routing/Router.php(658): Illuminate\\Routing\\Router->runRouteWithinStack()
#35 /home/v2.tradepander.com/public_html/core/vendor/laravel/framework/src/Illuminate/Routing/Router.php(624): Illuminate\\Routing\\Router->runRoute()
#36 /home/v2.tradepander.com/public_html/core/vendor/laravel/framework/src/Illuminate/Routing/Router.php(613): Illuminate\\Routing\\Router->dispatchToRoute()
#37 /home/v2.tradepander.com/public_html/core/vendor/laravel/framework/src/Illuminate/Foundation/Http/Kernel.php(170): Illuminate\\Routing\\Router->dispatch()
#38 /home/v2.tradepander.com/public_html/core/vendor/laravel/framework/src/Illuminate/Pipeline/Pipeline.php(130): Illuminate\\Foundation\\Http\\Kernel->Illuminate\\Foundation\\Http\\{closure}()
#39 /home/v2.tradepander.com/public_html/core/vendor/fideloper/proxy/src/TrustProxies.php(57): Illuminate\\Pipeline\\Pipeline->Illuminate\\Pipeline\\{closure}()
#40 /home/v2.tradepander.com/public_html/core/vendor/laravel/framework/src/Illuminate/Pipeline/Pipeline.php(171): Fideloper\\Proxy\\TrustProxies->handle()
#41 /home/v2.tradepander.com/public_html/core/vendor/laravel/framework/src/Illuminate/Foundation/Http/Middleware/TransformsRequest.php(21): Illuminate\\Pipeline\\Pipeline->Illuminate\\Pipeline\\{closure}()
#42 /home/v2.tradepander.com/public_html/core/vendor/laravel/framework/src/Illuminate/Pipeline/Pipeline.php(171): Illuminate\\Foundation\\Http\\Middleware\\TransformsRequest->handle()
#43 /home/v2.tradepander.com/public_html/core/vendor/laravel/framework/src/Illuminate/Foundation/Http/Middleware/TransformsRequest.php(21): Illuminate\\Pipeline\\Pipeline->Illuminate\\Pipeline\\{closure}()
#44 /home/v2.tradepander.com/public_html/core/vendor/laravel/framework/src/Illuminate/Pipeline/Pipeline.php(171): Illuminate\\Foundation\\Http\\Middleware\\TransformsRequest->handle()
#45 /home/v2.tradepander.com/public_html/core/vendor/laravel/framework/src/Illuminate/Foundation/Http/Middleware/ValidatePostSize.php(27): Illuminate\\Pipeline\\Pipeline->Illuminate\\Pipeline\\{closure}()
#46 /home/v2.tradepander.com/public_html/core/vendor/laravel/framework/src/Illuminate/Pipeline/Pipeline.php(171): Illuminate\\Foundation\\Http\\Middleware\\ValidatePostSize->handle()
#47 /home/v2.tradepander.com/public_html/core/vendor/laravel/framework/src/Illuminate/Foundation/Http/Middleware/CheckForMaintenanceMode.php(63): Illuminate\\Pipeline\\Pipeline->Illuminate\\Pipeline\\{closure}()
#48 /home/v2.tradepander.com/public_html/core/vendor/laravel/framework/src/Illuminate/Pipeline/Pipeline.php(171): Illuminate\\Foundation\\Http\\Middleware\\CheckForMaintenanceMode->handle()
#49 /home/v2.tradepander.com/public_html/core/vendor/laravel/framework/src/Illuminate/Pipeline/Pipeline.php(105): Illuminate\\Pipeline\\Pipeline->Illuminate\\Pipeline\\{closure}()
#50 /home/v2.tradepander.com/public_html/core/vendor/laravel/framework/src/Illuminate/Foundation/Http/Kernel.php(145): Illuminate\\Pipeline\\Pipeline->then()
#51 /home/v2.tradepander.com/public_html/core/vendor/laravel/framework/src/Illuminate/Foundation/Http/Kernel.php(110): Illuminate\\Foundation\\Http\\Kernel->sendRequestThroughRouter()
#52 /home/v2.tradepander.com/public_html/index.php(55): Illuminate\\Foundation\\Http\\Kernel->handle()
#53 {main}

[previous exception] [object] (PDOException(code: 42S02): SQLSTATE[42S02]: Base table or view not found: 1146 Table 'v2_dash.cp_ipns' doesn't exist at /home/v2.tradepander.com/public_html/core/vendor/doctrine/dbal/lib/Doctrine/DBAL/Driver/PDOConnection.php:64)
[stacktrace]
#0 /home/v2.tradepander.com/public_html/core/vendor/doctrine/dbal/lib/Doctrine/DBAL/Driver/PDOConnection.php(64): PDO->prepare()
#1 /home/v2.tradepander.com/public_html/core/vendor/laravel/framework/src/Illuminate/Database/Connection.php(457): Doctrine\\DBAL\\Driver\\PDOConnection->prepare()
#2 /home/v2.tradepander.com/public_html/core/vendor/laravel/framework/src/Illuminate/Database/Connection.php(662): Illuminate\\Database\\Connection->Illuminate\\Database\\{closure}()
#3 /home/v2.tradepander.com/public_html/core/vendor/laravel/framework/src/Illuminate/Database/Connection.php(629): Illuminate\\Database\\Connection->runQueryCallback()
#4 /home/v2.tradepander.com/public_html/core/vendor/laravel/framework/src/Illuminate/Database/Connection.php(464): Illuminate\\Database\\Connection->run()
#5 /home/v2.tradepander.com/public_html/core/vendor/laravel/framework/src/Illuminate/Database/Connection.php(416): Illuminate\\Database\\Connection->statement()
#6 /home/v2.tradepander.com/public_html/core/vendor/laravel/framework/src/Illuminate/Database/Query/Processors/Processor.php(32): Illuminate\\Database\\Connection->insert()
#7 /home/v2.tradepander.com/public_html/core/vendor/laravel/framework/src/Illuminate/Database/Query/Builder.php(2695): Illuminate\\Database\\Query\\Processors\\Processor->processInsertGetId()
#8 /home/v2.tradepander.com/public_html/core/vendor/laravel/framework/src/Illuminate/Database/Eloquent/Builder.php(1366): Illuminate\\Database\\Query\\Builder->insertGetId()
#9 /home/v2.tradepander.com/public_html/core/vendor/laravel/framework/src/Illuminate/Database/Eloquent/Model.php(840): Illuminate\\Database\\Eloquent\\Builder->__call()
#10 /home/v2.tradepander.com/public_html/core/vendor/laravel/framework/src/Illuminate/Database/Eloquent/Model.php(805): Illuminate\\Database\\Eloquent\\Model->insertAndSetId()
#11 /home/v2.tradepander.com/public_html/core/vendor/laravel/framework/src/Illuminate/Database/Eloquent/Model.php(668): Illuminate\\Database\\Eloquent\\Model->performInsert()
#12 /home/v2.tradepander.com/public_html/core/vendor/kevupton/laravel-coinpayments/src/Kevupton/LaravelCoinpayments/LaravelCoinpayments.php(202): Illuminate\\Database\\Eloquent\\Model->save()
#13 /home/v2.tradepander.com/public_html/core/vendor/kevupton/laravel-coinpayments/src/Kevupton/LaravelCoinpayments/LaravelCoinpayments.php(281): Kevupton\\LaravelCoinpayments\\LaravelCoinpayments->validateIPN()
#14 /home/v2.tradepander.com/public_html/core/vendor/laravel/framework/src/Illuminate/Support/Facades/Facade.php(261): Kevupton\\LaravelCoinpayments\\LaravelCoinpayments->validateIPNRequest()
#15 /home/v2.tradepander.com/public_html/core/vendor/baselock/baselock.php(1673): Illuminate\\Support\\Facades\\Facade::__callStatic()
#16 [internal function]: App\\Http\\Controllers\\userController->btc_confirm()
#17 /home/v2.tradepander.com/public_html/core/vendor/laravel/framework/src/Illuminate/Routing/Controller.php(54): call_user_func_array()
#18 /home/v2.tradepander.com/public_html/core/vendor/laravel/framework/src/Illuminate/Routing/ControllerDispatcher.php(45): Illuminate\\Routing\\Controller->callAction()
#19 /home/v2.tradepander.com/public_html/core/vendor/laravel/framework/src/Illuminate/Routing/Route.php(219): Illuminate\\Routing\\ControllerDispatcher->dispatch()
#20 /home/v2.tradepander.com/public_html/core/vendor/laravel/framework/src/Illuminate/Routing/Route.php(176): Illuminate\\Routing\\Route->runController()
#21 /home/v2.tradepander.com/public_html/core/vendor/laravel/framework/src/Illuminate/Routing/Router.php(681): Illuminate\\Routing\\Route->run()
#22 /home/v2.tradepander.com/public_html/core/vendor/laravel/framework/src/Illuminate/Pipeline/Pipeline.php(130): Illuminate\\Routing\\Router->Illuminate\\Routing\\{closure}()
#23 /home/v2.tradepander.com/public_html/core/vendor/laravel/framework/src/Illuminate/Routing/Middleware/SubstituteBindings.php(41): Illuminate\\Pipeline\\Pipeline->Illuminate\\Pipeline\\{closure}()
#24 /home/v2.tradepander.com/public_html/core/vendor/laravel/framework/src/Illuminate/Pipeline/Pipeline.php(171): Illuminate\\Routing\\Middleware\\SubstituteBindings->handle()
#25 /home/v2.tradepander.com/public_html/core/vendor/laravel/framework/src/Illuminate/View/Middleware/ShareErrorsFromSession.php(49): Illuminate\\Pipeline\\Pipeline->Illuminate\\Pipeline\\{closure}()
#26 /home/v2.tradepander.com/public_html/core/vendor/laravel/framework/src/Illuminate/Pipeline/Pipeline.php(171): Illuminate\\View\\Middleware\\ShareErrorsFromSession->handle()
#27 /home/v2.tradepander.com/public_html/core/vendor/laravel/framework/src/Illuminate/Session/Middleware/StartSession.php(56): Illuminate\\Pipeline\\Pipeline->Illuminate\\Pipeline\\{closure}()
#28 /home/v2.tradepander.com/public_html/core/vendor/laravel/framework/src/Illuminate/Pipeline/Pipeline.php(171): Illuminate\\Session\\Middleware\\StartSession->handle()
#29 /home/v2.tradepander.com/public_html/core/vendor/laravel/framework/src/Illuminate/Cookie/Middleware/AddQueuedCookiesToResponse.php(37): Illuminate\\Pipeline\\Pipeline->Illuminate\\Pipeline\\{closure}()
#30 /home/v2.tradepander.com/public_html/core/vendor/laravel/framework/src/Illuminate/Pipeline/Pipeline.php(171): Illuminate\\Cookie\\Middleware\\AddQueuedCookiesToResponse->handle()
#31 /home/v2.tradepander.com/public_html/core/vendor/laravel/framework/src/Illuminate/Cookie/Middleware/EncryptCookies.php(67): Illuminate\\Pipeline\\Pipeline->Illuminate\\Pipeline\\{closure}()
#32 /home/v2.tradepander.com/public_html/core/vendor/laravel/framework/src/Illuminate/Pipeline/Pipeline.php(171): Illuminate\\Cookie\\Middleware\\EncryptCookies->handle()
#33 /home/v2.tradepander.com/public_html/core/vendor/laravel/framework/src/Illuminate/Pipeline/Pipeline.php(105): Illuminate\\Pipeline\\Pipeline->Illuminate\\Pipeline\\{closure}()
#34 /home/v2.tradepander.com/public_html/core/vendor/laravel/framework/src/Illuminate/Routing/Router.php(683): Illuminate\\Pipeline\\Pipeline->then()
#35 /home/v2.tradepander.com/public_html/core/vendor/laravel/framework/src/Illuminate/Routing/Router.php(658): Illuminate\\Routing\\Router->runRouteWithinStack()
#36 /home/v2.tradepander.com/public_html/core/vendor/laravel/framework/src/Illuminate/Routing/Router.php(624): Illuminate\\Routing\\Router->runRoute()
#37 /home/v2.tradepander.com/public_html/core/vendor/laravel/framework/src/Illuminate/Routing/Router.php(613): Illuminate\\Routing\\Router->dispatchToRoute()
#38 /home/v2.tradepander.com/public_html/core/vendor/laravel/framework/src/Illuminate/Foundation/Http/Kernel.php(170): Illuminate\\Routing\\Router->dispatch()
#39 /home/v2.tradepander.com/public_html/core/vendor/laravel/framework/src/Illuminate/Pipeline/Pipeline.php(130): Illuminate\\Foundation\\Http\\Kernel->Illuminate\\Foundation\\Http\\{closure}()
#40 /home/v2.tradepander.com/public_html/core/vendor/fideloper/proxy/src/TrustProxies.php(57): Illuminate\\Pipeline\\Pipeline->Illuminate\\Pipeline\\{closure}()
#41 /home/v2.tradepander.com/public_html/core/vendor/laravel/framework/src/Illuminate/Pipeline/Pipeline.php(171): Fideloper\\Proxy\\TrustProxies->handle()
#42 /home/v2.tradepander.com/public_html/core/vendor/laravel/framework/src/Illuminate/Foundation/Http/Middleware/TransformsRequest.php(21): Illuminate\\Pipeline\\Pipeline->Illuminate\\Pipeline\\{closure}()
#43 /home/v2.tradepander.com/public_html/core/vendor/laravel/framework/src/Illuminate/Pipeline/Pipeline.php(171): Illuminate\\Foundation\\Http\\Middleware\\TransformsRequest->handle()
#44 /home/v2.tradepander.com/public_html/core/vendor/laravel/framework/src/Illuminate/Foundation/Http/Middleware/TransformsRequest.php(21): Illuminate\\Pipeline\\Pipeline->Illuminate\\Pipeline\\{closure}()
#45 /home/v2.tradepander.com/public_html/core/vendor/laravel/framework/src/Illuminate/Pipeline/Pipeline.php(171): Illuminate\\Foundation\\Http\\Middleware\\TransformsRequest->handle()
#46 /home/v2.tradepander.com/public_html/core/vendor/laravel/framework/src/Illuminate/Foundation/Http/Middleware/ValidatePostSize.php(27): Illuminate\\Pipeline\\Pipeline->Illuminate\\Pipeline\\{closure}()
#47 /home/v2.tradepander.com/public_html/core/vendor/laravel/framework/src/Illuminate/Pipeline/Pipeline.php(171): Illuminate\\Foundation\\Http\\Middleware\\ValidatePostSize->handle()
#48 /home/v2.tradepander.com/public_html/core/vendor/laravel/framework/src/Illuminate/Foundation/Http/Middleware/CheckForMaintenanceMode.php(63): Illuminate\\Pipeline\\Pipeline->Illuminate\\Pipeline\\{closure}()
#49 /home/v2.tradepander.com/public_html/core/vendor/laravel/framework/src/Illuminate/Pipeline/Pipeline.php(171): Illuminate\\Foundation\\Http\\Middleware\\CheckForMaintenanceMode->handle()
#50 /home/v2.tradepander.com/public_html/core/vendor/laravel/framework/src/Illuminate/Pipeline/Pipeline.php(105): Illuminate\\Pipeline\\Pipeline->Illuminate\\Pipeline\\{closure}()
#51 /home/v2.tradepander.com/public_html/core/vendor/laravel/framework/src/Illuminate/Foundation/Http/Kernel.php(145): Illuminate\\Pipeline\\Pipeline->then()
#52 /home/v2.tradepander.com/public_html/core/vendor/laravel/framework/src/Illuminate/Foundation/Http/Kernel.php(110): Illuminate\\Foundation\\Http\\Kernel->sendRequestThroughRouter()
#53 /home/v2.tradepander.com/public_html/index.php(55): Illuminate\\Foundation\\Http\\Kernel->handle()
#54 {main}
"} 
