[2021-02-27 06:32:29] production.ERROR: SQLSTATE[22001]: String data, right truncated: 1406 Data too long for column 'username' at row 1 (SQL: insert into `users` (`firstname`, `lastname`, `email`, `username`, `pwd`, `act_code`, `status`, `referal`, `reg_date`, `currency`, `updated_at`, `created_at`) values (Precious, Israel, preciousisrael79@gmail.com, Pre247_positive_there, $2y$10$EiJUDw4GSCCXH3C3c/yqjenG4hURH.xxGB7uT4LcrWsSvLCcZLYhK, 401614407549, 0, TexyTv, 27-02-2021, $, 2021-02-27 06:32:29, 2021-02-27 06:32:29)) {"exception":"[object] (Illuminate\\Database\\QueryException(code: 22001): SQLSTATE[22001]: String data, right truncated: 1406 Data too long for column 'username' at row 1 (SQL: insert into `users` (`firstname`, `lastname`, `email`, `username`, `pwd`, `act_code`, `status`, `referal`, `reg_date`, `currency`, `updated_at`, `created_at`) values (Precious, Israel, preciousisrael79@gmail.com, Pre247_positive_there, $2y$10$EiJUDw4GSCCXH3C3c/yqjenG4hURH.xxGB7uT4LcrWsSvLCcZLYhK, 401614407549, 0, TexyTv, 27-02-2021, $, 2021-02-27 06:32:29, 2021-02-27 06:32:29)) at /home/v2.tradepander.com/public_html/core/vendor/laravel/framework/src/Illuminate/Database/Connection.php:669)
[stacktrace]
#0 /home/v2.tradepander.com/public_html/core/vendor/laravel/framework/src/Illuminate/Database/Connection.php(629): Illuminate\\Database\\Connection->runQueryCallback()
#1 /home/v2.tradepander.com/public_html/core/vendor/laravel/framework/src/Illuminate/Database/Connection.php(464): Illuminate\\Database\\Connection->run()
#2 /home/v2.tradepander.com/public_html/core/vendor/laravel/framework/src/Illuminate/Database/Connection.php(416): Illuminate\\Database\\Connection->statement()
#3 /home/v2.tradepander.com/public_html/core/vendor/laravel/framework/src/Illuminate/Database/Query/Processors/Processor.php(32): Illuminate\\Database\\Connection->insert()
#4 /home/v2.tradepander.com/public_html/core/vendor/laravel/framework/src/Illuminate/Database/Query/Builder.php(2695): Illuminate\\Database\\Query\\Processors\\Processor->processInsertGetId()
#5 /home/v2.tradepander.com/public_html/core/vendor/laravel/framework/src/Illuminate/Database/Eloquent/Builder.php(1366): Illuminate\\Database\\Query\\Builder->insertGetId()
#6 /home/v2.tradepander.com/public_html/core/vendor/laravel/framework/src/Illuminate/Database/Eloquent/Model.php(840): Illuminate\\Database\\Eloquent\\Builder->__call()
#7 /home/v2.tradepander.com/public_html/core/vendor/laravel/framework/src/Illuminate/Database/Eloquent/Model.php(805): Illuminate\\Database\\Eloquent\\Model->insertAndSetId()
#8 /home/v2.tradepander.com/public_html/core/vendor/laravel/framework/src/Illuminate/Database/Eloquent/Model.php(668): Illuminate\\Database\\Eloquent\\Model->performInsert()
#9 /home/v2.tradepander.com/public_html/core/vendor/laravel/framework/src/Illuminate/Database/Eloquent/Builder.php(765): Illuminate\\Database\\Eloquent\\Model->save()
#10 /home/v2.tradepander.com/public_html/core/vendor/laravel/framework/src/Illuminate/Support/helpers.php(422): Illuminate\\Database\\Eloquent\\Builder->Illuminate\\Database\\Eloquent\\{closure}()
#11 /home/v2.tradepander.com/public_html/core/vendor/laravel/framework/src/Illuminate/Database/Eloquent/Builder.php(766): tap()
#12 /home/v2.tradepander.com/public_html/core/vendor/laravel/framework/src/Illuminate/Support/Traits/ForwardsCalls.php(23): Illuminate\\Database\\Eloquent\\Builder->create()
#13 /home/v2.tradepander.com/public_html/core/vendor/laravel/framework/src/Illuminate/Database/Eloquent/Model.php(1622): Illuminate\\Database\\Eloquent\\Model->forwardCallTo()
#14 /home/v2.tradepander.com/public_html/core/vendor/laravel/framework/src/Illuminate/Database/Eloquent/Model.php(1634): Illuminate\\Database\\Eloquent\\Model->__call()
#15 /home/v2.tradepander.com/public_html/core/app/Http/Controllers/Auth/RegisterController.php(100): Illuminate\\Database\\Eloquent\\Model::__callStatic()
#16 /home/v2.tradepander.com/public_html/core/vendor/laravel/framework/src/Illuminate/Foundation/Auth/RegistersUsers.php(33): App\\Http\\Controllers\\Auth\\RegisterController->create()
#17 [internal function]: App\\Http\\Controllers\\Auth\\RegisterController->register()
#18 /home/v2.tradepander.com/public_html/core/vendor/laravel/framework/src/Illuminate/Routing/Controller.php(54): call_user_func_array()
#19 /home/v2.tradepander.com/public_html/core/vendor/laravel/framework/src/Illuminate/Routing/ControllerDispatcher.php(45): Illuminate\\Routing\\Controller->callAction()
#20 /home/v2.tradepander.com/public_html/core/vendor/laravel/framework/src/Illuminate/Routing/Route.php(219): Illuminate\\Routing\\ControllerDispatcher->dispatch()
#21 /home/v2.tradepander.com/public_html/core/vendor/laravel/framework/src/Illuminate/Routing/Route.php(176): Illuminate\\Routing\\Route->runController()
#22 /home/v2.tradepander.com/public_html/core/vendor/laravel/framework/src/Illuminate/Routing/Router.php(681): Illuminate\\Routing\\Route->run()
#23 /home/v2.tradepander.com/public_html/core/vendor/laravel/framework/src/Illuminate/Pipeline/Pipeline.php(130): Illuminate\\Routing\\Router->Illuminate\\Routing\\{closure}()
#24 /home/v2.tradepander.com/public_html/core/app/Http/Middleware/RedirectIfAuthenticated.php(25): Illuminate\\Pipeline\\Pipeline->Illuminate\\Pipeline\\{closure}()
#25 /home/v2.tradepander.com/public_html/core/vendor/laravel/framework/src/Illuminate/Pipeline/Pipeline.php(171): App\\Http\\Middleware\\RedirectIfAuthenticated->handle()
#26 /home/v2.tradepander.com/public_html/core/vendor/laravel/framework/src/Illuminate/Routing/Middleware/SubstituteBindings.php(41): Illuminate\\Pipeline\\Pipeline->Illuminate\\Pipeline\\{closure}()
#27 /home/v2.tradepander.com/public_html/core/vendor/laravel/framework/src/Illuminate/Pipeline/Pipeline.php(171): Illuminate\\Routing\\Middleware\\SubstituteBindings->handle()
#28 /home/v2.tradepander.com/public_html/core/vendor/laravel/framework/src/Illuminate/View/Middleware/ShareErrorsFromSession.php(49): Illuminate\\Pipeline\\Pipeline->Illuminate\\Pipeline\\{closure}()
#29 /home/v2.tradepander.com/public_html/core/vendor/laravel/framework/src/Illuminate/Pipeline/Pipeline.php(171): Illuminate\\View\\Middleware\\ShareErrorsFromSession->handle()
#30 /home/v2.tradepander.com/public_html/core/vendor/laravel/framework/src/Illuminate/Session/Middleware/StartSession.php(56): Illuminate\\Pipeline\\Pipeline->Illuminate\\Pipeline\\{closure}()
#31 /home/v2.tradepander.com/public_html/core/vendor/laravel/framework/src/Illuminate/Pipeline/Pipeline.php(171): Illuminate\\Session\\Middleware\\StartSession->handle()
#32 /home/v2.tradepander.com/public_html/core/vendor/laravel/framework/src/Illuminate/Cookie/Middleware/AddQueuedCookiesToResponse.php(37): Illuminate\\Pipeline\\Pipeline->Illuminate\\Pipeline\\{closure}()
#33 /home/v2.tradepander.com/public_html/core/vendor/laravel/framework/src/Illuminate/Pipeline/Pipeline.php(171): Illuminate\\Cookie\\Middleware\\AddQueuedCookiesToResponse->handle()
#34 /home/v2.tradepander.com/public_html/core/vendor/laravel/framework/src/Illuminate/Cookie/Middleware/EncryptCookies.php(67): Illuminate\\Pipeline\\Pipeline->Illuminate\\Pipeline\\{closure}()
#35 /home/v2.tradepander.com/public_html/core/vendor/laravel/framework/src/Illuminate/Pipeline/Pipeline.php(171): Illuminate\\Cookie\\Middleware\\EncryptCookies->handle()
#36 /home/v2.tradepander.com/public_html/core/vendor/laravel/framework/src/Illuminate/Pipeline/Pipeline.php(105): Illuminate\\Pipeline\\Pipeline->Illuminate\\Pipeline\\{closure}()
#37 /home/v2.tradepander.com/public_html/core/vendor/laravel/framework/src/Illuminate/Routing/Router.php(683): Illuminate\\Pipeline\\Pipeline->then()
#38 /home/v2.tradepander.com/public_html/core/vendor/laravel/framework/src/Illuminate/Routing/Router.php(658): Illuminate\\Routing\\Router->runRouteWithinStack()
#39 /home/v2.tradepander.com/public_html/core/vendor/laravel/framework/src/Illuminate/Routing/Router.php(624): Illuminate\\Routing\\Router->runRoute()
#40 /home/v2.tradepander.com/public_html/core/vendor/laravel/framework/src/Illuminate/Routing/Router.php(613): Illuminate\\Routing\\Router->dispatchToRoute()
#41 /home/v2.tradepander.com/public_html/core/vendor/laravel/framework/src/Illuminate/Foundation/Http/Kernel.php(170): Illuminate\\Routing\\Router->dispatch()
#42 /home/v2.tradepander.com/public_html/core/vendor/laravel/framework/src/Illuminate/Pipeline/Pipeline.php(130): Illuminate\\Foundation\\Http\\Kernel->Illuminate\\Foundation\\Http\\{closure}()
#43 /home/v2.tradepander.com/public_html/core/vendor/fideloper/proxy/src/TrustProxies.php(57): Illuminate\\Pipeline\\Pipeline->Illuminate\\Pipeline\\{closure}()
#44 /home/v2.tradepander.com/public_html/core/vendor/laravel/framework/src/Illuminate/Pipeline/Pipeline.php(171): Fideloper\\Proxy\\TrustProxies->handle()
#45 /home/v2.tradepander.com/public_html/core/vendor/laravel/framework/src/Illuminate/Foundation/Http/Middleware/TransformsRequest.php(21): Illuminate\\Pipeline\\Pipeline->Illuminate\\Pipeline\\{closure}()
#46 /home/v2.tradepander.com/public_html/core/vendor/laravel/framework/src/Illuminate/Pipeline/Pipeline.php(171): Illuminate\\Foundation\\Http\\Middleware\\TransformsRequest->handle()
#47 /home/v2.tradepander.com/public_html/core/vendor/laravel/framework/src/Illuminate/Foundation/Http/Middleware/TransformsRequest.php(21): Illuminate\\Pipeline\\Pipeline->Illuminate\\Pipeline\\{closure}()
#48 /home/v2.tradepander.com/public_html/core/vendor/laravel/framework/src/Illuminate/Pipeline/Pipeline.php(171): Illuminate\\Foundation\\Http\\Middleware\\TransformsRequest->handle()
#49 /home/v2.tradepander.com/public_html/core/vendor/laravel/framework/src/Illuminate/Foundation/Http/Middleware/ValidatePostSize.php(27): Illuminate\\Pipeline\\Pipeline->Illuminate\\Pipeline\\{closure}()
#50 /home/v2.tradepander.com/public_html/core/vendor/laravel/framework/src/Illuminate/Pipeline/Pipeline.php(171): Illuminate\\Foundation\\Http\\Middleware\\ValidatePostSize->handle()
#51 /home/v2.tradepander.com/public_html/core/vendor/laravel/framework/src/Illuminate/Foundation/Http/Middleware/CheckForMaintenanceMode.php(63): Illuminate\\Pipeline\\Pipeline->Illuminate\\Pipeline\\{closure}()
#52 /home/v2.tradepander.com/public_html/core/vendor/laravel/framework/src/Illuminate/Pipeline/Pipeline.php(171): Illuminate\\Foundation\\Http\\Middleware\\CheckForMaintenanceMode->handle()
#53 /home/v2.tradepander.com/public_html/core/vendor/laravel/framework/src/Illuminate/Pipeline/Pipeline.php(105): Illuminate\\Pipeline\\Pipeline->Illuminate\\Pipeline\\{closure}()
#54 /home/v2.tradepander.com/public_html/core/vendor/laravel/framework/src/Illuminate/Foundation/Http/Kernel.php(145): Illuminate\\Pipeline\\Pipeline->then()
#55 /home/v2.tradepander.com/public_html/core/vendor/laravel/framework/src/Illuminate/Foundation/Http/Kernel.php(110): Illuminate\\Foundation\\Http\\Kernel->sendRequestThroughRouter()
#56 /home/v2.tradepander.com/public_html/index.php(55): Illuminate\\Foundation\\Http\\Kernel->handle()
#57 {main}

[previous exception] [object] (Doctrine\\DBAL\\Driver\\PDOException(code: 22001): SQLSTATE[22001]: String data, right truncated: 1406 Data too long for column 'username' at row 1 at /home/v2.tradepander.com/public_html/core/vendor/doctrine/dbal/lib/Doctrine/DBAL/Driver/PDOStatement.php:129)
[stacktrace]
#0 /home/v2.tradepander.com/public_html/core/vendor/laravel/framework/src/Illuminate/Database/Connection.php(463): Doctrine\\DBAL\\Driver\\PDOStatement->execute()
#1 /home/v2.tradepander.com/public_html/core/vendor/laravel/framework/src/Illuminate/Database/Connection.php(662): Illuminate\\Database\\Connection->Illuminate\\Database\\{closure}()
#2 /home/v2.tradepander.com/public_html/core/vendor/laravel/framework/src/Illuminate/Database/Connection.php(629): Illuminate\\Database\\Connection->runQueryCallback()
#3 /home/v2.tradepander.com/public_html/core/vendor/laravel/framework/src/Illuminate/Database/Connection.php(464): Illuminate\\Database\\Connection->run()
#4 /home/v2.tradepander.com/public_html/core/vendor/laravel/framework/src/Illuminate/Database/Connection.php(416): Illuminate\\Database\\Connection->statement()
#5 /home/v2.tradepander.com/public_html/core/vendor/laravel/framework/src/Illuminate/Database/Query/Processors/Processor.php(32): Illuminate\\Database\\Connection->insert()
#6 /home/v2.tradepander.com/public_html/core/vendor/laravel/framework/src/Illuminate/Database/Query/Builder.php(2695): Illuminate\\Database\\Query\\Processors\\Processor->processInsertGetId()
#7 /home/v2.tradepander.com/public_html/core/vendor/laravel/framework/src/Illuminate/Database/Eloquent/Builder.php(1366): Illuminate\\Database\\Query\\Builder->insertGetId()
#8 /home/v2.tradepander.com/public_html/core/vendor/laravel/framework/src/Illuminate/Database/Eloquent/Model.php(840): Illuminate\\Database\\Eloquent\\Builder->__call()
#9 /home/v2.tradepander.com/public_html/core/vendor/laravel/framework/src/Illuminate/Database/Eloquent/Model.php(805): Illuminate\\Database\\Eloquent\\Model->insertAndSetId()
#10 /home/v2.tradepander.com/public_html/core/vendor/laravel/framework/src/Illuminate/Database/Eloquent/Model.php(668): Illuminate\\Database\\Eloquent\\Model->performInsert()
#11 /home/v2.tradepander.com/public_html/core/vendor/laravel/framework/src/Illuminate/Database/Eloquent/Builder.php(765): Illuminate\\Database\\Eloquent\\Model->save()
#12 /home/v2.tradepander.com/public_html/core/vendor/laravel/framework/src/Illuminate/Support/helpers.php(422): Illuminate\\Database\\Eloquent\\Builder->Illuminate\\Database\\Eloquent\\{closure}()
#13 /home/v2.tradepander.com/public_html/core/vendor/laravel/framework/src/Illuminate/Database/Eloquent/Builder.php(766): tap()
#14 /home/v2.tradepander.com/public_html/core/vendor/laravel/framework/src/Illuminate/Support/Traits/ForwardsCalls.php(23): Illuminate\\Database\\Eloquent\\Builder->create()
#15 /home/v2.tradepander.com/public_html/core/vendor/laravel/framework/src/Illuminate/Database/Eloquent/Model.php(1622): Illuminate\\Database\\Eloquent\\Model->forwardCallTo()
#16 /home/v2.tradepander.com/public_html/core/vendor/laravel/framework/src/Illuminate/Database/Eloquent/Model.php(1634): Illuminate\\Database\\Eloquent\\Model->__call()
#17 /home/v2.tradepander.com/public_html/core/app/Http/Controllers/Auth/RegisterController.php(100): Illuminate\\Database\\Eloquent\\Model::__callStatic()
#18 /home/v2.tradepander.com/public_html/core/vendor/laravel/framework/src/Illuminate/Foundation/Auth/RegistersUsers.php(33): App\\Http\\Controllers\\Auth\\RegisterController->create()
#19 [internal function]: App\\Http\\Controllers\\Auth\\RegisterController->register()
#20 /home/v2.tradepander.com/public_html/core/vendor/laravel/framework/src/Illuminate/Routing/Controller.php(54): call_user_func_array()
#21 /home/v2.tradepander.com/public_html/core/vendor/laravel/framework/src/Illuminate/Routing/ControllerDispatcher.php(45): Illuminate\\Routing\\Controller->callAction()
#22 /home/v2.tradepander.com/public_html/core/vendor/laravel/framework/src/Illuminate/Routing/Route.php(219): Illuminate\\Routing\\ControllerDispatcher->dispatch()
#23 /home/v2.tradepander.com/public_html/core/vendor/laravel/framework/src/Illuminate/Routing/Route.php(176): Illuminate\\Routing\\Route->runController()
#24 /home/v2.tradepander.com/public_html/core/vendor/laravel/framework/src/Illuminate/Routing/Router.php(681): Illuminate\\Routing\\Route->run()
#25 /home/v2.tradepander.com/public_html/core/vendor/laravel/framework/src/Illuminate/Pipeline/Pipeline.php(130): Illuminate\\Routing\\Router->Illuminate\\Routing\\{closure}()
#26 /home/v2.tradepander.com/public_html/core/app/Http/Middleware/RedirectIfAuthenticated.php(25): Illuminate\\Pipeline\\Pipeline->Illuminate\\Pipeline\\{closure}()
#27 /home/v2.tradepander.com/public_html/core/vendor/laravel/framework/src/Illuminate/Pipeline/Pipeline.php(171): App\\Http\\Middleware\\RedirectIfAuthenticated->handle()
#28 /home/v2.tradepander.com/public_html/core/vendor/laravel/framework/src/Illuminate/Routing/Middleware/SubstituteBindings.php(41): Illuminate\\Pipeline\\Pipeline->Illuminate\\Pipeline\\{closure}()
#29 /home/v2.tradepander.com/public_html/core/vendor/laravel/framework/src/Illuminate/Pipeline/Pipeline.php(171): Illuminate\\Routing\\Middleware\\SubstituteBindings->handle()
#30 /home/v2.tradepander.com/public_html/core/vendor/laravel/framework/src/Illuminate/View/Middleware/ShareErrorsFromSession.php(49): Illuminate\\Pipeline\\Pipeline->Illuminate\\Pipeline\\{closure}()
#31 /home/v2.tradepander.com/public_html/core/vendor/laravel/framework/src/Illuminate/Pipeline/Pipeline.php(171): Illuminate\\View\\Middleware\\ShareErrorsFromSession->handle()
#32 /home/v2.tradepander.com/public_html/core/vendor/laravel/framework/src/Illuminate/Session/Middleware/StartSession.php(56): Illuminate\\Pipeline\\Pipeline->Illuminate\\Pipeline\\{closure}()
#33 /home/v2.tradepander.com/public_html/core/vendor/laravel/framework/src/Illuminate/Pipeline/Pipeline.php(171): Illuminate\\Session\\Middleware\\StartSession->handle()
#34 /home/v2.tradepander.com/public_html/core/vendor/laravel/framework/src/Illuminate/Cookie/Middleware/AddQueuedCookiesToResponse.php(37): Illuminate\\Pipeline\\Pipeline->Illuminate\\Pipeline\\{closure}()
#35 /home/v2.tradepander.com/public_html/core/vendor/laravel/framework/src/Illuminate/Pipeline/Pipeline.php(171): Illuminate\\Cookie\\Middleware\\AddQueuedCookiesToResponse->handle()
#36 /home/v2.tradepander.com/public_html/core/vendor/laravel/framework/src/Illuminate/Cookie/Middleware/EncryptCookies.php(67): Illuminate\\Pipeline\\Pipeline->Illuminate\\Pipeline\\{closure}()
#37 /home/v2.tradepander.com/public_html/core/vendor/laravel/framework/src/Illuminate/Pipeline/Pipeline.php(171): Illuminate\\Cookie\\Middleware\\EncryptCookies->handle()
#38 /home/v2.tradepander.com/public_html/core/vendor/laravel/framework/src/Illuminate/Pipeline/Pipeline.php(105): Illuminate\\Pipeline\\Pipeline->Illuminate\\Pipeline\\{closure}()
#39 /home/v2.tradepander.com/public_html/core/vendor/laravel/framework/src/Illuminate/Routing/Router.php(683): Illuminate\\Pipeline\\Pipeline->then()
#40 /home/v2.tradepander.com/public_html/core/vendor/laravel/framework/src/Illuminate/Routing/Router.php(658): Illuminate\\Routing\\Router->runRouteWithinStack()
#41 /home/v2.tradepander.com/public_html/core/vendor/laravel/framework/src/Illuminate/Routing/Router.php(624): Illuminate\\Routing\\Router->runRoute()
#42 /home/v2.tradepander.com/public_html/core/vendor/laravel/framework/src/Illuminate/Routing/Router.php(613): Illuminate\\Routing\\Router->dispatchToRoute()
#43 /home/v2.tradepander.com/public_html/core/vendor/laravel/framework/src/Illuminate/Foundation/Http/Kernel.php(170): Illuminate\\Routing\\Router->dispatch()
#44 /home/v2.tradepander.com/public_html/core/vendor/laravel/framework/src/Illuminate/Pipeline/Pipeline.php(130): Illuminate\\Foundation\\Http\\Kernel->Illuminate\\Foundation\\Http\\{closure}()
#45 /home/v2.tradepander.com/public_html/core/vendor/fideloper/proxy/src/TrustProxies.php(57): Illuminate\\Pipeline\\Pipeline->Illuminate\\Pipeline\\{closure}()
#46 /home/v2.tradepander.com/public_html/core/vendor/laravel/framework/src/Illuminate/Pipeline/Pipeline.php(171): Fideloper\\Proxy\\TrustProxies->handle()
#47 /home/v2.tradepander.com/public_html/core/vendor/laravel/framework/src/Illuminate/Foundation/Http/Middleware/TransformsRequest.php(21): Illuminate\\Pipeline\\Pipeline->Illuminate\\Pipeline\\{closure}()
#48 /home/v2.tradepander.com/public_html/core/vendor/laravel/framework/src/Illuminate/Pipeline/Pipeline.php(171): Illuminate\\Foundation\\Http\\Middleware\\TransformsRequest->handle()
#49 /home/v2.tradepander.com/public_html/core/vendor/laravel/framework/src/Illuminate/Foundation/Http/Middleware/TransformsRequest.php(21): Illuminate\\Pipeline\\Pipeline->Illuminate\\Pipeline\\{closure}()
#50 /home/v2.tradepander.com/public_html/core/vendor/laravel/framework/src/Illuminate/Pipeline/Pipeline.php(171): Illuminate\\Foundation\\Http\\Middleware\\TransformsRequest->handle()
#51 /home/v2.tradepander.com/public_html/core/vendor/laravel/framework/src/Illuminate/Foundation/Http/Middleware/ValidatePostSize.php(27): Illuminate\\Pipeline\\Pipeline->Illuminate\\Pipeline\\{closure}()
#52 /home/v2.tradepander.com/public_html/core/vendor/laravel/framework/src/Illuminate/Pipeline/Pipeline.php(171): Illuminate\\Foundation\\Http\\Middleware\\ValidatePostSize->handle()
#53 /home/v2.tradepander.com/public_html/core/vendor/laravel/framework/src/Illuminate/Foundation/Http/Middleware/CheckForMaintenanceMode.php(63): Illuminate\\Pipeline\\Pipeline->Illuminate\\Pipeline\\{closure}()
#54 /home/v2.tradepander.com/public_html/core/vendor/laravel/framework/src/Illuminate/Pipeline/Pipeline.php(171): Illuminate\\Foundation\\Http\\Middleware\\CheckForMaintenanceMode->handle()
#55 /home/v2.tradepander.com/public_html/core/vendor/laravel/framework/src/Illuminate/Pipeline/Pipeline.php(105): Illuminate\\Pipeline\\Pipeline->Illuminate\\Pipeline\\{closure}()
#56 /home/v2.tradepander.com/public_html/core/vendor/laravel/framework/src/Illuminate/Foundation/Http/Kernel.php(145): Illuminate\\Pipeline\\Pipeline->then()
#57 /home/v2.tradepander.com/public_html/core/vendor/laravel/framework/src/Illuminate/Foundation/Http/Kernel.php(110): Illuminate\\Foundation\\Http\\Kernel->sendRequestThroughRouter()
#58 /home/v2.tradepander.com/public_html/index.php(55): Illuminate\\Foundation\\Http\\Kernel->handle()
#59 {main}

[previous exception] [object] (PDOException(code: 22001): SQLSTATE[22001]: String data, right truncated: 1406 Data too long for column 'username' at row 1 at /home/v2.tradepander.com/public_html/core/vendor/doctrine/dbal/lib/Doctrine/DBAL/Driver/PDOStatement.php:127)
[stacktrace]
#0 /home/v2.tradepander.com/public_html/core/vendor/doctrine/dbal/lib/Doctrine/DBAL/Driver/PDOStatement.php(127): PDOStatement->execute()
#1 /home/v2.tradepander.com/public_html/core/vendor/laravel/framework/src/Illuminate/Database/Connection.php(463): Doctrine\\DBAL\\Driver\\PDOStatement->execute()
#2 /home/v2.tradepander.com/public_html/core/vendor/laravel/framework/src/Illuminate/Database/Connection.php(662): Illuminate\\Database\\Connection->Illuminate\\Database\\{closure}()
#3 /home/v2.tradepander.com/public_html/core/vendor/laravel/framework/src/Illuminate/Database/Connection.php(629): Illuminate\\Database\\Connection->runQueryCallback()
#4 /home/v2.tradepander.com/public_html/core/vendor/laravel/framework/src/Illuminate/Database/Connection.php(464): Illuminate\\Database\\Connection->run()
#5 /home/v2.tradepander.com/public_html/core/vendor/laravel/framework/src/Illuminate/Database/Connection.php(416): Illuminate\\Database\\Connection->statement()
#6 /home/v2.tradepander.com/public_html/core/vendor/laravel/framework/src/Illuminate/Database/Query/Processors/Processor.php(32): Illuminate\\Database\\Connection->insert()
#7 /home/v2.tradepander.com/public_html/core/vendor/laravel/framework/src/Illuminate/Database/Query/Builder.php(2695): Illuminate\\Database\\Query\\Processors\\Processor->processInsertGetId()
#8 /home/v2.tradepander.com/public_html/core/vendor/laravel/framework/src/Illuminate/Database/Eloquent/Builder.php(1366): Illuminate\\Database\\Query\\Builder->insertGetId()
#9 /home/v2.tradepander.com/public_html/core/vendor/laravel/framework/src/Illuminate/Database/Eloquent/Model.php(840): Illuminate\\Database\\Eloquent\\Builder->__call()
#10 /home/v2.tradepander.com/public_html/core/vendor/laravel/framework/src/Illuminate/Database/Eloquent/Model.php(805): Illuminate\\Database\\Eloquent\\Model->insertAndSetId()
#11 /home/v2.tradepander.com/public_html/core/vendor/laravel/framework/src/Illuminate/Database/Eloquent/Model.php(668): Illuminate\\Database\\Eloquent\\Model->performInsert()
#12 /home/v2.tradepander.com/public_html/core/vendor/laravel/framework/src/Illuminate/Database/Eloquent/Builder.php(765): Illuminate\\Database\\Eloquent\\Model->save()
#13 /home/v2.tradepander.com/public_html/core/vendor/laravel/framework/src/Illuminate/Support/helpers.php(422): Illuminate\\Database\\Eloquent\\Builder->Illuminate\\Database\\Eloquent\\{closure}()
#14 /home/v2.tradepander.com/public_html/core/vendor/laravel/framework/src/Illuminate/Database/Eloquent/Builder.php(766): tap()
#15 /home/v2.tradepander.com/public_html/core/vendor/laravel/framework/src/Illuminate/Support/Traits/ForwardsCalls.php(23): Illuminate\\Database\\Eloquent\\Builder->create()
#16 /home/v2.tradepander.com/public_html/core/vendor/laravel/framework/src/Illuminate/Database/Eloquent/Model.php(1622): Illuminate\\Database\\Eloquent\\Model->forwardCallTo()
#17 /home/v2.tradepander.com/public_html/core/vendor/laravel/framework/src/Illuminate/Database/Eloquent/Model.php(1634): Illuminate\\Database\\Eloquent\\Model->__call()
#18 /home/v2.tradepander.com/public_html/core/app/Http/Controllers/Auth/RegisterController.php(100): Illuminate\\Database\\Eloquent\\Model::__callStatic()
#19 /home/v2.tradepander.com/public_html/core/vendor/laravel/framework/src/Illuminate/Foundation/Auth/RegistersUsers.php(33): App\\Http\\Controllers\\Auth\\RegisterController->create()
#20 [internal function]: App\\Http\\Controllers\\Auth\\RegisterController->register()
#21 /home/v2.tradepander.com/public_html/core/vendor/laravel/framework/src/Illuminate/Routing/Controller.php(54): call_user_func_array()
#22 /home/v2.tradepander.com/public_html/core/vendor/laravel/framework/src/Illuminate/Routing/ControllerDispatcher.php(45): Illuminate\\Routing\\Controller->callAction()
#23 /home/v2.tradepander.com/public_html/core/vendor/laravel/framework/src/Illuminate/Routing/Route.php(219): Illuminate\\Routing\\ControllerDispatcher->dispatch()
#24 /home/v2.tradepander.com/public_html/core/vendor/laravel/framework/src/Illuminate/Routing/Route.php(176): Illuminate\\Routing\\Route->runController()
#25 /home/v2.tradepander.com/public_html/core/vendor/laravel/framework/src/Illuminate/Routing/Router.php(681): Illuminate\\Routing\\Route->run()
#26 /home/v2.tradepander.com/public_html/core/vendor/laravel/framework/src/Illuminate/Pipeline/Pipeline.php(130): Illuminate\\Routing\\Router->Illuminate\\Routing\\{closure}()
#27 /home/v2.tradepander.com/public_html/core/app/Http/Middleware/RedirectIfAuthenticated.php(25): Illuminate\\Pipeline\\Pipeline->Illuminate\\Pipeline\\{closure}()
#28 /home/v2.tradepander.com/public_html/core/vendor/laravel/framework/src/Illuminate/Pipeline/Pipeline.php(171): App\\Http\\Middleware\\RedirectIfAuthenticated->handle()
#29 /home/v2.tradepander.com/public_html/core/vendor/laravel/framework/src/Illuminate/Routing/Middleware/SubstituteBindings.php(41): Illuminate\\Pipeline\\Pipeline->Illuminate\\Pipeline\\{closure}()
#30 /home/v2.tradepander.com/public_html/core/vendor/laravel/framework/src/Illuminate/Pipeline/Pipeline.php(171): Illuminate\\Routing\\Middleware\\SubstituteBindings->handle()
#31 /home/v2.tradepander.com/public_html/core/vendor/laravel/framework/src/Illuminate/View/Middleware/ShareErrorsFromSession.php(49): Illuminate\\Pipeline\\Pipeline->Illuminate\\Pipeline\\{closure}()
#32 /home/v2.tradepander.com/public_html/core/vendor/laravel/framework/src/Illuminate/Pipeline/Pipeline.php(171): Illuminate\\View\\Middleware\\ShareErrorsFromSession->handle()
#33 /home/v2.tradepander.com/public_html/core/vendor/laravel/framework/src/Illuminate/Session/Middleware/StartSession.php(56): Illuminate\\Pipeline\\Pipeline->Illuminate\\Pipeline\\{closure}()
#34 /home/v2.tradepander.com/public_html/core/vendor/laravel/framework/src/Illuminate/Pipeline/Pipeline.php(171): Illuminate\\Session\\Middleware\\StartSession->handle()
#35 /home/v2.tradepander.com/public_html/core/vendor/laravel/framework/src/Illuminate/Cookie/Middleware/AddQueuedCookiesToResponse.php(37): Illuminate\\Pipeline\\Pipeline->Illuminate\\Pipeline\\{closure}()
#36 /home/v2.tradepander.com/public_html/core/vendor/laravel/framework/src/Illuminate/Pipeline/Pipeline.php(171): Illuminate\\Cookie\\Middleware\\AddQueuedCookiesToResponse->handle()
#37 /home/v2.tradepander.com/public_html/core/vendor/laravel/framework/src/Illuminate/Cookie/Middleware/EncryptCookies.php(67): Illuminate\\Pipeline\\Pipeline->Illuminate\\Pipeline\\{closure}()
#38 /home/v2.tradepander.com/public_html/core/vendor/laravel/framework/src/Illuminate/Pipeline/Pipeline.php(171): Illuminate\\Cookie\\Middleware\\EncryptCookies->handle()
#39 /home/v2.tradepander.com/public_html/core/vendor/laravel/framework/src/Illuminate/Pipeline/Pipeline.php(105): Illuminate\\Pipeline\\Pipeline->Illuminate\\Pipeline\\{closure}()
#40 /home/v2.tradepander.com/public_html/core/vendor/laravel/framework/src/Illuminate/Routing/Router.php(683): Illuminate\\Pipeline\\Pipeline->then()
#41 /home/v2.tradepander.com/public_html/core/vendor/laravel/framework/src/Illuminate/Routing/Router.php(658): Illuminate\\Routing\\Router->runRouteWithinStack()
#42 /home/v2.tradepander.com/public_html/core/vendor/laravel/framework/src/Illuminate/Routing/Router.php(624): Illuminate\\Routing\\Router->runRoute()
#43 /home/v2.tradepander.com/public_html/core/vendor/laravel/framework/src/Illuminate/Routing/Router.php(613): Illuminate\\Routing\\Router->dispatchToRoute()
#44 /home/v2.tradepander.com/public_html/core/vendor/laravel/framework/src/Illuminate/Foundation/Http/Kernel.php(170): Illuminate\\Routing\\Router->dispatch()
#45 /home/v2.tradepander.com/public_html/core/vendor/laravel/framework/src/Illuminate/Pipeline/Pipeline.php(130): Illuminate\\Foundation\\Http\\Kernel->Illuminate\\Foundation\\Http\\{closure}()
#46 /home/v2.tradepander.com/public_html/core/vendor/fideloper/proxy/src/TrustProxies.php(57): Illuminate\\Pipeline\\Pipeline->Illuminate\\Pipeline\\{closure}()
#47 /home/v2.tradepander.com/public_html/core/vendor/laravel/framework/src/Illuminate/Pipeline/Pipeline.php(171): Fideloper\\Proxy\\TrustProxies->handle()
#48 /home/v2.tradepander.com/public_html/core/vendor/laravel/framework/src/Illuminate/Foundation/Http/Middleware/TransformsRequest.php(21): Illuminate\\Pipeline\\Pipeline->Illuminate\\Pipeline\\{closure}()
#49 /home/v2.tradepander.com/public_html/core/vendor/laravel/framework/src/Illuminate/Pipeline/Pipeline.php(171): Illuminate\\Foundation\\Http\\Middleware\\TransformsRequest->handle()
#50 /home/v2.tradepander.com/public_html/core/vendor/laravel/framework/src/Illuminate/Foundation/Http/Middleware/TransformsRequest.php(21): Illuminate\\Pipeline\\Pipeline->Illuminate\\Pipeline\\{closure}()
#51 /home/v2.tradepander.com/public_html/core/vendor/laravel/framework/src/Illuminate/Pipeline/Pipeline.php(171): Illuminate\\Foundation\\Http\\Middleware\\TransformsRequest->handle()
#52 /home/v2.tradepander.com/public_html/core/vendor/laravel/framework/src/Illuminate/Foundation/Http/Middleware/ValidatePostSize.php(27): Illuminate\\Pipeline\\Pipeline->Illuminate\\Pipeline\\{closure}()
#53 /home/v2.tradepander.com/public_html/core/vendor/laravel/framework/src/Illuminate/Pipeline/Pipeline.php(171): Illuminate\\Foundation\\Http\\Middleware\\ValidatePostSize->handle()
#54 /home/v2.tradepander.com/public_html/core/vendor/laravel/framework/src/Illuminate/Foundation/Http/Middleware/CheckForMaintenanceMode.php(63): Illuminate\\Pipeline\\Pipeline->Illuminate\\Pipeline\\{closure}()
#55 /home/v2.tradepander.com/public_html/core/vendor/laravel/framework/src/Illuminate/Pipeline/Pipeline.php(171): Illuminate\\Foundation\\Http\\Middleware\\CheckForMaintenanceMode->handle()
#56 /home/v2.tradepander.com/public_html/core/vendor/laravel/framework/src/Illuminate/Pipeline/Pipeline.php(105): Illuminate\\Pipeline\\Pipeline->Illuminate\\Pipeline\\{closure}()
#57 /home/v2.tradepander.com/public_html/core/vendor/laravel/framework/src/Illuminate/Foundation/Http/Kernel.php(145): Illuminate\\Pipeline\\Pipeline->then()
#58 /home/v2.tradepander.com/public_html/core/vendor/laravel/framework/src/Illuminate/Foundation/Http/Kernel.php(110): Illuminate\\Foundation\\Http\\Kernel->sendRequestThroughRouter()
#59 /home/v2.tradepander.com/public_html/index.php(55): Illuminate\\Foundation\\Http\\Kernel->handle()
#60 {main}
"} 
[2021-02-27 06:44:15] production.ERROR: SQLSTATE[22001]: String data, right truncated: 1406 Data too long for column 'username' at row 1 (SQL: insert into `users` (`firstname`, `lastname`, `email`, `username`, `pwd`, `act_code`, `status`, `referal`, `reg_date`, `currency`, `updated_at`, `created_at`) values (Precious, Israel, preciousisrael79@gmail.com, Pre247_positive_there, $2y$10$t22Ov7dviVZqYM0sEb24WeLaM72OtylqoY2GY53VeMeatu0/RmmUi, 23991614408255, 0, TexyTv, 27-02-2021, $, 2021-02-27 06:44:15, 2021-02-27 06:44:15)) {"exception":"[object] (Illuminate\\Database\\QueryException(code: 22001): SQLSTATE[22001]: String data, right truncated: 1406 Data too long for column 'username' at row 1 (SQL: insert into `users` (`firstname`, `lastname`, `email`, `username`, `pwd`, `act_code`, `status`, `referal`, `reg_date`, `currency`, `updated_at`, `created_at`) values (Precious, Israel, preciousisrael79@gmail.com, Pre247_positive_there, $2y$10$t22Ov7dviVZqYM0sEb24WeLaM72OtylqoY2GY53VeMeatu0/RmmUi, 23991614408255, 0, TexyTv, 27-02-2021, $, 2021-02-27 06:44:15, 2021-02-27 06:44:15)) at /home/v2.tradepander.com/public_html/core/vendor/laravel/framework/src/Illuminate/Database/Connection.php:669)
[stacktrace]
#0 /home/v2.tradepander.com/public_html/core/vendor/laravel/framework/src/Illuminate/Database/Connection.php(629): Illuminate\\Database\\Connection->runQueryCallback()
#1 /home/v2.tradepander.com/public_html/core/vendor/laravel/framework/src/Illuminate/Database/Connection.php(464): Illuminate\\Database\\Connection->run()
#2 /home/v2.tradepander.com/public_html/core/vendor/laravel/framework/src/Illuminate/Database/Connection.php(416): Illuminate\\Database\\Connection->statement()
#3 /home/v2.tradepander.com/public_html/core/vendor/laravel/framework/src/Illuminate/Database/Query/Processors/Processor.php(32): Illuminate\\Database\\Connection->insert()
#4 /home/v2.tradepander.com/public_html/core/vendor/laravel/framework/src/Illuminate/Database/Query/Builder.php(2695): Illuminate\\Database\\Query\\Processors\\Processor->processInsertGetId()
#5 /home/v2.tradepander.com/public_html/core/vendor/laravel/framework/src/Illuminate/Database/Eloquent/Builder.php(1366): Illuminate\\Database\\Query\\Builder->insertGetId()
#6 /home/v2.tradepander.com/public_html/core/vendor/laravel/framework/src/Illuminate/Database/Eloquent/Model.php(840): Illuminate\\Database\\Eloquent\\Builder->__call()
#7 /home/v2.tradepander.com/public_html/core/vendor/laravel/framework/src/Illuminate/Database/Eloquent/Model.php(805): Illuminate\\Database\\Eloquent\\Model->insertAndSetId()
#8 /home/v2.tradepander.com/public_html/core/vendor/laravel/framework/src/Illuminate/Database/Eloquent/Model.php(668): Illuminate\\Database\\Eloquent\\Model->performInsert()
#9 /home/v2.tradepander.com/public_html/core/vendor/laravel/framework/src/Illuminate/Database/Eloquent/Builder.php(765): Illuminate\\Database\\Eloquent\\Model->save()
#10 /home/v2.tradepander.com/public_html/core/vendor/laravel/framework/src/Illuminate/Support/helpers.php(422): Illuminate\\Database\\Eloquent\\Builder->Illuminate\\Database\\Eloquent\\{closure}()
#11 /home/v2.tradepander.com/public_html/core/vendor/laravel/framework/src/Illuminate/Database/Eloquent/Builder.php(766): tap()
#12 /home/v2.tradepander.com/public_html/core/vendor/laravel/framework/src/Illuminate/Support/Traits/ForwardsCalls.php(23): Illuminate\\Database\\Eloquent\\Builder->create()
#13 /home/v2.tradepander.com/public_html/core/vendor/laravel/framework/src/Illuminate/Database/Eloquent/Model.php(1622): Illuminate\\Database\\Eloquent\\Model->forwardCallTo()
#14 /home/v2.tradepander.com/public_html/core/vendor/laravel/framework/src/Illuminate/Database/Eloquent/Model.php(1634): Illuminate\\Database\\Eloquent\\Model->__call()
#15 /home/v2.tradepander.com/public_html/core/app/Http/Controllers/Auth/RegisterController.php(100): Illuminate\\Database\\Eloquent\\Model::__callStatic()
#16 /home/v2.tradepander.com/public_html/core/vendor/laravel/framework/src/Illuminate/Foundation/Auth/RegistersUsers.php(33): App\\Http\\Controllers\\Auth\\RegisterController->create()
#17 [internal function]: App\\Http\\Controllers\\Auth\\RegisterController->register()
#18 /home/v2.tradepander.com/public_html/core/vendor/laravel/framework/src/Illuminate/Routing/Controller.php(54): call_user_func_array()
#19 /home/v2.tradepander.com/public_html/core/vendor/laravel/framework/src/Illuminate/Routing/ControllerDispatcher.php(45): Illuminate\\Routing\\Controller->callAction()
#20 /home/v2.tradepander.com/public_html/core/vendor/laravel/framework/src/Illuminate/Routing/Route.php(219): Illuminate\\Routing\\ControllerDispatcher->dispatch()
#21 /home/v2.tradepander.com/public_html/core/vendor/laravel/framework/src/Illuminate/Routing/Route.php(176): Illuminate\\Routing\\Route->runController()
#22 /home/v2.tradepander.com/public_html/core/vendor/laravel/framework/src/Illuminate/Routing/Router.php(681): Illuminate\\Routing\\Route->run()
#23 /home/v2.tradepander.com/public_html/core/vendor/laravel/framework/src/Illuminate/Pipeline/Pipeline.php(130): Illuminate\\Routing\\Router->Illuminate\\Routing\\{closure}()
#24 /home/v2.tradepander.com/public_html/core/app/Http/Middleware/RedirectIfAuthenticated.php(25): Illuminate\\Pipeline\\Pipeline->Illuminate\\Pipeline\\{closure}()
#25 /home/v2.tradepander.com/public_html/core/vendor/laravel/framework/src/Illuminate/Pipeline/Pipeline.php(171): App\\Http\\Middleware\\RedirectIfAuthenticated->handle()
#26 /home/v2.tradepander.com/public_html/core/vendor/laravel/framework/src/Illuminate/Routing/Middleware/SubstituteBindings.php(41): Illuminate\\Pipeline\\Pipeline->Illuminate\\Pipeline\\{closure}()
#27 /home/v2.tradepander.com/public_html/core/vendor/laravel/framework/src/Illuminate/Pipeline/Pipeline.php(171): Illuminate\\Routing\\Middleware\\SubstituteBindings->handle()
#28 /home/v2.tradepander.com/public_html/core/vendor/laravel/framework/src/Illuminate/View/Middleware/ShareErrorsFromSession.php(49): Illuminate\\Pipeline\\Pipeline->Illuminate\\Pipeline\\{closure}()
#29 /home/v2.tradepander.com/public_html/core/vendor/laravel/framework/src/Illuminate/Pipeline/Pipeline.php(171): Illuminate\\View\\Middleware\\ShareErrorsFromSession->handle()
#30 /home/v2.tradepander.com/public_html/core/vendor/laravel/framework/src/Illuminate/Session/Middleware/StartSession.php(56): Illuminate\\Pipeline\\Pipeline->Illuminate\\Pipeline\\{closure}()
#31 /home/v2.tradepander.com/public_html/core/vendor/laravel/framework/src/Illuminate/Pipeline/Pipeline.php(171): Illuminate\\Session\\Middleware\\StartSession->handle()
#32 /home/v2.tradepander.com/public_html/core/vendor/laravel/framework/src/Illuminate/Cookie/Middleware/AddQueuedCookiesToResponse.php(37): Illuminate\\Pipeline\\Pipeline->Illuminate\\Pipeline\\{closure}()
#33 /home/v2.tradepander.com/public_html/core/vendor/laravel/framework/src/Illuminate/Pipeline/Pipeline.php(171): Illuminate\\Cookie\\Middleware\\AddQueuedCookiesToResponse->handle()
#34 /home/v2.tradepander.com/public_html/core/vendor/laravel/framework/src/Illuminate/Cookie/Middleware/EncryptCookies.php(67): Illuminate\\Pipeline\\Pipeline->Illuminate\\Pipeline\\{closure}()
#35 /home/v2.tradepander.com/public_html/core/vendor/laravel/framework/src/Illuminate/Pipeline/Pipeline.php(171): Illuminate\\Cookie\\Middleware\\EncryptCookies->handle()
#36 /home/v2.tradepander.com/public_html/core/vendor/laravel/framework/src/Illuminate/Pipeline/Pipeline.php(105): Illuminate\\Pipeline\\Pipeline->Illuminate\\Pipeline\\{closure}()
#37 /home/v2.tradepander.com/public_html/core/vendor/laravel/framework/src/Illuminate/Routing/Router.php(683): Illuminate\\Pipeline\\Pipeline->then()
#38 /home/v2.tradepander.com/public_html/core/vendor/laravel/framework/src/Illuminate/Routing/Router.php(658): Illuminate\\Routing\\Router->runRouteWithinStack()
#39 /home/v2.tradepander.com/public_html/core/vendor/laravel/framework/src/Illuminate/Routing/Router.php(624): Illuminate\\Routing\\Router->runRoute()
#40 /home/v2.tradepander.com/public_html/core/vendor/laravel/framework/src/Illuminate/Routing/Router.php(613): Illuminate\\Routing\\Router->dispatchToRoute()
#41 /home/v2.tradepander.com/public_html/core/vendor/laravel/framework/src/Illuminate/Foundation/Http/Kernel.php(170): Illuminate\\Routing\\Router->dispatch()
#42 /home/v2.tradepander.com/public_html/core/vendor/laravel/framework/src/Illuminate/Pipeline/Pipeline.php(130): Illuminate\\Foundation\\Http\\Kernel->Illuminate\\Foundation\\Http\\{closure}()
#43 /home/v2.tradepander.com/public_html/core/vendor/fideloper/proxy/src/TrustProxies.php(57): Illuminate\\Pipeline\\Pipeline->Illuminate\\Pipeline\\{closure}()
#44 /home/v2.tradepander.com/public_html/core/vendor/laravel/framework/src/Illuminate/Pipeline/Pipeline.php(171): Fideloper\\Proxy\\TrustProxies->handle()
#45 /home/v2.tradepander.com/public_html/core/vendor/laravel/framework/src/Illuminate/Foundation/Http/Middleware/TransformsRequest.php(21): Illuminate\\Pipeline\\Pipeline->Illuminate\\Pipeline\\{closure}()
#46 /home/v2.tradepander.com/public_html/core/vendor/laravel/framework/src/Illuminate/Pipeline/Pipeline.php(171): Illuminate\\Foundation\\Http\\Middleware\\TransformsRequest->handle()
#47 /home/v2.tradepander.com/public_html/core/vendor/laravel/framework/src/Illuminate/Foundation/Http/Middleware/TransformsRequest.php(21): Illuminate\\Pipeline\\Pipeline->Illuminate\\Pipeline\\{closure}()
#48 /home/v2.tradepander.com/public_html/core/vendor/laravel/framework/src/Illuminate/Pipeline/Pipeline.php(171): Illuminate\\Foundation\\Http\\Middleware\\TransformsRequest->handle()
#49 /home/v2.tradepander.com/public_html/core/vendor/laravel/framework/src/Illuminate/Foundation/Http/Middleware/ValidatePostSize.php(27): Illuminate\\Pipeline\\Pipeline->Illuminate\\Pipeline\\{closure}()
#50 /home/v2.tradepander.com/public_html/core/vendor/laravel/framework/src/Illuminate/Pipeline/Pipeline.php(171): Illuminate\\Foundation\\Http\\Middleware\\ValidatePostSize->handle()
#51 /home/v2.tradepander.com/public_html/core/vendor/laravel/framework/src/Illuminate/Foundation/Http/Middleware/CheckForMaintenanceMode.php(63): Illuminate\\Pipeline\\Pipeline->Illuminate\\Pipeline\\{closure}()
#52 /home/v2.tradepander.com/public_html/core/vendor/laravel/framework/src/Illuminate/Pipeline/Pipeline.php(171): Illuminate\\Foundation\\Http\\Middleware\\CheckForMaintenanceMode->handle()
#53 /home/v2.tradepander.com/public_html/core/vendor/laravel/framework/src/Illuminate/Pipeline/Pipeline.php(105): Illuminate\\Pipeline\\Pipeline->Illuminate\\Pipeline\\{closure}()
#54 /home/v2.tradepander.com/public_html/core/vendor/laravel/framework/src/Illuminate/Foundation/Http/Kernel.php(145): Illuminate\\Pipeline\\Pipeline->then()
#55 /home/v2.tradepander.com/public_html/core/vendor/laravel/framework/src/Illuminate/Foundation/Http/Kernel.php(110): Illuminate\\Foundation\\Http\\Kernel->sendRequestThroughRouter()
#56 /home/v2.tradepander.com/public_html/index.php(55): Illuminate\\Foundation\\Http\\Kernel->handle()
#57 {main}

[previous exception] [object] (Doctrine\\DBAL\\Driver\\PDOException(code: 22001): SQLSTATE[22001]: String data, right truncated: 1406 Data too long for column 'username' at row 1 at /home/v2.tradepander.com/public_html/core/vendor/doctrine/dbal/lib/Doctrine/DBAL/Driver/PDOStatement.php:129)
[stacktrace]
#0 /home/v2.tradepander.com/public_html/core/vendor/laravel/framework/src/Illuminate/Database/Connection.php(463): Doctrine\\DBAL\\Driver\\PDOStatement->execute()
#1 /home/v2.tradepander.com/public_html/core/vendor/laravel/framework/src/Illuminate/Database/Connection.php(662): Illuminate\\Database\\Connection->Illuminate\\Database\\{closure}()
#2 /home/v2.tradepander.com/public_html/core/vendor/laravel/framework/src/Illuminate/Database/Connection.php(629): Illuminate\\Database\\Connection->runQueryCallback()
#3 /home/v2.tradepander.com/public_html/core/vendor/laravel/framework/src/Illuminate/Database/Connection.php(464): Illuminate\\Database\\Connection->run()
#4 /home/v2.tradepander.com/public_html/core/vendor/laravel/framework/src/Illuminate/Database/Connection.php(416): Illuminate\\Database\\Connection->statement()
#5 /home/v2.tradepander.com/public_html/core/vendor/laravel/framework/src/Illuminate/Database/Query/Processors/Processor.php(32): Illuminate\\Database\\Connection->insert()
#6 /home/v2.tradepander.com/public_html/core/vendor/laravel/framework/src/Illuminate/Database/Query/Builder.php(2695): Illuminate\\Database\\Query\\Processors\\Processor->processInsertGetId()
#7 /home/v2.tradepander.com/public_html/core/vendor/laravel/framework/src/Illuminate/Database/Eloquent/Builder.php(1366): Illuminate\\Database\\Query\\Builder->insertGetId()
#8 /home/v2.tradepander.com/public_html/core/vendor/laravel/framework/src/Illuminate/Database/Eloquent/Model.php(840): Illuminate\\Database\\Eloquent\\Builder->__call()
#9 /home/v2.tradepander.com/public_html/core/vendor/laravel/framework/src/Illuminate/Database/Eloquent/Model.php(805): Illuminate\\Database\\Eloquent\\Model->insertAndSetId()
#10 /home/v2.tradepander.com/public_html/core/vendor/laravel/framework/src/Illuminate/Database/Eloquent/Model.php(668): Illuminate\\Database\\Eloquent\\Model->performInsert()
#11 /home/v2.tradepander.com/public_html/core/vendor/laravel/framework/src/Illuminate/Database/Eloquent/Builder.php(765): Illuminate\\Database\\Eloquent\\Model->save()
#12 /home/v2.tradepander.com/public_html/core/vendor/laravel/framework/src/Illuminate/Support/helpers.php(422): Illuminate\\Database\\Eloquent\\Builder->Illuminate\\Database\\Eloquent\\{closure}()
#13 /home/v2.tradepander.com/public_html/core/vendor/laravel/framework/src/Illuminate/Database/Eloquent/Builder.php(766): tap()
#14 /home/v2.tradepander.com/public_html/core/vendor/laravel/framework/src/Illuminate/Support/Traits/ForwardsCalls.php(23): Illuminate\\Database\\Eloquent\\Builder->create()
#15 /home/v2.tradepander.com/public_html/core/vendor/laravel/framework/src/Illuminate/Database/Eloquent/Model.php(1622): Illuminate\\Database\\Eloquent\\Model->forwardCallTo()
#16 /home/v2.tradepander.com/public_html/core/vendor/laravel/framework/src/Illuminate/Database/Eloquent/Model.php(1634): Illuminate\\Database\\Eloquent\\Model->__call()
#17 /home/v2.tradepander.com/public_html/core/app/Http/Controllers/Auth/RegisterController.php(100): Illuminate\\Database\\Eloquent\\Model::__callStatic()
#18 /home/v2.tradepander.com/public_html/core/vendor/laravel/framework/src/Illuminate/Foundation/Auth/RegistersUsers.php(33): App\\Http\\Controllers\\Auth\\RegisterController->create()
#19 [internal function]: App\\Http\\Controllers\\Auth\\RegisterController->register()
#20 /home/v2.tradepander.com/public_html/core/vendor/laravel/framework/src/Illuminate/Routing/Controller.php(54): call_user_func_array()
#21 /home/v2.tradepander.com/public_html/core/vendor/laravel/framework/src/Illuminate/Routing/ControllerDispatcher.php(45): Illuminate\\Routing\\Controller->callAction()
#22 /home/v2.tradepander.com/public_html/core/vendor/laravel/framework/src/Illuminate/Routing/Route.php(219): Illuminate\\Routing\\ControllerDispatcher->dispatch()
#23 /home/v2.tradepander.com/public_html/core/vendor/laravel/framework/src/Illuminate/Routing/Route.php(176): Illuminate\\Routing\\Route->runController()
#24 /home/v2.tradepander.com/public_html/core/vendor/laravel/framework/src/Illuminate/Routing/Router.php(681): Illuminate\\Routing\\Route->run()
#25 /home/v2.tradepander.com/public_html/core/vendor/laravel/framework/src/Illuminate/Pipeline/Pipeline.php(130): Illuminate\\Routing\\Router->Illuminate\\Routing\\{closure}()
#26 /home/v2.tradepander.com/public_html/core/app/Http/Middleware/RedirectIfAuthenticated.php(25): Illuminate\\Pipeline\\Pipeline->Illuminate\\Pipeline\\{closure}()
#27 /home/v2.tradepander.com/public_html/core/vendor/laravel/framework/src/Illuminate/Pipeline/Pipeline.php(171): App\\Http\\Middleware\\RedirectIfAuthenticated->handle()
#28 /home/v2.tradepander.com/public_html/core/vendor/laravel/framework/src/Illuminate/Routing/Middleware/SubstituteBindings.php(41): Illuminate\\Pipeline\\Pipeline->Illuminate\\Pipeline\\{closure}()
#29 /home/v2.tradepander.com/public_html/core/vendor/laravel/framework/src/Illuminate/Pipeline/Pipeline.php(171): Illuminate\\Routing\\Middleware\\SubstituteBindings->handle()
#30 /home/v2.tradepander.com/public_html/core/vendor/laravel/framework/src/Illuminate/View/Middleware/ShareErrorsFromSession.php(49): Illuminate\\Pipeline\\Pipeline->Illuminate\\Pipeline\\{closure}()
#31 /home/v2.tradepander.com/public_html/core/vendor/laravel/framework/src/Illuminate/Pipeline/Pipeline.php(171): Illuminate\\View\\Middleware\\ShareErrorsFromSession->handle()
#32 /home/v2.tradepander.com/public_html/core/vendor/laravel/framework/src/Illuminate/Session/Middleware/StartSession.php(56): Illuminate\\Pipeline\\Pipeline->Illuminate\\Pipeline\\{closure}()
#33 /home/v2.tradepander.com/public_html/core/vendor/laravel/framework/src/Illuminate/Pipeline/Pipeline.php(171): Illuminate\\Session\\Middleware\\StartSession->handle()
#34 /home/v2.tradepander.com/public_html/core/vendor/laravel/framework/src/Illuminate/Cookie/Middleware/AddQueuedCookiesToResponse.php(37): Illuminate\\Pipeline\\Pipeline->Illuminate\\Pipeline\\{closure}()
#35 /home/v2.tradepander.com/public_html/core/vendor/laravel/framework/src/Illuminate/Pipeline/Pipeline.php(171): Illuminate\\Cookie\\Middleware\\AddQueuedCookiesToResponse->handle()
#36 /home/v2.tradepander.com/public_html/core/vendor/laravel/framework/src/Illuminate/Cookie/Middleware/EncryptCookies.php(67): Illuminate\\Pipeline\\Pipeline->Illuminate\\Pipeline\\{closure}()
#37 /home/v2.tradepander.com/public_html/core/vendor/laravel/framework/src/Illuminate/Pipeline/Pipeline.php(171): Illuminate\\Cookie\\Middleware\\EncryptCookies->handle()
#38 /home/v2.tradepander.com/public_html/core/vendor/laravel/framework/src/Illuminate/Pipeline/Pipeline.php(105): Illuminate\\Pipeline\\Pipeline->Illuminate\\Pipeline\\{closure}()
#39 /home/v2.tradepander.com/public_html/core/vendor/laravel/framework/src/Illuminate/Routing/Router.php(683): Illuminate\\Pipeline\\Pipeline->then()
#40 /home/v2.tradepander.com/public_html/core/vendor/laravel/framework/src/Illuminate/Routing/Router.php(658): Illuminate\\Routing\\Router->runRouteWithinStack()
#41 /home/v2.tradepander.com/public_html/core/vendor/laravel/framework/src/Illuminate/Routing/Router.php(624): Illuminate\\Routing\\Router->runRoute()
#42 /home/v2.tradepander.com/public_html/core/vendor/laravel/framework/src/Illuminate/Routing/Router.php(613): Illuminate\\Routing\\Router->dispatchToRoute()
#43 /home/v2.tradepander.com/public_html/core/vendor/laravel/framework/src/Illuminate/Foundation/Http/Kernel.php(170): Illuminate\\Routing\\Router->dispatch()
#44 /home/v2.tradepander.com/public_html/core/vendor/laravel/framework/src/Illuminate/Pipeline/Pipeline.php(130): Illuminate\\Foundation\\Http\\Kernel->Illuminate\\Foundation\\Http\\{closure}()
#45 /home/v2.tradepander.com/public_html/core/vendor/fideloper/proxy/src/TrustProxies.php(57): Illuminate\\Pipeline\\Pipeline->Illuminate\\Pipeline\\{closure}()
#46 /home/v2.tradepander.com/public_html/core/vendor/laravel/framework/src/Illuminate/Pipeline/Pipeline.php(171): Fideloper\\Proxy\\TrustProxies->handle()
#47 /home/v2.tradepander.com/public_html/core/vendor/laravel/framework/src/Illuminate/Foundation/Http/Middleware/TransformsRequest.php(21): Illuminate\\Pipeline\\Pipeline->Illuminate\\Pipeline\\{closure}()
#48 /home/v2.tradepander.com/public_html/core/vendor/laravel/framework/src/Illuminate/Pipeline/Pipeline.php(171): Illuminate\\Foundation\\Http\\Middleware\\TransformsRequest->handle()
#49 /home/v2.tradepander.com/public_html/core/vendor/laravel/framework/src/Illuminate/Foundation/Http/Middleware/TransformsRequest.php(21): Illuminate\\Pipeline\\Pipeline->Illuminate\\Pipeline\\{closure}()
#50 /home/v2.tradepander.com/public_html/core/vendor/laravel/framework/src/Illuminate/Pipeline/Pipeline.php(171): Illuminate\\Foundation\\Http\\Middleware\\TransformsRequest->handle()
#51 /home/v2.tradepander.com/public_html/core/vendor/laravel/framework/src/Illuminate/Foundation/Http/Middleware/ValidatePostSize.php(27): Illuminate\\Pipeline\\Pipeline->Illuminate\\Pipeline\\{closure}()
#52 /home/v2.tradepander.com/public_html/core/vendor/laravel/framework/src/Illuminate/Pipeline/Pipeline.php(171): Illuminate\\Foundation\\Http\\Middleware\\ValidatePostSize->handle()
#53 /home/v2.tradepander.com/public_html/core/vendor/laravel/framework/src/Illuminate/Foundation/Http/Middleware/CheckForMaintenanceMode.php(63): Illuminate\\Pipeline\\Pipeline->Illuminate\\Pipeline\\{closure}()
#54 /home/v2.tradepander.com/public_html/core/vendor/laravel/framework/src/Illuminate/Pipeline/Pipeline.php(171): Illuminate\\Foundation\\Http\\Middleware\\CheckForMaintenanceMode->handle()
#55 /home/v2.tradepander.com/public_html/core/vendor/laravel/framework/src/Illuminate/Pipeline/Pipeline.php(105): Illuminate\\Pipeline\\Pipeline->Illuminate\\Pipeline\\{closure}()
#56 /home/v2.tradepander.com/public_html/core/vendor/laravel/framework/src/Illuminate/Foundation/Http/Kernel.php(145): Illuminate\\Pipeline\\Pipeline->then()
#57 /home/v2.tradepander.com/public_html/core/vendor/laravel/framework/src/Illuminate/Foundation/Http/Kernel.php(110): Illuminate\\Foundation\\Http\\Kernel->sendRequestThroughRouter()
#58 /home/v2.tradepander.com/public_html/index.php(55): Illuminate\\Foundation\\Http\\Kernel->handle()
#59 {main}

[previous exception] [object] (PDOException(code: 22001): SQLSTATE[22001]: String data, right truncated: 1406 Data too long for column 'username' at row 1 at /home/v2.tradepander.com/public_html/core/vendor/doctrine/dbal/lib/Doctrine/DBAL/Driver/PDOStatement.php:127)
[stacktrace]
#0 /home/v2.tradepander.com/public_html/core/vendor/doctrine/dbal/lib/Doctrine/DBAL/Driver/PDOStatement.php(127): PDOStatement->execute()
#1 /home/v2.tradepander.com/public_html/core/vendor/laravel/framework/src/Illuminate/Database/Connection.php(463): Doctrine\\DBAL\\Driver\\PDOStatement->execute()
#2 /home/v2.tradepander.com/public_html/core/vendor/laravel/framework/src/Illuminate/Database/Connection.php(662): Illuminate\\Database\\Connection->Illuminate\\Database\\{closure}()
#3 /home/v2.tradepander.com/public_html/core/vendor/laravel/framework/src/Illuminate/Database/Connection.php(629): Illuminate\\Database\\Connection->runQueryCallback()
#4 /home/v2.tradepander.com/public_html/core/vendor/laravel/framework/src/Illuminate/Database/Connection.php(464): Illuminate\\Database\\Connection->run()
#5 /home/v2.tradepander.com/public_html/core/vendor/laravel/framework/src/Illuminate/Database/Connection.php(416): Illuminate\\Database\\Connection->statement()
#6 /home/v2.tradepander.com/public_html/core/vendor/laravel/framework/src/Illuminate/Database/Query/Processors/Processor.php(32): Illuminate\\Database\\Connection->insert()
#7 /home/v2.tradepander.com/public_html/core/vendor/laravel/framework/src/Illuminate/Database/Query/Builder.php(2695): Illuminate\\Database\\Query\\Processors\\Processor->processInsertGetId()
#8 /home/v2.tradepander.com/public_html/core/vendor/laravel/framework/src/Illuminate/Database/Eloquent/Builder.php(1366): Illuminate\\Database\\Query\\Builder->insertGetId()
#9 /home/v2.tradepander.com/public_html/core/vendor/laravel/framework/src/Illuminate/Database/Eloquent/Model.php(840): Illuminate\\Database\\Eloquent\\Builder->__call()
#10 /home/v2.tradepander.com/public_html/core/vendor/laravel/framework/src/Illuminate/Database/Eloquent/Model.php(805): Illuminate\\Database\\Eloquent\\Model->insertAndSetId()
#11 /home/v2.tradepander.com/public_html/core/vendor/laravel/framework/src/Illuminate/Database/Eloquent/Model.php(668): Illuminate\\Database\\Eloquent\\Model->performInsert()
#12 /home/v2.tradepander.com/public_html/core/vendor/laravel/framework/src/Illuminate/Database/Eloquent/Builder.php(765): Illuminate\\Database\\Eloquent\\Model->save()
#13 /home/v2.tradepander.com/public_html/core/vendor/laravel/framework/src/Illuminate/Support/helpers.php(422): Illuminate\\Database\\Eloquent\\Builder->Illuminate\\Database\\Eloquent\\{closure}()
#14 /home/v2.tradepander.com/public_html/core/vendor/laravel/framework/src/Illuminate/Database/Eloquent/Builder.php(766): tap()
#15 /home/v2.tradepander.com/public_html/core/vendor/laravel/framework/src/Illuminate/Support/Traits/ForwardsCalls.php(23): Illuminate\\Database\\Eloquent\\Builder->create()
#16 /home/v2.tradepander.com/public_html/core/vendor/laravel/framework/src/Illuminate/Database/Eloquent/Model.php(1622): Illuminate\\Database\\Eloquent\\Model->forwardCallTo()
#17 /home/v2.tradepander.com/public_html/core/vendor/laravel/framework/src/Illuminate/Database/Eloquent/Model.php(1634): Illuminate\\Database\\Eloquent\\Model->__call()
#18 /home/v2.tradepander.com/public_html/core/app/Http/Controllers/Auth/RegisterController.php(100): Illuminate\\Database\\Eloquent\\Model::__callStatic()
#19 /home/v2.tradepander.com/public_html/core/vendor/laravel/framework/src/Illuminate/Foundation/Auth/RegistersUsers.php(33): App\\Http\\Controllers\\Auth\\RegisterController->create()
#20 [internal function]: App\\Http\\Controllers\\Auth\\RegisterController->register()
#21 /home/v2.tradepander.com/public_html/core/vendor/laravel/framework/src/Illuminate/Routing/Controller.php(54): call_user_func_array()
#22 /home/v2.tradepander.com/public_html/core/vendor/laravel/framework/src/Illuminate/Routing/ControllerDispatcher.php(45): Illuminate\\Routing\\Controller->callAction()
#23 /home/v2.tradepander.com/public_html/core/vendor/laravel/framework/src/Illuminate/Routing/Route.php(219): Illuminate\\Routing\\ControllerDispatcher->dispatch()
#24 /home/v2.tradepander.com/public_html/core/vendor/laravel/framework/src/Illuminate/Routing/Route.php(176): Illuminate\\Routing\\Route->runController()
#25 /home/v2.tradepander.com/public_html/core/vendor/laravel/framework/src/Illuminate/Routing/Router.php(681): Illuminate\\Routing\\Route->run()
#26 /home/v2.tradepander.com/public_html/core/vendor/laravel/framework/src/Illuminate/Pipeline/Pipeline.php(130): Illuminate\\Routing\\Router->Illuminate\\Routing\\{closure}()
#27 /home/v2.tradepander.com/public_html/core/app/Http/Middleware/RedirectIfAuthenticated.php(25): Illuminate\\Pipeline\\Pipeline->Illuminate\\Pipeline\\{closure}()
#28 /home/v2.tradepander.com/public_html/core/vendor/laravel/framework/src/Illuminate/Pipeline/Pipeline.php(171): App\\Http\\Middleware\\RedirectIfAuthenticated->handle()
#29 /home/v2.tradepander.com/public_html/core/vendor/laravel/framework/src/Illuminate/Routing/Middleware/SubstituteBindings.php(41): Illuminate\\Pipeline\\Pipeline->Illuminate\\Pipeline\\{closure}()
#30 /home/v2.tradepander.com/public_html/core/vendor/laravel/framework/src/Illuminate/Pipeline/Pipeline.php(171): Illuminate\\Routing\\Middleware\\SubstituteBindings->handle()
#31 /home/v2.tradepander.com/public_html/core/vendor/laravel/framework/src/Illuminate/View/Middleware/ShareErrorsFromSession.php(49): Illuminate\\Pipeline\\Pipeline->Illuminate\\Pipeline\\{closure}()
#32 /home/v2.tradepander.com/public_html/core/vendor/laravel/framework/src/Illuminate/Pipeline/Pipeline.php(171): Illuminate\\View\\Middleware\\ShareErrorsFromSession->handle()
#33 /home/v2.tradepander.com/public_html/core/vendor/laravel/framework/src/Illuminate/Session/Middleware/StartSession.php(56): Illuminate\\Pipeline\\Pipeline->Illuminate\\Pipeline\\{closure}()
#34 /home/v2.tradepander.com/public_html/core/vendor/laravel/framework/src/Illuminate/Pipeline/Pipeline.php(171): Illuminate\\Session\\Middleware\\StartSession->handle()
#35 /home/v2.tradepander.com/public_html/core/vendor/laravel/framework/src/Illuminate/Cookie/Middleware/AddQueuedCookiesToResponse.php(37): Illuminate\\Pipeline\\Pipeline->Illuminate\\Pipeline\\{closure}()
#36 /home/v2.tradepander.com/public_html/core/vendor/laravel/framework/src/Illuminate/Pipeline/Pipeline.php(171): Illuminate\\Cookie\\Middleware\\AddQueuedCookiesToResponse->handle()
#37 /home/v2.tradepander.com/public_html/core/vendor/laravel/framework/src/Illuminate/Cookie/Middleware/EncryptCookies.php(67): Illuminate\\Pipeline\\Pipeline->Illuminate\\Pipeline\\{closure}()
#38 /home/v2.tradepander.com/public_html/core/vendor/laravel/framework/src/Illuminate/Pipeline/Pipeline.php(171): Illuminate\\Cookie\\Middleware\\EncryptCookies->handle()
#39 /home/v2.tradepander.com/public_html/core/vendor/laravel/framework/src/Illuminate/Pipeline/Pipeline.php(105): Illuminate\\Pipeline\\Pipeline->Illuminate\\Pipeline\\{closure}()
#40 /home/v2.tradepander.com/public_html/core/vendor/laravel/framework/src/Illuminate/Routing/Router.php(683): Illuminate\\Pipeline\\Pipeline->then()
#41 /home/v2.tradepander.com/public_html/core/vendor/laravel/framework/src/Illuminate/Routing/Router.php(658): Illuminate\\Routing\\Router->runRouteWithinStack()
#42 /home/v2.tradepander.com/public_html/core/vendor/laravel/framework/src/Illuminate/Routing/Router.php(624): Illuminate\\Routing\\Router->runRoute()
#43 /home/v2.tradepander.com/public_html/core/vendor/laravel/framework/src/Illuminate/Routing/Router.php(613): Illuminate\\Routing\\Router->dispatchToRoute()
#44 /home/v2.tradepander.com/public_html/core/vendor/laravel/framework/src/Illuminate/Foundation/Http/Kernel.php(170): Illuminate\\Routing\\Router->dispatch()
#45 /home/v2.tradepander.com/public_html/core/vendor/laravel/framework/src/Illuminate/Pipeline/Pipeline.php(130): Illuminate\\Foundation\\Http\\Kernel->Illuminate\\Foundation\\Http\\{closure}()
#46 /home/v2.tradepander.com/public_html/core/vendor/fideloper/proxy/src/TrustProxies.php(57): Illuminate\\Pipeline\\Pipeline->Illuminate\\Pipeline\\{closure}()
#47 /home/v2.tradepander.com/public_html/core/vendor/laravel/framework/src/Illuminate/Pipeline/Pipeline.php(171): Fideloper\\Proxy\\TrustProxies->handle()
#48 /home/v2.tradepander.com/public_html/core/vendor/laravel/framework/src/Illuminate/Foundation/Http/Middleware/TransformsRequest.php(21): Illuminate\\Pipeline\\Pipeline->Illuminate\\Pipeline\\{closure}()
#49 /home/v2.tradepander.com/public_html/core/vendor/laravel/framework/src/Illuminate/Pipeline/Pipeline.php(171): Illuminate\\Foundation\\Http\\Middleware\\TransformsRequest->handle()
#50 /home/v2.tradepander.com/public_html/core/vendor/laravel/framework/src/Illuminate/Foundation/Http/Middleware/TransformsRequest.php(21): Illuminate\\Pipeline\\Pipeline->Illuminate\\Pipeline\\{closure}()
#51 /home/v2.tradepander.com/public_html/core/vendor/laravel/framework/src/Illuminate/Pipeline/Pipeline.php(171): Illuminate\\Foundation\\Http\\Middleware\\TransformsRequest->handle()
#52 /home/v2.tradepander.com/public_html/core/vendor/laravel/framework/src/Illuminate/Foundation/Http/Middleware/ValidatePostSize.php(27): Illuminate\\Pipeline\\Pipeline->Illuminate\\Pipeline\\{closure}()
#53 /home/v2.tradepander.com/public_html/core/vendor/laravel/framework/src/Illuminate/Pipeline/Pipeline.php(171): Illuminate\\Foundation\\Http\\Middleware\\ValidatePostSize->handle()
#54 /home/v2.tradepander.com/public_html/core/vendor/laravel/framework/src/Illuminate/Foundation/Http/Middleware/CheckForMaintenanceMode.php(63): Illuminate\\Pipeline\\Pipeline->Illuminate\\Pipeline\\{closure}()
#55 /home/v2.tradepander.com/public_html/core/vendor/laravel/framework/src/Illuminate/Pipeline/Pipeline.php(171): Illuminate\\Foundation\\Http\\Middleware\\CheckForMaintenanceMode->handle()
#56 /home/v2.tradepander.com/public_html/core/vendor/laravel/framework/src/Illuminate/Pipeline/Pipeline.php(105): Illuminate\\Pipeline\\Pipeline->Illuminate\\Pipeline\\{closure}()
#57 /home/v2.tradepander.com/public_html/core/vendor/laravel/framework/src/Illuminate/Foundation/Http/Kernel.php(145): Illuminate\\Pipeline\\Pipeline->then()
#58 /home/v2.tradepander.com/public_html/core/vendor/laravel/framework/src/Illuminate/Foundation/Http/Kernel.php(110): Illuminate\\Foundation\\Http\\Kernel->sendRequestThroughRouter()
#59 /home/v2.tradepander.com/public_html/index.php(55): Illuminate\\Foundation\\Http\\Kernel->handle()
#60 {main}
"} 
